#
# There is insufficient memory for the Java Runtime Environment to continue.
# Native memory allocation (malloc) failed to allocate 32744 bytes for ChunkPool::allocate
# Possible reasons:
#   The system is out of physical RAM or swap space
#   The process is running with CompressedOops enabled, and the Java Heap may be blocking the growth of the native heap
# Possible solutions:
#   Reduce memory load on the system
#   Increase physical memory or swap space
#   Check if swap backing store is full
#   Decrease Java heap size (-Xmx/-Xms)
#   Decrease number of Java threads
#   Decrease Java thread stack sizes (-Xss)
#   Set larger code cache with -XX:ReservedCodeCacheSize=
#   JVM is running with Unscaled Compressed Oops mode in which the Java heap is
#     placed in the first 4GB address space. The Java Heap base address is the
#     maximum limit for the native heap growth. Please use -XX:HeapBaseMinAddress
#     to set the Java Heap base and to place the Java Heap above 4GB virtual address.
# This output file may be truncated or incomplete.
#
#  Out of Memory Error (t:/workspace/open/src/hotspot/share/memory/arena.cpp:80), pid=7180, tid=2796
#
# JRE version: Java(TM) SE Runtime Environment (13.0.2+8) (build 13.0.2+8)
# Java VM: Java HotSpot(TM) 64-Bit Server VM (13.0.2+8, mixed mode, sharing, tiered, compressed oops, g1 gc, windows-amd64)
# No core dump will be written. Minidumps are not enabled by default on client versions of Windows
#

---------------  S U M M A R Y ------------

Command Line: -ea -Dfile.encoding=Cp1252 org.testng.remote.RemoteTestNG -serport 53299 -protocol json -d C:\Users\ADMIN\Desktop\Codebase\Finsys\test-output C:\Users\ADMIN\AppData\Local\Temp\testng-eclipse-599365790\testng-customsuite.xml

Host: Intel(R) Core(TM) i5-9400F CPU @ 2.90GHz, 6 cores, 7G,  Windows 10 , 64 bit Build 18362 (10.0.18362.329)
Time: Thu Apr  2 15:31:52 2020 India Standard Time elapsed time: 61 seconds (0d 0h 1m 1s)

---------------  T H R E A D  ---------------

Current thread (0x00000201b26d9800):  VMThread "VM Thread" [stack: 0x0000003155900000,0x0000003155a00000] [id=2796]

Stack: [0x0000003155900000,0x0000003155a00000]
[error occurred during error reporting (printing stack bounds), id 0xc0000005, EXCEPTION_ACCESS_VIOLATION (0xc0000005) at pc=0x000002019c1310ad]

Native frames: (J=compiled Java code, j=interpreted, Vv=VM code, C=native code)
V  [jvm.dll+0x624f9a]
V  [jvm.dll+0x770cfa]
V  [jvm.dll+0x7724af]
V  [jvm.dll+0x772a15]
V  [jvm.dll+0x7729cb]
V  [jvm.dll+0x6244df]
C  [ntdll.dll+0x78636]
C  [ntdll.dll+0x6a0d6]
C  [ntdll.dll+0x9fe8e]
C  0x000002019c1310ad

VM_Operation (0x0000003156bff740): RevokeBias, mode: safepoint, requested by thread 0x00000201b3ad7000


---------------  P R O C E S S  ---------------

Threads class SMR info:
_java_thread_list=0x00000201b40fc150, length=17, elements={
0x0000020193c33000, 0x00000201b26da000, 0x00000201b26dd800, 0x00000201b26fa000,
0x00000201b26fc000, 0x00000201b26fd000, 0x00000201b2706800, 0x00000201b270b000,
0x00000201b3144000, 0x00000201b3146000, 0x00000201b38c2000, 0x00000201b3ba3000,
0x00000201b3ad7000, 0x00000201b3ba0800, 0x00000201b4068800, 0x00000201b40c1800,
0x00000201b40cc000
}

Java Threads: ( => current thread )
  0x0000020193c33000 JavaThread "Forwarding newSession on session null to remote" [_thread_in_native, id=10116, stack(0x0000003155300000,0x0000003155400000)]
  0x00000201b26da000 JavaThread "Reference Handler" daemon [_thread_blocked, id=3712, stack(0x0000003155a00000,0x0000003155b00000)]
  0x00000201b26dd800 JavaThread "Finalizer" daemon [_thread_blocked, id=1656, stack(0x0000003155b00000,0x0000003155c00000)]
  0x00000201b26fa000 JavaThread "Signal Dispatcher" daemon [_thread_blocked, id=8496, stack(0x0000003155c00000,0x0000003155d00000)]
  0x00000201b26fc000 JavaThread "Attach Listener" daemon [_thread_blocked, id=1956, stack(0x0000003155d00000,0x0000003155e00000)]
  0x00000201b26fd000 JavaThread "C2 CompilerThread0" daemon [_thread_blocked, id=6924, stack(0x0000003155e00000,0x0000003155f00000)]
  0x00000201b2706800 JavaThread "C1 CompilerThread0" daemon [_thread_blocked, id=10308, stack(0x0000003155f00000,0x0000003156000000)]
  0x00000201b270b000 JavaThread "Sweeper thread" daemon [_thread_blocked, id=10756, stack(0x0000003156000000,0x0000003156100000)]
  0x00000201b3144000 JavaThread "Service Thread" daemon [_thread_blocked, id=9212, stack(0x0000003156100000,0x0000003156200000)]
  0x00000201b3146000 JavaThread "Common-Cleaner" daemon [_thread_blocked, id=9000, stack(0x0000003156300000,0x0000003156400000)]
  0x00000201b38c2000 JavaThread "ReaderThread" [_thread_in_native, id=196, stack(0x0000003156600000,0x0000003156700000)]
  0x00000201b3ba3000 JavaThread "Exec Default Executor" daemon [_thread_in_native, id=10596, stack(0x0000003156a00000,0x0000003156b00000)]
  0x00000201b3ad7000 JavaThread "UrlChecker-2" daemon [_thread_blocked, id=9652, stack(0x0000003156b00000,0x0000003156c00000)]
  0x00000201b3ba0800 JavaThread "Exec Stream Pumper" daemon [_thread_in_native, id=5028, stack(0x0000003156c00000,0x0000003156d00000)]
  0x00000201b4068800 JavaThread "Exec Stream Pumper" daemon [_thread_in_native, id=9356, stack(0x0000003156d00000,0x0000003156e00000)]
  0x00000201b40c1800 JavaThread "OkHttp ConnectionPool" daemon [_thread_blocked, id=7364, stack(0x0000003156f00000,0x0000003157000000)]
  0x00000201b40cc000 JavaThread "Okio Watchdog" daemon [_thread_blocked, id=5644, stack(0x0000003157000000,0x0000003157100000)]

Other Threads:
=>0x00000201b26d9800 VMThread "VM Thread" [stack: 0x0000003155900000,0x0000003155a00000] [id=2796]
  0x00000201b3145000 WatcherThread [stack: 0x0000003156200000,0x0000003156300000] [id=10152]
  0x0000020193c76800 GCTaskThread "GC Thread#0" [stack: 0x0000003155400000,0x0000003155500000] [id=7176]
  0x00000201b371c800 GCTaskThread "GC Thread#1" [stack: 0x0000003156700000,0x0000003156800000] [id=12380]
  0x00000201b3b29000 GCTaskThread "GC Thread#2" [stack: 0x0000003156800000,0x0000003156900000] [id=4380]
  0x00000201b3acb800 GCTaskThread "GC Thread#3" [stack: 0x0000003156900000,0x0000003156a00000] [id=8008]
  0x0000020193c88000 ConcurrentGCThread "G1 Main Marker" [stack: 0x0000003155500000,0x0000003155600000] [id=9796]
  0x0000020193c8a000 ConcurrentGCThread "G1 Conc#0" [stack: 0x0000003155600000,0x0000003155700000] [id=7120]
  0x0000020193cfe800 ConcurrentGCThread "G1 Refine#0" [stack: 0x0000003155700000,0x0000003155800000] [id=11208]
  0x00000201b2556800 ConcurrentGCThread "G1 Young RemSet Sampling" [stack: 0x0000003155800000,0x0000003155900000] [id=216]

Threads with active compile tasks:

VM state:at safepoint (normal execution)

VM Mutex/Monitor currently owned by a thread:  ([mutex/lock_event])
[0x0000020193c2e380] Threads_lock - owner thread: 0x00000201b26d9800

Heap address: 0x0000000081000000, size: 2032 MB, Compressed Oops mode: 32-bit
Narrow klass base: 0x0000000800000000, Narrow klass shift: 3
Compressed class space size: 1073741824 Address: 0x0000000800b40000

Heap:
 garbage-first heap   total 131072K, used 22410K [0x0000000081000000, 0x0000000100000000)
  region size 1024K, 22 young (22528K), 3 survivors (3072K)
 Metaspace       used 13830K, capacity 14286K, committed 14464K, reserved 1062912K
  class space    used 1658K, capacity 1840K, committed 1920K, reserved 1048576K
Heap Regions: E=young(eden), S=young(survivor), O=old, HS=humongous(starts), HC=humongous(continues), CS=collection set, F=free, A=archive, TAMS=top-at-mark-start (previous, next)
|   0|0x0000000081000000, 0x00000000810e2a00, 0x0000000081100000| 88%| O|  |TAMS 0x0000000081000000, 0x0000000081000000| Untracked 
|   1|0x0000000081100000, 0x0000000081100000, 0x0000000081200000|  0%| F|  |TAMS 0x0000000081100000, 0x0000000081100000| Untracked 
|   2|0x0000000081200000, 0x0000000081200000, 0x0000000081300000|  0%| F|  |TAMS 0x0000000081200000, 0x0000000081200000| Untracked 
|   3|0x0000000081300000, 0x0000000081300000, 0x0000000081400000|  0%| F|  |TAMS 0x0000000081300000, 0x0000000081300000| Untracked 
|   4|0x0000000081400000, 0x0000000081400000, 0x0000000081500000|  0%| F|  |TAMS 0x0000000081400000, 0x0000000081400000| Untracked 
|   5|0x0000000081500000, 0x0000000081500000, 0x0000000081600000|  0%| F|  |TAMS 0x0000000081500000, 0x0000000081500000| Untracked 
|   6|0x0000000081600000, 0x0000000081600000, 0x0000000081700000|  0%| F|  |TAMS 0x0000000081600000, 0x0000000081600000| Untracked 
|   7|0x0000000081700000, 0x0000000081700000, 0x0000000081800000|  0%| F|  |TAMS 0x0000000081700000, 0x0000000081700000| Untracked 
|   8|0x0000000081800000, 0x0000000081800000, 0x0000000081900000|  0%| F|  |TAMS 0x0000000081800000, 0x0000000081800000| Untracked 
|   9|0x0000000081900000, 0x0000000081900000, 0x0000000081a00000|  0%| F|  |TAMS 0x0000000081900000, 0x0000000081900000| Untracked 
|  10|0x0000000081a00000, 0x0000000081a00000, 0x0000000081b00000|  0%| F|  |TAMS 0x0000000081a00000, 0x0000000081a00000| Untracked 
|  11|0x0000000081b00000, 0x0000000081b00000, 0x0000000081c00000|  0%| F|  |TAMS 0x0000000081b00000, 0x0000000081b00000| Untracked 
|  12|0x0000000081c00000, 0x0000000081c00000, 0x0000000081d00000|  0%| F|  |TAMS 0x0000000081c00000, 0x0000000081c00000| Untracked 
|  13|0x0000000081d00000, 0x0000000081d00000, 0x0000000081e00000|  0%| F|  |TAMS 0x0000000081d00000, 0x0000000081d00000| Untracked 
|  14|0x0000000081e00000, 0x0000000081e00000, 0x0000000081f00000|  0%| F|  |TAMS 0x0000000081e00000, 0x0000000081e00000| Untracked 
|  15|0x0000000081f00000, 0x0000000081f00000, 0x0000000082000000|  0%| F|  |TAMS 0x0000000081f00000, 0x0000000081f00000| Untracked 
|  16|0x0000000082000000, 0x0000000082000000, 0x0000000082100000|  0%| F|  |TAMS 0x0000000082000000, 0x0000000082000000| Untracked 
|  17|0x0000000082100000, 0x0000000082100000, 0x0000000082200000|  0%| F|  |TAMS 0x0000000082100000, 0x0000000082100000| Untracked 
|  18|0x0000000082200000, 0x0000000082200000, 0x0000000082300000|  0%| F|  |TAMS 0x0000000082200000, 0x0000000082200000| Untracked 
|  19|0x0000000082300000, 0x0000000082300000, 0x0000000082400000|  0%| F|  |TAMS 0x0000000082300000, 0x0000000082300000| Untracked 
|  20|0x0000000082400000, 0x0000000082400000, 0x0000000082500000|  0%| F|  |TAMS 0x0000000082400000, 0x0000000082400000| Untracked 
|  21|0x0000000082500000, 0x0000000082500000, 0x0000000082600000|  0%| F|  |TAMS 0x0000000082500000, 0x0000000082500000| Untracked 
|  22|0x0000000082600000, 0x0000000082600000, 0x0000000082700000|  0%| F|  |TAMS 0x0000000082600000, 0x0000000082600000| Untracked 
|  23|0x0000000082700000, 0x0000000082700000, 0x0000000082800000|  0%| F|  |TAMS 0x0000000082700000, 0x0000000082700000| Untracked 
|  24|0x0000000082800000, 0x0000000082800000, 0x0000000082900000|  0%| F|  |TAMS 0x0000000082800000, 0x0000000082800000| Untracked 
|  25|0x0000000082900000, 0x0000000082900000, 0x0000000082a00000|  0%| F|  |TAMS 0x0000000082900000, 0x0000000082900000| Untracked 
|  26|0x0000000082a00000, 0x0000000082a00000, 0x0000000082b00000|  0%| F|  |TAMS 0x0000000082a00000, 0x0000000082a00000| Untracked 
|  27|0x0000000082b00000, 0x0000000082b00000, 0x0000000082c00000|  0%| F|  |TAMS 0x0000000082b00000, 0x0000000082b00000| Untracked 
|  28|0x0000000082c00000, 0x0000000082c00000, 0x0000000082d00000|  0%| F|  |TAMS 0x0000000082c00000, 0x0000000082c00000| Untracked 
|  29|0x0000000082d00000, 0x0000000082d00000, 0x0000000082e00000|  0%| F|  |TAMS 0x0000000082d00000, 0x0000000082d00000| Untracked 
|  30|0x0000000082e00000, 0x0000000082e00000, 0x0000000082f00000|  0%| F|  |TAMS 0x0000000082e00000, 0x0000000082e00000| Untracked 
|  31|0x0000000082f00000, 0x0000000082f00000, 0x0000000083000000|  0%| F|  |TAMS 0x0000000082f00000, 0x0000000082f00000| Untracked 
|  32|0x0000000083000000, 0x0000000083000000, 0x0000000083100000|  0%| F|  |TAMS 0x0000000083000000, 0x0000000083000000| Untracked 
|  33|0x0000000083100000, 0x0000000083100000, 0x0000000083200000|  0%| F|  |TAMS 0x0000000083100000, 0x0000000083100000| Untracked 
|  34|0x0000000083200000, 0x0000000083200000, 0x0000000083300000|  0%| F|  |TAMS 0x0000000083200000, 0x0000000083200000| Untracked 
|  35|0x0000000083300000, 0x0000000083300000, 0x0000000083400000|  0%| F|  |TAMS 0x0000000083300000, 0x0000000083300000| Untracked 
|  36|0x0000000083400000, 0x0000000083400000, 0x0000000083500000|  0%| F|  |TAMS 0x0000000083400000, 0x0000000083400000| Untracked 
|  37|0x0000000083500000, 0x0000000083500000, 0x0000000083600000|  0%| F|  |TAMS 0x0000000083500000, 0x0000000083500000| Untracked 
|  38|0x0000000083600000, 0x0000000083600000, 0x0000000083700000|  0%| F|  |TAMS 0x0000000083600000, 0x0000000083600000| Untracked 
|  39|0x0000000083700000, 0x0000000083700000, 0x0000000083800000|  0%| F|  |TAMS 0x0000000083700000, 0x0000000083700000| Untracked 
|  40|0x0000000083800000, 0x0000000083800000, 0x0000000083900000|  0%| F|  |TAMS 0x0000000083800000, 0x0000000083800000| Untracked 
|  41|0x0000000083900000, 0x0000000083900000, 0x0000000083a00000|  0%| F|  |TAMS 0x0000000083900000, 0x0000000083900000| Untracked 
|  42|0x0000000083a00000, 0x0000000083a00000, 0x0000000083b00000|  0%| F|  |TAMS 0x0000000083a00000, 0x0000000083a00000| Untracked 
|  43|0x0000000083b00000, 0x0000000083b00000, 0x0000000083c00000|  0%| F|  |TAMS 0x0000000083b00000, 0x0000000083b00000| Untracked 
|  44|0x0000000083c00000, 0x0000000083c00000, 0x0000000083d00000|  0%| F|  |TAMS 0x0000000083c00000, 0x0000000083c00000| Untracked 
|  45|0x0000000083d00000, 0x0000000083d00000, 0x0000000083e00000|  0%| F|  |TAMS 0x0000000083d00000, 0x0000000083d00000| Untracked 
|  46|0x0000000083e00000, 0x0000000083e00000, 0x0000000083f00000|  0%| F|  |TAMS 0x0000000083e00000, 0x0000000083e00000| Untracked 
|  47|0x0000000083f00000, 0x0000000083f00000, 0x0000000084000000|  0%| F|  |TAMS 0x0000000083f00000, 0x0000000083f00000| Untracked 
|  48|0x0000000084000000, 0x0000000084000000, 0x0000000084100000|  0%| F|  |TAMS 0x0000000084000000, 0x0000000084000000| Untracked 
|  49|0x0000000084100000, 0x0000000084100000, 0x0000000084200000|  0%| F|  |TAMS 0x0000000084100000, 0x0000000084100000| Untracked 
|  50|0x0000000084200000, 0x0000000084200000, 0x0000000084300000|  0%| F|  |TAMS 0x0000000084200000, 0x0000000084200000| Untracked 
|  51|0x0000000084300000, 0x0000000084300000, 0x0000000084400000|  0%| F|  |TAMS 0x0000000084300000, 0x0000000084300000| Untracked 
|  52|0x0000000084400000, 0x0000000084400000, 0x0000000084500000|  0%| F|  |TAMS 0x0000000084400000, 0x0000000084400000| Untracked 
|  53|0x0000000084500000, 0x0000000084500000, 0x0000000084600000|  0%| F|  |TAMS 0x0000000084500000, 0x0000000084500000| Untracked 
|  54|0x0000000084600000, 0x0000000084600000, 0x0000000084700000|  0%| F|  |TAMS 0x0000000084600000, 0x0000000084600000| Untracked 
|  55|0x0000000084700000, 0x0000000084700000, 0x0000000084800000|  0%| F|  |TAMS 0x0000000084700000, 0x0000000084700000| Untracked 
|  56|0x0000000084800000, 0x0000000084800000, 0x0000000084900000|  0%| F|  |TAMS 0x0000000084800000, 0x0000000084800000| Untracked 
|  57|0x0000000084900000, 0x0000000084900000, 0x0000000084a00000|  0%| F|  |TAMS 0x0000000084900000, 0x0000000084900000| Untracked 
|  58|0x0000000084a00000, 0x0000000084a00000, 0x0000000084b00000|  0%| F|  |TAMS 0x0000000084a00000, 0x0000000084a00000| Untracked 
|  59|0x0000000084b00000, 0x0000000084b00000, 0x0000000084c00000|  0%| F|  |TAMS 0x0000000084b00000, 0x0000000084b00000| Untracked 
|  60|0x0000000084c00000, 0x0000000084c00000, 0x0000000084d00000|  0%| F|  |TAMS 0x0000000084c00000, 0x0000000084c00000| Untracked 
|  61|0x0000000084d00000, 0x0000000084d00000, 0x0000000084e00000|  0%| F|  |TAMS 0x0000000084d00000, 0x0000000084d00000| Untracked 
|  62|0x0000000084e00000, 0x0000000084e00000, 0x0000000084f00000|  0%| F|  |TAMS 0x0000000084e00000, 0x0000000084e00000| Untracked 
|  63|0x0000000084f00000, 0x0000000084f00000, 0x0000000085000000|  0%| F|  |TAMS 0x0000000084f00000, 0x0000000084f00000| Untracked 
|  64|0x0000000085000000, 0x0000000085000000, 0x0000000085100000|  0%| F|  |TAMS 0x0000000085000000, 0x0000000085000000| Untracked 
|  65|0x0000000085100000, 0x0000000085100000, 0x0000000085200000|  0%| F|  |TAMS 0x0000000085100000, 0x0000000085100000| Untracked 
|  66|0x0000000085200000, 0x0000000085200000, 0x0000000085300000|  0%| F|  |TAMS 0x0000000085200000, 0x0000000085200000| Untracked 
|  67|0x0000000085300000, 0x0000000085300000, 0x0000000085400000|  0%| F|  |TAMS 0x0000000085300000, 0x0000000085300000| Untracked 
|  68|0x0000000085400000, 0x0000000085400000, 0x0000000085500000|  0%| F|  |TAMS 0x0000000085400000, 0x0000000085400000| Untracked 
|  69|0x0000000085500000, 0x0000000085500000, 0x0000000085600000|  0%| F|  |TAMS 0x0000000085500000, 0x0000000085500000| Untracked 
|  70|0x0000000085600000, 0x0000000085600000, 0x0000000085700000|  0%| F|  |TAMS 0x0000000085600000, 0x0000000085600000| Untracked 
|  71|0x0000000085700000, 0x0000000085700000, 0x0000000085800000|  0%| F|  |TAMS 0x0000000085700000, 0x0000000085700000| Untracked 
|  72|0x0000000085800000, 0x0000000085800000, 0x0000000085900000|  0%| F|  |TAMS 0x0000000085800000, 0x0000000085800000| Untracked 
|  73|0x0000000085900000, 0x0000000085900000, 0x0000000085a00000|  0%| F|  |TAMS 0x0000000085900000, 0x0000000085900000| Untracked 
|  74|0x0000000085a00000, 0x0000000085a00000, 0x0000000085b00000|  0%| F|  |TAMS 0x0000000085a00000, 0x0000000085a00000| Untracked 
|  75|0x0000000085b00000, 0x0000000085b00000, 0x0000000085c00000|  0%| F|  |TAMS 0x0000000085b00000, 0x0000000085b00000| Untracked 
|  76|0x0000000085c00000, 0x0000000085c00000, 0x0000000085d00000|  0%| F|  |TAMS 0x0000000085c00000, 0x0000000085c00000| Untracked 
|  77|0x0000000085d00000, 0x0000000085d00000, 0x0000000085e00000|  0%| F|  |TAMS 0x0000000085d00000, 0x0000000085d00000| Untracked 
|  78|0x0000000085e00000, 0x0000000085e00000, 0x0000000085f00000|  0%| F|  |TAMS 0x0000000085e00000, 0x0000000085e00000| Untracked 
|  79|0x0000000085f00000, 0x0000000085f00000, 0x0000000086000000|  0%| F|  |TAMS 0x0000000085f00000, 0x0000000085f00000| Untracked 
|  80|0x0000000086000000, 0x0000000086000000, 0x0000000086100000|  0%| F|  |TAMS 0x0000000086000000, 0x0000000086000000| Untracked 
|  81|0x0000000086100000, 0x0000000086100000, 0x0000000086200000|  0%| F|  |TAMS 0x0000000086100000, 0x0000000086100000| Untracked 
|  82|0x0000000086200000, 0x0000000086200000, 0x0000000086300000|  0%| F|  |TAMS 0x0000000086200000, 0x0000000086200000| Untracked 
|  83|0x0000000086300000, 0x0000000086300000, 0x0000000086400000|  0%| F|  |TAMS 0x0000000086300000, 0x0000000086300000| Untracked 
|  84|0x0000000086400000, 0x0000000086400000, 0x0000000086500000|  0%| F|  |TAMS 0x0000000086400000, 0x0000000086400000| Untracked 
|  85|0x0000000086500000, 0x0000000086500000, 0x0000000086600000|  0%| F|  |TAMS 0x0000000086500000, 0x0000000086500000| Untracked 
|  86|0x0000000086600000, 0x0000000086600000, 0x0000000086700000|  0%| F|  |TAMS 0x0000000086600000, 0x0000000086600000| Untracked 
|  87|0x0000000086700000, 0x0000000086700000, 0x0000000086800000|  0%| F|  |TAMS 0x0000000086700000, 0x0000000086700000| Untracked 
|  88|0x0000000086800000, 0x0000000086800000, 0x0000000086900000|  0%| F|  |TAMS 0x0000000086800000, 0x0000000086800000| Untracked 
|  89|0x0000000086900000, 0x0000000086900000, 0x0000000086a00000|  0%| F|  |TAMS 0x0000000086900000, 0x0000000086900000| Untracked 
|  90|0x0000000086a00000, 0x0000000086a00000, 0x0000000086b00000|  0%| F|  |TAMS 0x0000000086a00000, 0x0000000086a00000| Untracked 
|  91|0x0000000086b00000, 0x0000000086b00000, 0x0000000086c00000|  0%| F|  |TAMS 0x0000000086b00000, 0x0000000086b00000| Untracked 
|  92|0x0000000086c00000, 0x0000000086c00000, 0x0000000086d00000|  0%| F|  |TAMS 0x0000000086c00000, 0x0000000086c00000| Untracked 
|  93|0x0000000086d00000, 0x0000000086d00000, 0x0000000086e00000|  0%| F|  |TAMS 0x0000000086d00000, 0x0000000086d00000| Untracked 
|  94|0x0000000086e00000, 0x0000000086e00000, 0x0000000086f00000|  0%| F|  |TAMS 0x0000000086e00000, 0x0000000086e00000| Untracked 
|  95|0x0000000086f00000, 0x0000000086f00000, 0x0000000087000000|  0%| F|  |TAMS 0x0000000086f00000, 0x0000000086f00000| Untracked 
|  96|0x0000000087000000, 0x0000000087000000, 0x0000000087100000|  0%| F|  |TAMS 0x0000000087000000, 0x0000000087000000| Untracked 
|  97|0x0000000087100000, 0x0000000087100000, 0x0000000087200000|  0%| F|  |TAMS 0x0000000087100000, 0x0000000087100000| Untracked 
|  98|0x0000000087200000, 0x0000000087200000, 0x0000000087300000|  0%| F|  |TAMS 0x0000000087200000, 0x0000000087200000| Untracked 
|  99|0x0000000087300000, 0x0000000087300000, 0x0000000087400000|  0%| F|  |TAMS 0x0000000087300000, 0x0000000087300000| Untracked 
| 100|0x0000000087400000, 0x0000000087400000, 0x0000000087500000|  0%| F|  |TAMS 0x0000000087400000, 0x0000000087400000| Untracked 
| 101|0x0000000087500000, 0x0000000087500000, 0x0000000087600000|  0%| F|  |TAMS 0x0000000087500000, 0x0000000087500000| Untracked 
| 102|0x0000000087600000, 0x0000000087600000, 0x0000000087700000|  0%| F|  |TAMS 0x0000000087600000, 0x0000000087600000| Untracked 
| 103|0x0000000087700000, 0x0000000087800000, 0x0000000087800000|100%| S|CS|TAMS 0x0000000087700000, 0x0000000087700000| Complete 
| 104|0x0000000087800000, 0x0000000087900000, 0x0000000087900000|100%| S|CS|TAMS 0x0000000087800000, 0x0000000087800000| Complete 
| 105|0x0000000087900000, 0x0000000087a00000, 0x0000000087a00000|100%| S|CS|TAMS 0x0000000087900000, 0x0000000087900000| Complete 
| 106|0x0000000087a00000, 0x0000000087a00000, 0x0000000087b00000|  0%| F|  |TAMS 0x0000000087a00000, 0x0000000087a00000| Untracked 
| 107|0x0000000087b00000, 0x0000000087b00000, 0x0000000087c00000|  0%| F|  |TAMS 0x0000000087b00000, 0x0000000087b00000| Untracked 
| 108|0x0000000087c00000, 0x0000000087c00000, 0x0000000087d00000|  0%| F|  |TAMS 0x0000000087c00000, 0x0000000087c00000| Untracked 
| 109|0x0000000087d00000, 0x0000000087e00000, 0x0000000087e00000|100%| E|  |TAMS 0x0000000087d00000, 0x0000000087d00000| Complete 
| 110|0x0000000087e00000, 0x0000000087f00000, 0x0000000087f00000|100%| E|CS|TAMS 0x0000000087e00000, 0x0000000087e00000| Complete 
| 111|0x0000000087f00000, 0x0000000088000000, 0x0000000088000000|100%| E|CS|TAMS 0x0000000087f00000, 0x0000000087f00000| Complete 
| 112|0x0000000088000000, 0x0000000088100000, 0x0000000088100000|100%| E|CS|TAMS 0x0000000088000000, 0x0000000088000000| Complete 
| 113|0x0000000088100000, 0x0000000088200000, 0x0000000088200000|100%| E|CS|TAMS 0x0000000088100000, 0x0000000088100000| Complete 
| 114|0x0000000088200000, 0x0000000088300000, 0x0000000088300000|100%| E|CS|TAMS 0x0000000088200000, 0x0000000088200000| Complete 
| 115|0x0000000088300000, 0x0000000088400000, 0x0000000088400000|100%| E|CS|TAMS 0x0000000088300000, 0x0000000088300000| Complete 
| 116|0x0000000088400000, 0x0000000088500000, 0x0000000088500000|100%| E|CS|TAMS 0x0000000088400000, 0x0000000088400000| Complete 
| 117|0x0000000088500000, 0x0000000088600000, 0x0000000088600000|100%| E|CS|TAMS 0x0000000088500000, 0x0000000088500000| Complete 
| 118|0x0000000088600000, 0x0000000088700000, 0x0000000088700000|100%| E|CS|TAMS 0x0000000088600000, 0x0000000088600000| Complete 
| 119|0x0000000088700000, 0x0000000088800000, 0x0000000088800000|100%| E|CS|TAMS 0x0000000088700000, 0x0000000088700000| Complete 
| 120|0x0000000088800000, 0x0000000088900000, 0x0000000088900000|100%| E|CS|TAMS 0x0000000088800000, 0x0000000088800000| Complete 
| 121|0x0000000088900000, 0x0000000088a00000, 0x0000000088a00000|100%| E|CS|TAMS 0x0000000088900000, 0x0000000088900000| Complete 
| 122|0x0000000088a00000, 0x0000000088b00000, 0x0000000088b00000|100%| E|CS|TAMS 0x0000000088a00000, 0x0000000088a00000| Complete 
| 123|0x0000000088b00000, 0x0000000088c00000, 0x0000000088c00000|100%| E|CS|TAMS 0x0000000088b00000, 0x0000000088b00000| Complete 
| 124|0x0000000088c00000, 0x0000000088d00000, 0x0000000088d00000|100%| E|CS|TAMS 0x0000000088c00000, 0x0000000088c00000| Complete 
| 125|0x0000000088d00000, 0x0000000088e00000, 0x0000000088e00000|100%| E|CS|TAMS 0x0000000088d00000, 0x0000000088d00000| Complete 
| 126|0x0000000088e00000, 0x0000000088f00000, 0x0000000088f00000|100%| E|CS|TAMS 0x0000000088e00000, 0x0000000088e00000| Complete 
| 127|0x0000000088f00000, 0x0000000089000000, 0x0000000089000000|100%| E|CS|TAMS 0x0000000088f00000, 0x0000000088f00000| Complete 

Card table byte_map: [0x00000201ab750000,0x00000201abb50000] _byte_map_base: 0x00000201ab348000

Marking Bits (Prev, Next): (CMBitMap*) 0x0000020193c77378, (CMBitMap*) 0x0000020193c773b8
 Prev Bits: [0x00000201abf50000, 0x00000201adf10000)
 Next Bits: [0x00000201adf10000, 0x00000201afed0000)

Polling page: 0x0000020191b70000

Metaspace:

Usage:
  Non-class:     12.15 MB capacity,    11.89 MB ( 98%) used,   228.14 KB (  2%) free+waste,    46.25 KB ( <1%) overhead. 
      Class:      1.80 MB capacity,     1.62 MB ( 90%) used,   157.07 KB (  9%) free+waste,    24.44 KB (  1%) overhead. 
       Both:     13.95 MB capacity,    13.51 MB ( 97%) used,   385.21 KB (  3%) free+waste,    70.69 KB ( <1%) overhead. 

Virtual space:
  Non-class space:       14.00 MB reserved,      12.25 MB ( 88%) committed 
      Class space:        1.00 GB reserved,       1.88 MB ( <1%) committed 
             Both:        1.01 GB reserved,      14.13 MB (  1%) committed 

Chunk freelists:
   Non-Class:  34.00 KB
       Class:  16.00 KB
        Both:  50.00 KB

MaxMetaspaceSize: 17179869184.00 GB
CompressedClassSpaceSize: 1.00 GB

CodeHeap 'non-profiled nmethods': size=120000Kb used=550Kb max_used=550Kb free=119449Kb
 bounds [0x00000201a3c00000, 0x00000201a3e70000, 0x00000201ab130000]
CodeHeap 'profiled nmethods': size=120000Kb used=3299Kb max_used=3299Kb free=116701Kb
 bounds [0x000002019c6d0000, 0x000002019ca10000, 0x00000201a3c00000]
CodeHeap 'non-nmethods': size=5760Kb used=1235Kb max_used=1244Kb free=4524Kb
 bounds [0x000002019c130000, 0x000002019c3a0000, 0x000002019c6d0000]
 total_blobs=2792 nmethods=1645 adapters=403
 compilation: enabled
              stopped_count=0, restarted_count=0
 full_count=0

Compilation events (20 events):
Event: 1.291 Thread 0x00000201b2706800 1636       3       java.lang.invoke.MethodHandles$Lookup::getDirectMethodCommon (276 bytes)
Event: 1.291 Thread 0x00000201b40e7800 1639       4       sun.nio.fs.WindowsPathParser::isSlash (18 bytes)
Event: 1.291 Thread 0x00000201b40e7800 nmethod 1639 0x00000201a3c89590 code [0x00000201a3c89720, 0x00000201a3c89778]
Event: 1.291 Thread 0x00000201b2706800 nmethod 1636 0x000002019ca02510 code [0x000002019ca02860, 0x000002019ca03ba0]
Event: 1.291 Thread 0x00000201b2706800 1637       3       java.lang.invoke.MethodHandles$Lookup::checkMethod (87 bytes)
Event: 1.292 Thread 0x00000201b2706800 nmethod 1637 0x000002019ca04210 code [0x000002019ca04440, 0x000002019ca04c20]
Event: 1.292 Thread 0x00000201b2706800 1638       3       java.lang.invoke.MethodHandles$Lookup::maybeBindCaller (44 bytes)
Event: 1.292 Thread 0x00000201b2706800 nmethod 1638 0x000002019ca04e90 code [0x000002019ca050c0, 0x000002019ca05960]
Event: 1.292 Thread 0x00000201b2706800 1640       3       java.util.regex.Pattern$Node::<init> (12 bytes)
Event: 1.292 Thread 0x00000201b2706800 nmethod 1640 0x000002019ca05c10 code [0x000002019ca05dc0, 0x000002019ca05ff8]
Event: 1.292 Thread 0x00000201b2706800 1641       3       java.util.regex.Pattern$BmpCharPredicate$$Lambda$14/0x0000000800ba3c40::is (13 bytes)
Event: 1.292 Thread 0x00000201b2706800 nmethod 1641 0x000002019ca06090 code [0x000002019ca06260, 0x000002019ca06700]
Event: 1.292 Thread 0x00000201b2706800 1642       3       java.util.regex.Pattern$BmpCharPredicate::lambda$union$2 (26 bytes)
Event: 1.292 Thread 0x00000201b2706800 nmethod 1642 0x000002019ca06890 code [0x000002019ca06a60, 0x000002019ca06e20]
Event: 8.981 Thread 0x00000201b2706800 1643  s    3       org.openqa.selenium.io.CircularOutputStream::write (87 bytes)
Event: 8.982 Thread 0x00000201b2706800 nmethod 1643 0x000002019ca06f10 code [0x000002019ca070c0, 0x000002019ca07518]
Event: 8.982 Thread 0x00000201b2706800 1644   !   3       java.io.PrintStream::write (66 bytes)
Event: 8.983 Thread 0x00000201b2706800 nmethod 1644 0x000002019ca07610 code [0x000002019ca07820, 0x000002019ca08080]
Event: 8.983 Thread 0x00000201b2706800 1645  s    3       java.io.BufferedOutputStream::write (35 bytes)
Event: 8.984 Thread 0x00000201b2706800 nmethod 1645 0x000002019ca08390 code [0x000002019ca08560, 0x000002019ca08a90]

GC Heap History (2 events):
Event: 0.576 GC heap before
{Heap before GC invocations=0 (full 0):
 garbage-first heap   total 131072K, used 22528K [0x0000000081000000, 0x0000000100000000)
  region size 1024K, 22 young (22528K), 0 survivors (0K)
 Metaspace       used 9197K, capacity 9407K, committed 9600K, reserved 1058816K
  class space    used 1044K, capacity 1139K, committed 1152K, reserved 1048576K
}
Event: 0.579 GC heap after
{Heap after GC invocations=1 (full 0):
 garbage-first heap   total 131072K, used 3978K [0x0000000081000000, 0x0000000100000000)
  region size 1024K, 3 young (3072K), 3 survivors (3072K)
 Metaspace       used 9197K, capacity 9407K, committed 9600K, reserved 1058816K
  class space    used 1044K, capacity 1139K, committed 1152K, reserved 1048576K
}

Deoptimization events (20 events):
Event: 1.210 Thread 0x0000020193c33000 DEOPT PACKING pc=0x00000201a3c7e240 sp=0x00000031553fbca0
Event: 1.210 Thread 0x0000020193c33000 DEOPT UNPACKING pc=0x000002019c17912f sp=0x00000031553fbc28 mode 2
Event: 1.210 Thread 0x0000020193c33000 Uncommon trap: trap_request=0xffffffde fr.pc=0x00000201a3c7e240 relative=0x0000000000000120
Event: 1.210 Thread 0x0000020193c33000 Uncommon trap: reason=class_check action=maybe_recompile pc=0x00000201a3c7e240 method=jdk.internal.misc.Unsafe.allocateUninitializedArray(Ljava/lang/Class;I)Ljava/lang/Object; @ 48 c2
Event: 1.210 Thread 0x0000020193c33000 DEOPT PACKING pc=0x00000201a3c7e240 sp=0x00000031553fbca0
Event: 1.210 Thread 0x0000020193c33000 DEOPT UNPACKING pc=0x000002019c17912f sp=0x00000031553fbc28 mode 2
Event: 1.210 Thread 0x0000020193c33000 Uncommon trap: trap_request=0xffffffde fr.pc=0x00000201a3c7e240 relative=0x0000000000000120
Event: 1.210 Thread 0x0000020193c33000 Uncommon trap: reason=class_check action=maybe_recompile pc=0x00000201a3c7e240 method=jdk.internal.misc.Unsafe.allocateUninitializedArray(Ljava/lang/Class;I)Ljava/lang/Object; @ 48 c2
Event: 1.210 Thread 0x0000020193c33000 DEOPT PACKING pc=0x00000201a3c7e240 sp=0x00000031553fbde0
Event: 1.210 Thread 0x0000020193c33000 DEOPT UNPACKING pc=0x000002019c17912f sp=0x00000031553fbd68 mode 2
Event: 1.228 Thread 0x0000020193c33000 Uncommon trap: trap_request=0xffffff45 fr.pc=0x00000201a3c69bb8 relative=0x0000000000000398
Event: 1.228 Thread 0x0000020193c33000 Uncommon trap: reason=unstable_if action=reinterpret pc=0x00000201a3c69bb8 method=java.io.ByteArrayInputStream.read([BII)I @ 35 c2
Event: 1.228 Thread 0x0000020193c33000 DEOPT PACKING pc=0x00000201a3c69bb8 sp=0x00000031553fc690
Event: 1.228 Thread 0x0000020193c33000 DEOPT UNPACKING pc=0x000002019c17912f sp=0x00000031553fc650 mode 2
Event: 1.248 Thread 0x0000020193c33000 Uncommon trap: trap_request=0xffffff45 fr.pc=0x00000201a3c78ac8 relative=0x0000000000000188
Event: 1.248 Thread 0x0000020193c33000 Uncommon trap: reason=unstable_if action=reinterpret pc=0x00000201a3c78ac8 method=java.util.regex.Pattern$BmpCharProperty.match(Ljava/util/regex/Matcher;ILjava/lang/CharSequence;)Z @ 5 c2
Event: 1.248 Thread 0x0000020193c33000 DEOPT PACKING pc=0x00000201a3c78ac8 sp=0x00000031553fb960
Event: 1.248 Thread 0x0000020193c33000 DEOPT UNPACKING pc=0x000002019c17912f sp=0x00000031553fb928 mode 2
Event: 1.259 Thread 0x0000020193c33000 DEOPT PACKING pc=0x000002019c982cfb sp=0x00000031553f7830
Event: 1.259 Thread 0x0000020193c33000 DEOPT UNPACKING pc=0x000002019c17964e sp=0x00000031553f6ca0 mode 0

Classes unloaded (0 events):
No events

Classes redefined (0 events):
No events

Internal exceptions (20 events):
Event: 0.491 Thread 0x0000020193c33000 Exception <a 'java/net/SocketException'{0x0000000087fee700}: Socket is not connected: shutdown> (0x0000000087fee700) 
thrown [t:/workspace/open/src/hotspot/share/prims/jni.cpp, line 619]
Event: 0.602 Thread 0x0000020193c33000 Exception <a 'sun/nio/fs/WindowsException'{0x0000000088dc8650}> (0x0000000088dc8650) 
thrown [t:/workspace/open/src/hotspot/share/prims/jni.cpp, line 598]
Event: 0.602 Thread 0x0000020193c33000 Exception <a 'java/lang/NoSuchMethodError'{0x0000000088dc9fa0}: 'int java.lang.invoke.DirectMethodHandle$Holder.invokeSpecialIFC(java.lang.Object, java.lang.Object, int)'> (0x0000000088dc9fa0) 
thrown [t:/workspace/open/src/hotspot/share/interpreter/linkResolver.cpp, line 767]
Event: 0.607 Thread 0x0000020193c33000 Exception <a 'java/lang/NoSuchMethodError'{0x0000000088ded0f8}: 'int java.lang.invoke.DirectMethodHandle$Holder.invokeStaticInit(java.lang.Object, java.lang.Object, java.lang.Object, java.lang.Object)'> (0x0000000088ded0f8) 
thrown [t:/workspace/open/src/hotspot/share/interpreter/linkResolver.cpp, line 767]
Event: 0.608 Thread 0x0000020193c33000 Exception <a 'java/lang/IncompatibleClassChangeError'{0x0000000088df5d90}: Found class java.lang.Object, but interface was expected> (0x0000000088df5d90) 
thrown [t:/workspace/open/src/hotspot/share/interpreter/linkResolver.cpp, line 833]
Event: 0.608 Thread 0x0000020193c33000 Exception <a 'java/lang/NoSuchMethodError'{0x0000000088df8f58}: 'void java.lang.invoke.DirectMethodHandle$Holder.invokeStaticInit(java.lang.Object, java.lang.Object)'> (0x0000000088df8f58) 
thrown [t:/workspace/open/src/hotspot/share/interpreter/linkResolver.cpp, line 767]
Event: 0.658 Thread 0x00000201b3ba3000 Exception <a 'java/lang/NoSuchMethodError'{0x0000000088990118}: 'void java.lang.invoke.DirectMethodHandle$Holder.invokeStatic(java.lang.Object, long)'> (0x0000000088990118) 
thrown [t:/workspace/open/src/hotspot/share/interpreter/linkResolver.cpp, line 767]
Event: 0.660 Thread 0x00000201b3ba3000 Exception <a 'java/lang/NoSuchMethodError'{0x000000008899a1e8}: 'java.lang.Object java.lang.invoke.DirectMethodHandle$Holder.invokeStaticInit(java.lang.Object, java.lang.Object, long, java.lang.Object)'> (0x000000008899a1e8) 
thrown [t:/workspace/open/src/hotspot/share/interpreter/linkResolver.cpp, line 767]
Event: 0.660 Thread 0x00000201b3ba3000 Exception <a 'java/lang/NoSuchMethodError'{0x000000008899f640}: 'java.lang.Object java.lang.invoke.Invokers$Holder.linkToTargetMethod(java.lang.Object, long, java.lang.Object)'> (0x000000008899f640) 
thrown [t:/workspace/open/src/hotspot/share/interpreter/linkResolver.cpp, line 767]
Event: 1.161 Thread 0x00000201b3ad7000 Exception <a 'java/net/SocketException'{0x000000008888a770}: Socket is not connected: shutdown> (0x000000008888a770) 
thrown [t:/workspace/open/src/hotspot/share/prims/jni.cpp, line 619]
Event: 1.185 Thread 0x0000020193c33000 Exception <a 'java/lang/NoSuchMethodError'{0x000000008879cbd8}: 'java.lang.Object java.lang.invoke.DirectMethodHandle$Holder.invokeInterface(java.lang.Object, java.lang.Object, java.lang.Object)'> (0x000000008879cbd8) 
thrown [t:/workspace/open/src/hotspot/share/interpreter/linkResolver.cpp, line 767]
Event: 1.185 Thread 0x0000020193c33000 Exception <a 'java/lang/IncompatibleClassChangeError'{0x000000008879fc48}: Found class java.lang.Object, but interface was expected> (0x000000008879fc48) 
thrown [t:/workspace/open/src/hotspot/share/interpreter/linkResolver.cpp, line 833]
Event: 1.186 Thread 0x0000020193c33000 Exception <a 'java/lang/NoSuchMethodError'{0x00000000887a7e78}: 'int java.lang.invoke.DirectMethodHandle$Holder.invokeSpecialIFC(java.lang.Object, java.lang.Object, java.lang.Object, java.lang.Object)'> (0x00000000887a7e78) 
thrown [t:/workspace/open/src/hotspot/share/interpreter/linkResolver.cpp, line 767]
Event: 1.187 Thread 0x0000020193c33000 Exception <a 'java/lang/NoSuchMethodError'{0x00000000887afb50}: 'java.lang.Object java.lang.invoke.DirectMethodHandle$Holder.invokeInterface(java.lang.Object, java.lang.Object, java.lang.Object, java.lang.Object)'> (0x00000000887afb50) 
thrown [t:/workspace/open/src/hotspot/share/interpreter/linkResolver.cpp, line 767]
Event: 1.189 Thread 0x0000020193c33000 Exception <a 'java/lang/NoSuchMethodError'{0x00000000887d6518}: 'java.lang.Object java.lang.invoke.DirectMethodHandle$Holder.invokeVirtual(java.lang.Object, java.lang.Object, java.lang.Object)'> (0x00000000887d6518) 
thrown [t:/workspace/open/src/hotspot/share/interpreter/linkResolver.cpp, line 767]
Event: 1.200 Thread 0x0000020193c33000 Exception <a 'java/lang/NoSuchMethodError'{0x00000000886b2f20}: 'double java.lang.invoke.DirectMethodHandle$Holder.invokeVirtual(java.lang.Object, java.lang.Object)'> (0x00000000886b2f20) 
thrown [t:/workspace/open/src/hotspot/share/interpreter/linkResolver.cpp, line 767]
Event: 1.200 Thread 0x0000020193c33000 Exception <a 'java/lang/NoSuchMethodError'{0x00000000886b8a60}: 'float java.lang.invoke.DirectMethodHandle$Holder.invokeVirtual(java.lang.Object, java.lang.Object)'> (0x00000000886b8a60) 
thrown [t:/workspace/open/src/hotspot/share/interpreter/linkResolver.cpp, line 767]
Event: 1.201 Thread 0x0000020193c33000 Exception <a 'java/lang/NoSuchMethodError'{0x00000000886c06d0}: 'long java.lang.invoke.DirectMethodHandle$Holder.invokeVirtual(java.lang.Object, java.lang.Object)'> (0x00000000886c06d0) 
thrown [t:/workspace/open/src/hotspot/share/interpreter/linkResolver.cpp, line 767]
Event: 1.211 Thread 0x0000020193c33000 Exception <a 'java/lang/NoSuchMethodError'{0x000000008855f3a0}: 'void java.lang.invoke.DirectMethodHandle$Holder.invokeSpecial(java.lang.Object, java.lang.Object, java.lang.Object, java.lang.Object)'> (0x000000008855f3a0) 
thrown [t:/workspace/open/src/hotspot/share/interpreter/linkResolver.cpp, line 767]
Event: 1.220 Thread 0x0000020193c33000 Exception <a 'java/lang/NoSuchMethodError'{0x0000000088413730}: 'void java.lang.invoke.DirectMethodHandle$Holder.invokeSpecial(java.lang.Object, java.lang.Object, java.lang.Object, java.lang.Object, java.lang.Object)'> (0x0000000088413730) 
thrown [t:/workspace/open/src/hotspot/share/interpreter/linkResolver.cpp, line 767]

Events (20 events):
Event: 1.306 loading class okio/ForwardingSink
Event: 1.306 loading class okio/ForwardingSink done
Event: 1.307 loading class okhttp3/internal/http1/Http1Codec$FixedLengthSink
Event: 1.307 loading class okhttp3/internal/http1/Http1Codec$FixedLengthSink done
Event: 1.307 loading class okio/ForwardingTimeout
Event: 1.307 loading class okio/ForwardingTimeout done
Event: 1.307 loading class okio/AsyncTimeout$Watchdog
Event: 1.307 loading class okio/AsyncTimeout$Watchdog done
Event: 1.307 Thread 0x00000201b40cc000 Thread added: 0x00000201b40cc000
Event: 4.980 Executing VM operation: RevokeBias
Event: 4.980 Executing VM operation: RevokeBias done
Event: 6.176 Executing VM operation: RevokeBias
Event: 6.176 Executing VM operation: RevokeBias done
Event: 6.176 Executing VM operation: RevokeBias
Event: 6.176 Executing VM operation: RevokeBias done
Event: 6.176 Executing VM operation: RevokeBias
Event: 6.176 Executing VM operation: RevokeBias done
Event: 6.176 Thread 0x00000201b4075000 Thread exited: 0x00000201b4075000
Event: 6.293 Thread 0x00000201b40e7800 Thread exited: 0x00000201b40e7800
Event: 61.177 Executing VM operation: RevokeBias


Dynamic libraries:
0x00007ff7f8380000 - 0x00007ff7f838f000 	C:\Program Files\Java\jdk-13.0.2\bin\javaw.exe
0x00007ff81fd80000 - 0x00007ff81ff70000 	C:\Windows\SYSTEM32\ntdll.dll
0x00007ff81f960000 - 0x00007ff81fa12000 	C:\Windows\System32\KERNEL32.DLL
0x00007ff81d900000 - 0x00007ff81dba3000 	C:\Windows\System32\KERNELBASE.dll
0x00007ff81d530000 - 0x00007ff81d62a000 	C:\Windows\System32\ucrtbase.dll
0x00007ff804cf0000 - 0x00007ff804d05000 	C:\Program Files\Java\jdk-13.0.2\bin\VCRUNTIME140.dll
0x00007ff803db0000 - 0x00007ff803dc8000 	C:\Program Files\Java\jdk-13.0.2\bin\jli.dll
0x00007ff81f800000 - 0x00007ff81f8a3000 	C:\Windows\System32\ADVAPI32.dll
0x00007ff81ed80000 - 0x00007ff81ee1e000 	C:\Windows\System32\msvcrt.dll
0x00007ff81ece0000 - 0x00007ff81ed77000 	C:\Windows\System32\sechost.dll
0x00007ff81fc20000 - 0x00007ff81fd40000 	C:\Windows\System32\RPCRT4.dll
0x00007ff81ee20000 - 0x00007ff81efb4000 	C:\Windows\System32\USER32.dll
0x00007ff81d680000 - 0x00007ff81d6a1000 	C:\Windows\System32\win32u.dll
0x00007ff811eb0000 - 0x00007ff812135000 	C:\Windows\WinSxS\amd64_microsoft.windows.common-controls_6595b64144ccf1df_6.0.18362.720_none_e6beb5c51314836b\COMCTL32.dll
0x00007ff81de30000 - 0x00007ff81de56000 	C:\Windows\System32\GDI32.dll
0x00007ff81f090000 - 0x00007ff81f3c6000 	C:\Windows\System32\combase.dll
0x00007ff81d760000 - 0x00007ff81d8f4000 	C:\Windows\System32\gdi32full.dll
0x00007ff81d490000 - 0x00007ff81d510000 	C:\Windows\System32\bcryptPrimitives.dll
0x00007ff81dc10000 - 0x00007ff81dcae000 	C:\Windows\System32\msvcp_win.dll
0x00007ff816740000 - 0x00007ff81674a000 	C:\Windows\SYSTEM32\VERSION.dll
0x00007ff81f6e0000 - 0x00007ff81f70e000 	C:\Windows\System32\IMM32.DLL
0x00007ff800a30000 - 0x00007ff800acb000 	C:\Program Files\Java\jdk-13.0.2\bin\msvcp140.dll
0x00007fffe8670000 - 0x00007fffe91cd000 	C:\Program Files\Java\jdk-13.0.2\bin\server\jvm.dll
0x00007ff81ec30000 - 0x00007ff81ec38000 	C:\Windows\System32\PSAPI.DLL
0x00007ff812190000 - 0x00007ff812199000 	C:\Windows\SYSTEM32\WSOCK32.dll
0x00007ff819900000 - 0x00007ff819924000 	C:\Windows\SYSTEM32\WINMM.dll
0x00007ff81fb30000 - 0x00007ff81fb9f000 	C:\Windows\System32\WS2_32.dll
0x00007ff8198d0000 - 0x00007ff8198fd000 	C:\Windows\SYSTEM32\winmmbase.dll
0x00007ff81d630000 - 0x00007ff81d67a000 	C:\Windows\System32\cfgmgr32.dll
0x00007ff81cc70000 - 0x00007ff81cc81000 	C:\Windows\System32\kernel.appcore.dll
0x00007ff80bf60000 - 0x00007ff80bf70000 	C:\Program Files\Java\jdk-13.0.2\bin\verify.dll
0x00007ff804d80000 - 0x00007ff804f74000 	C:\Windows\SYSTEM32\DBGHELP.DLL
0x00007ff804d50000 - 0x00007ff804d7a000 	C:\Windows\SYSTEM32\dbgcore.DLL
0x00007ff80bf10000 - 0x00007ff80bf36000 	C:\Program Files\Java\jdk-13.0.2\bin\java.dll
0x00007ff80bef0000 - 0x00007ff80bf07000 	C:\Program Files\Java\jdk-13.0.2\bin\zip.dll
0x00007ff80bee0000 - 0x00007ff80beea000 	C:\Program Files\Java\jdk-13.0.2\bin\jimage.dll
0x00007ff81e400000 - 0x00007ff81eae5000 	C:\Windows\System32\SHELL32.dll
0x00007ff81f8b0000 - 0x00007ff81f959000 	C:\Windows\System32\shcore.dll
0x00007ff81cd10000 - 0x00007ff81d490000 	C:\Windows\System32\windows.storage.dll
0x00007ff81cc90000 - 0x00007ff81ccb3000 	C:\Windows\System32\profapi.dll
0x00007ff81ccc0000 - 0x00007ff81cd0a000 	C:\Windows\System32\powrprof.dll
0x00007ff81cc40000 - 0x00007ff81cc50000 	C:\Windows\System32\UMPDC.dll
0x00007ff81dec0000 - 0x00007ff81df12000 	C:\Windows\System32\shlwapi.dll
0x00007ff81d510000 - 0x00007ff81d527000 	C:\Windows\System32\cryptsp.dll
0x00007ff80be20000 - 0x00007ff80be39000 	C:\Program Files\Java\jdk-13.0.2\bin\net.dll
0x00007ff815440000 - 0x00007ff815531000 	C:\Windows\SYSTEM32\WINHTTP.dll
0x00007ff81c4b0000 - 0x00007ff81c517000 	C:\Windows\system32\mswsock.dll
0x00007ff80bd10000 - 0x00007ff80bd23000 	C:\Program Files\Java\jdk-13.0.2\bin\nio.dll
0x00007ff81c210000 - 0x00007ff81c2da000 	C:\Windows\SYSTEM32\DNSAPI.dll
0x00007ff81ec40000 - 0x00007ff81ec48000 	C:\Windows\System32\NSI.dll
0x00007ff81c1c0000 - 0x00007ff81c1fa000 	C:\Windows\SYSTEM32\IPHLPAPI.DLL
0x00007ff815860000 - 0x00007ff81586a000 	C:\Windows\System32\rasadhlp.dll
0x00007ff815940000 - 0x00007ff8159b7000 	C:\Windows\System32\fwpuclnt.dll
0x00007ff81de00000 - 0x00007ff81de26000 	C:\Windows\System32\bcrypt.dll
0x00007ff81c020000 - 0x00007ff81c053000 	C:\Windows\system32\rsaenh.dll
0x00007ff81cb60000 - 0x00007ff81cb85000 	C:\Windows\SYSTEM32\USERENV.dll
0x00007ff81c680000 - 0x00007ff81c68c000 	C:\Windows\SYSTEM32\CRYPTBASE.dll
0x00007ff815cf0000 - 0x00007ff815d06000 	C:\Windows\SYSTEM32\dhcpcsvc6.DLL
0x00007ff816a70000 - 0x00007ff816a8c000 	C:\Windows\SYSTEM32\dhcpcsvc.DLL
0x00007ff80bd30000 - 0x00007ff80bd55000 	C:\Program Files\Java\jdk-13.0.2\bin\sunec.dll
0x00007ff80bd60000 - 0x00007ff80bd6e000 	C:\Program Files\Java\jdk-13.0.2\bin\sunmscapi.dll
0x00007ff81dcb0000 - 0x00007ff81ddf9000 	C:\Windows\System32\CRYPT32.dll
0x00007ff81cc50000 - 0x00007ff81cc62000 	C:\Windows\System32\MSASN1.dll
0x00007ff81c780000 - 0x00007ff81c7a6000 	C:\Windows\SYSTEM32\ncrypt.dll
0x00007ff81c740000 - 0x00007ff81c77b000 	C:\Windows\SYSTEM32\NTASN1.dll

dbghelp: loaded successfully - version: 4.0.5 - missing functions: none
symbol engine: initialized successfully - sym options: 0x614 - pdb path: .;C:\Program Files\Java\jdk-13.0.2\bin;C:\Windows\SYSTEM32;C:\Windows\WinSxS\amd64_microsoft.windows.common-controls_6595b64144ccf1df_6.0.18362.720_none_e6beb5c51314836b;C:\Program Files\Java\jdk-13.0.2\bin\server

VM Arguments:
jvm_args: -ea -Dfile.encoding=Cp1252 
java_command: org.testng.remote.RemoteTestNG -serport 53299 -protocol json -d C:\Users\ADMIN\Desktop\Codebase\Finsys\test-output C:\Users\ADMIN\AppData\Local\Temp\testng-eclipse-599365790\testng-customsuite.xml
java_class_path (initial): C:\Users\ADMIN\eclipse\java-2019-12\eclipse\configuration\org.eclipse.osgi\523\0\.cp\lib\testng-remote.jar;C:\Users\ADMIN\Desktop\Codebase\Finsys\target\test-classes;C:\Users\ADMIN\Desktop\Codebase\Finsys\target\classes;C:\Users\ADMIN\.m2\repository\org\seleniumhq\selenium\selenium-java\3.141.59\selenium-java-3.141.59.jar;C:\Users\ADMIN\.m2\repository\org\seleniumhq\selenium\selenium-api\3.141.59\selenium-api-3.141.59.jar;C:\Users\ADMIN\.m2\repository\org\seleniumhq\selenium\selenium-chrome-driver\3.141.59\selenium-chrome-driver-3.141.59.jar;C:\Users\ADMIN\.m2\repository\org\seleniumhq\selenium\selenium-edge-driver\3.141.59\selenium-edge-driver-3.141.59.jar;C:\Users\ADMIN\.m2\repository\org\seleniumhq\selenium\selenium-firefox-driver\3.141.59\selenium-firefox-driver-3.141.59.jar;C:\Users\ADMIN\.m2\repository\org\seleniumhq\selenium\selenium-ie-driver\3.141.59\selenium-ie-driver-3.141.59.jar;C:\Users\ADMIN\.m2\repository\org\seleniumhq\selenium\selenium-opera-driver\3.141.59\selenium-opera-driver-3.141.59.jar;C:\Users\ADMIN\.m2\repository\org\seleniumhq\selenium\selenium-remote-driver\3.141.59\selenium-remote-driver-3.141.59.jar;C:\Users\ADMIN\.m2\repository\org\seleniumhq\selenium\selenium-safari-driver\3.141.59\selenium-safari-driver-3.141.59.jar;C:\Users\ADMIN\.m2\repository\org\seleniumhq\selenium\selenium-support\3.141.59\selenium-support-3.141.59.jar;C:\Users\ADMIN\.m2\repository\net\bytebuddy\byte-buddy\1.8.15\byte-buddy-1.8.15.jar;C:\Users\ADMIN\.m2\repository\org\apache\commons\commons-exec\1.3\commons-exec-1.3.jar;C:\Users\ADMIN\.m2\repository\com\google\guava\guava\25.0-jre\guava-25.0-jre.jar;C:\Users\ADMIN\.m2\repository\com\google\code\findbugs\jsr305\1.3.9\jsr305-1.3.9.jar;C:\Users\ADMIN\.m2\repository\org\checkerframework\checker-compat-qual\2.0.0\checker-compat-qual-2.0.0.jar;C:\Users\ADMIN\.m2\repository\com\google\errorprone\error_prone_annotations\2.1.3\error_prone_annotations-2.1.3.jar;C:\Users\ADMIN\.m2\repository\com
Launcher Type: SUN_STANDARD


[error occurred during error reporting (printing flags), id 0xe0000001, Out of Memory Error (t:/workspace/open/src/hotspot/share/memory/allocation.cpp:45)]

Logging:
Log output configuration:
 #0: stdout all=warning uptime,level,tags
 #1: stderr all=off uptime,level,tags

Environment Variables:
PATH=C:/Program Files/Java/jdk-13.0.2/bin/server;C:/Program Files/Java/jdk-13.0.2/bin;C:\Windows\system32;C:\Windows;C:\Windows\System32\Wbem;C:\Windows\System32\WindowsPowerShell\v1.0\;C:\Windows\System32\OpenSSH\;C:\Program Files (x86)\NVIDIA Corporation\PhysX\Common;C:\Program Files\NVIDIA Corporation\NVIDIA NvDLISR;C:\Program Files\Microsoft SQL Server\130\Tools\Binn\;C:\Program Files\Microsoft SQL Server\Client SDK\ODBC\170\Tools\Binn\;C:\Program Files (x86)\Microsoft SQL Server\150\DTS\Binn\;C:\Program Files\Microsoft SQL Server\Client SDK\ODBC\130\Tools\Binn\;C:\Program Files (x86)\Microsoft SQL Server\140\Tools\Binn\;C:\Program Files\Microsoft SQL Server\140\Tools\Binn\;C:\Program Files\Microsoft SQL Server\140\DTS\Binn\;C:\Program Files\Git\cmd;C:\Program Files\dotnet\;C:\Program Files\Java\jdk-13.0.2\bin;C:\Users\ADMIN\AppData\Local\Microsoft\WindowsApps;C:\AppServ\Apache2.2\bin;C:\AppServ\php5;C:\AppServ\MySQL\bin;C:\Users\ADMIN\Desktop;
USERNAME=ADMIN
OS=Windows_NT
PROCESSOR_IDENTIFIER=Intel64 Family 6 Model 158 Stepping 10, GenuineIntel



---------------  S Y S T E M  ---------------

OS: Windows 10 , 64 bit Build 18362 (10.0.18362.329)

CPU:total 6 (initial active 6) (6 cores per cpu, 1 threads per core) family 6 model 158 stepping 10, cmov, cx8, fxsr, mmx, sse, sse2, sse3, ssse3, sse4.1, sse4.2, popcnt, avx, avx2, aes, clmul, erms, 3dnowpref, lzcnt, tsc, tscinvbit, bmi1, bmi2, adx, fma

Memory: 4k page, system-wide physical 8127M (750M free)
TotalPageFile size 32703M (AvailPageFile size 0M)
current process WorkingSet (physical memory assigned to process): 85M, peak: 91M
current process commit charge ("private bytes"): 229M, peak: 234M

vm_info: Java HotSpot(TM) 64-Bit Server VM (13.0.2+8) for windows-amd64 JRE (13.0.2+8), built on Dec 11 2019 09:20:33 by "mach5one" with unknown MS VC++:1916

END.
