#
# There is insufficient memory for the Java Runtime Environment to continue.
# Native memory allocation (malloc) failed to allocate 244128 bytes for Chunk::new
# Possible reasons:
#   The system is out of physical RAM or swap space
#   The process is running with CompressedOops enabled, and the Java Heap may be blocking the growth of the native heap
# Possible solutions:
#   Reduce memory load on the system
#   Increase physical memory or swap space
#   Check if swap backing store is full
#   Decrease Java heap size (-Xmx/-Xms)
#   Decrease number of Java threads
#   Decrease Java thread stack sizes (-Xss)
#   Set larger code cache with -XX:ReservedCodeCacheSize=
#   JVM is running with Unscaled Compressed Oops mode in which the Java heap is
#     placed in the first 4GB address space. The Java Heap base address is the
#     maximum limit for the native heap growth. Please use -XX:HeapBaseMinAddress
#     to set the Java Heap base and to place the Java Heap above 4GB virtual address.
# This output file may be truncated or incomplete.
#
#  Out of Memory Error (t:/workspace/open/src/hotspot/share/memory/arena.cpp:196), pid=7172, tid=12552
#
# JRE version: Java(TM) SE Runtime Environment (13.0.2+8) (build 13.0.2+8)
# Java VM: Java HotSpot(TM) 64-Bit Server VM (13.0.2+8, mixed mode, sharing, tiered, compressed oops, g1 gc, windows-amd64)
# No core dump will be written. Minidumps are not enabled by default on client versions of Windows
#

---------------  S U M M A R Y ------------

Command Line: -ea -Dfile.encoding=Cp1252 org.testng.remote.RemoteTestNG -serport 53173 -protocol json -d C:\Users\ADMIN\Desktop\Codebase\Finsys\test-output C:\Users\ADMIN\AppData\Local\Temp\testng-eclipse-1685439086\testng-customsuite.xml

Host: Intel(R) Core(TM) i5-9400F CPU @ 2.90GHz, 6 cores, 7G,  Windows 10 , 64 bit Build 18362 (10.0.18362.329)
Time: Mon Mar 30 17:31:48 2020 India Standard Time elapsed time: 9 seconds (0d 0h 0m 9s)

---------------  T H R E A D  ---------------

Current thread (0x0000029bed83e800):  JavaThread "C2 CompilerThread0" daemon [_thread_in_native, id=12552, stack(0x000000b7f9300000,0x000000b7f9400000)]


Current CompileTask:
C2:   9507 1636   !   4       org.openqa.selenium.json.Input::init (71 bytes)

Stack: [0x000000b7f9300000,0x000000b7f9400000]
Native frames: (J=compiled Java code, j=interpreted, Vv=VM code, C=native code)
V  [jvm.dll+0x624f9a]
V  [jvm.dll+0x770cfa]
V  [jvm.dll+0x7724af]
V  [jvm.dll+0x772ab3]
V  [jvm.dll+0x24bf08]
V  [jvm.dll+0xc1e47]
V  [jvm.dll+0xc23cc]
V  [jvm.dll+0x35c0c5]
V  [jvm.dll+0x327803]
V  [jvm.dll+0x326bda]
V  [jvm.dll+0x205c27]
V  [jvm.dll+0x204e3f]
V  [jvm.dll+0x189c2c]
V  [jvm.dll+0x213e6d]
V  [jvm.dll+0x2120bb]
V  [jvm.dll+0x736bb6]
V  [jvm.dll+0x72fcaa]
V  [jvm.dll+0x623ea6]
C  [ucrtbase.dll+0x20e72]
C  [KERNEL32.DLL+0x17bd4]
C  [ntdll.dll+0x6ced1]


---------------  P R O C E S S  ---------------

Threads class SMR info:
_java_thread_list=0x0000029beec8bb50, length=17, elements={
0x0000029bced72800, 0x0000029bed822800, 0x0000029bed825800, 0x0000029bed83c000,
0x0000029bed83d800, 0x0000029bed83e800, 0x0000029bed848800, 0x0000029bed849800,
0x0000029bee282800, 0x0000029bee286800, 0x0000029bee8db000, 0x0000029beec8c800,
0x0000029beec82800, 0x0000029beecef000, 0x0000029beecef800, 0x0000029bef5bd800,
0x0000029beed50800
}

Java Threads: ( => current thread )
  0x0000029bced72800 JavaThread "main" [_thread_in_native, id=15196, stack(0x000000b7f8800000,0x000000b7f8900000)]
  0x0000029bed822800 JavaThread "Reference Handler" daemon [_thread_blocked, id=7644, stack(0x000000b7f8f00000,0x000000b7f9000000)]
  0x0000029bed825800 JavaThread "Finalizer" daemon [_thread_blocked, id=3604, stack(0x000000b7f9000000,0x000000b7f9100000)]
  0x0000029bed83c000 JavaThread "Signal Dispatcher" daemon [_thread_blocked, id=13276, stack(0x000000b7f9100000,0x000000b7f9200000)]
  0x0000029bed83d800 JavaThread "Attach Listener" daemon [_thread_blocked, id=11392, stack(0x000000b7f9200000,0x000000b7f9300000)]
=>0x0000029bed83e800 JavaThread "C2 CompilerThread0" daemon [_thread_in_native, id=12552, stack(0x000000b7f9300000,0x000000b7f9400000)]
  0x0000029bed848800 JavaThread "C1 CompilerThread0" daemon [_thread_blocked, id=12700, stack(0x000000b7f9400000,0x000000b7f9500000)]
  0x0000029bed849800 JavaThread "Sweeper thread" daemon [_thread_blocked, id=3844, stack(0x000000b7f9500000,0x000000b7f9600000)]
  0x0000029bee282800 JavaThread "Service Thread" daemon [_thread_blocked, id=16496, stack(0x000000b7f9600000,0x000000b7f9700000)]
  0x0000029bee286800 JavaThread "Common-Cleaner" daemon [_thread_blocked, id=14928, stack(0x000000b7f9800000,0x000000b7f9900000)]
  0x0000029bee8db000 JavaThread "ReaderThread" [_thread_in_native, id=11156, stack(0x000000b7f9a00000,0x000000b7f9b00000)]
  0x0000029beec8c800 JavaThread "Exec Default Executor" daemon [_thread_in_native, id=9784, stack(0x000000b7f9e00000,0x000000b7f9f00000)]
  0x0000029beec82800 JavaThread "UrlChecker-2" daemon [_thread_blocked, id=2828, stack(0x000000b7f9f00000,0x000000b7fa000000)]
  0x0000029beecef000 JavaThread "Exec Stream Pumper" daemon [_thread_in_native, id=18320, stack(0x000000b7fa000000,0x000000b7fa100000)]
  0x0000029beecef800 JavaThread "Exec Stream Pumper" daemon [_thread_in_native, id=5376, stack(0x000000b7fa100000,0x000000b7fa200000)]
  0x0000029bef5bd800 JavaThread "OkHttp ConnectionPool" daemon [_thread_blocked, id=11492, stack(0x000000b7fa300000,0x000000b7fa400000)]
  0x0000029beed50800 JavaThread "Okio Watchdog" daemon [_thread_blocked, id=13072, stack(0x000000b7fa400000,0x000000b7fa500000)]

Other Threads:
  0x0000029bed81d800 VMThread "VM Thread" [stack: 0x000000b7f8e00000,0x000000b7f8f00000] [id=11116]
  0x0000029bee283800 WatcherThread [stack: 0x000000b7f9700000,0x000000b7f9800000] [id=18412]
  0x0000029bcedb6000 GCTaskThread "GC Thread#0" [stack: 0x000000b7f8900000,0x000000b7f8a00000] [id=14252]
  0x0000029beebed800 GCTaskThread "GC Thread#1" [stack: 0x000000b7f9b00000,0x000000b7f9c00000] [id=13916]
  0x0000029beec0a800 GCTaskThread "GC Thread#2" [stack: 0x000000b7f9c00000,0x000000b7f9d00000] [id=13460]
  0x0000029beec0b800 GCTaskThread "GC Thread#3" [stack: 0x000000b7f9d00000,0x000000b7f9e00000] [id=2452]
  0x0000029bcedc8000 ConcurrentGCThread "G1 Main Marker" [stack: 0x000000b7f8a00000,0x000000b7f8b00000] [id=7584]
  0x0000029bcedc9000 ConcurrentGCThread "G1 Conc#0" [stack: 0x000000b7f8b00000,0x000000b7f8c00000] [id=14792]
  0x0000029bcee3e800 ConcurrentGCThread "G1 Refine#0" [stack: 0x000000b7f8c00000,0x000000b7f8d00000] [id=12024]
  0x0000029bed695800 ConcurrentGCThread "G1 Young RemSet Sampling" [stack: 0x000000b7f8d00000,0x000000b7f8e00000] [id=13256]

Threads with active compile tasks:
C2 CompilerThread0    10099 1636   !   4       org.openqa.selenium.json.Input::init (71 bytes)

VM state:not at safepoint (normal execution)

VM Mutex/Monitor currently owned by a thread: None

Heap address: 0x0000000081000000, size: 2032 MB, Compressed Oops mode: 32-bit
Narrow klass base: 0x0000000800000000, Narrow klass shift: 3
Compressed class space size: 1073741824 Address: 0x0000000800b40000

Heap:
 garbage-first heap   total 131072K, used 24446K [0x0000000081000000, 0x0000000100000000)
  region size 1024K, 24 young (24576K), 3 survivors (3072K)
 Metaspace       used 14211K, capacity 14754K, committed 15104K, reserved 1067008K
  class space    used 1722K, capacity 1933K, committed 2048K, reserved 1048576K
Heap Regions: E=young(eden), S=young(survivor), O=old, HS=humongous(starts), HC=humongous(continues), CS=collection set, F=free, A=archive, TAMS=top-at-mark-start (previous, next)
|   0|0x0000000081000000, 0x00000000810df800, 0x0000000081100000| 87%| O|  |TAMS 0x0000000081000000, 0x0000000081000000| Untracked 
|   1|0x0000000081100000, 0x0000000081100000, 0x0000000081200000|  0%| F|  |TAMS 0x0000000081100000, 0x0000000081100000| Untracked 
|   2|0x0000000081200000, 0x0000000081200000, 0x0000000081300000|  0%| F|  |TAMS 0x0000000081200000, 0x0000000081200000| Untracked 
|   3|0x0000000081300000, 0x0000000081300000, 0x0000000081400000|  0%| F|  |TAMS 0x0000000081300000, 0x0000000081300000| Untracked 
|   4|0x0000000081400000, 0x0000000081400000, 0x0000000081500000|  0%| F|  |TAMS 0x0000000081400000, 0x0000000081400000| Untracked 
|   5|0x0000000081500000, 0x0000000081500000, 0x0000000081600000|  0%| F|  |TAMS 0x0000000081500000, 0x0000000081500000| Untracked 
|   6|0x0000000081600000, 0x0000000081600000, 0x0000000081700000|  0%| F|  |TAMS 0x0000000081600000, 0x0000000081600000| Untracked 
|   7|0x0000000081700000, 0x0000000081700000, 0x0000000081800000|  0%| F|  |TAMS 0x0000000081700000, 0x0000000081700000| Untracked 
|   8|0x0000000081800000, 0x0000000081800000, 0x0000000081900000|  0%| F|  |TAMS 0x0000000081800000, 0x0000000081800000| Untracked 
|   9|0x0000000081900000, 0x0000000081900000, 0x0000000081a00000|  0%| F|  |TAMS 0x0000000081900000, 0x0000000081900000| Untracked 
|  10|0x0000000081a00000, 0x0000000081a00000, 0x0000000081b00000|  0%| F|  |TAMS 0x0000000081a00000, 0x0000000081a00000| Untracked 
|  11|0x0000000081b00000, 0x0000000081b00000, 0x0000000081c00000|  0%| F|  |TAMS 0x0000000081b00000, 0x0000000081b00000| Untracked 
|  12|0x0000000081c00000, 0x0000000081c00000, 0x0000000081d00000|  0%| F|  |TAMS 0x0000000081c00000, 0x0000000081c00000| Untracked 
|  13|0x0000000081d00000, 0x0000000081d00000, 0x0000000081e00000|  0%| F|  |TAMS 0x0000000081d00000, 0x0000000081d00000| Untracked 
|  14|0x0000000081e00000, 0x0000000081e00000, 0x0000000081f00000|  0%| F|  |TAMS 0x0000000081e00000, 0x0000000081e00000| Untracked 
|  15|0x0000000081f00000, 0x0000000081f00000, 0x0000000082000000|  0%| F|  |TAMS 0x0000000081f00000, 0x0000000081f00000| Untracked 
|  16|0x0000000082000000, 0x0000000082000000, 0x0000000082100000|  0%| F|  |TAMS 0x0000000082000000, 0x0000000082000000| Untracked 
|  17|0x0000000082100000, 0x0000000082100000, 0x0000000082200000|  0%| F|  |TAMS 0x0000000082100000, 0x0000000082100000| Untracked 
|  18|0x0000000082200000, 0x0000000082200000, 0x0000000082300000|  0%| F|  |TAMS 0x0000000082200000, 0x0000000082200000| Untracked 
|  19|0x0000000082300000, 0x0000000082300000, 0x0000000082400000|  0%| F|  |TAMS 0x0000000082300000, 0x0000000082300000| Untracked 
|  20|0x0000000082400000, 0x0000000082400000, 0x0000000082500000|  0%| F|  |TAMS 0x0000000082400000, 0x0000000082400000| Untracked 
|  21|0x0000000082500000, 0x0000000082500000, 0x0000000082600000|  0%| F|  |TAMS 0x0000000082500000, 0x0000000082500000| Untracked 
|  22|0x0000000082600000, 0x0000000082600000, 0x0000000082700000|  0%| F|  |TAMS 0x0000000082600000, 0x0000000082600000| Untracked 
|  23|0x0000000082700000, 0x0000000082700000, 0x0000000082800000|  0%| F|  |TAMS 0x0000000082700000, 0x0000000082700000| Untracked 
|  24|0x0000000082800000, 0x0000000082800000, 0x0000000082900000|  0%| F|  |TAMS 0x0000000082800000, 0x0000000082800000| Untracked 
|  25|0x0000000082900000, 0x0000000082900000, 0x0000000082a00000|  0%| F|  |TAMS 0x0000000082900000, 0x0000000082900000| Untracked 
|  26|0x0000000082a00000, 0x0000000082a00000, 0x0000000082b00000|  0%| F|  |TAMS 0x0000000082a00000, 0x0000000082a00000| Untracked 
|  27|0x0000000082b00000, 0x0000000082b00000, 0x0000000082c00000|  0%| F|  |TAMS 0x0000000082b00000, 0x0000000082b00000| Untracked 
|  28|0x0000000082c00000, 0x0000000082c00000, 0x0000000082d00000|  0%| F|  |TAMS 0x0000000082c00000, 0x0000000082c00000| Untracked 
|  29|0x0000000082d00000, 0x0000000082d00000, 0x0000000082e00000|  0%| F|  |TAMS 0x0000000082d00000, 0x0000000082d00000| Untracked 
|  30|0x0000000082e00000, 0x0000000082e00000, 0x0000000082f00000|  0%| F|  |TAMS 0x0000000082e00000, 0x0000000082e00000| Untracked 
|  31|0x0000000082f00000, 0x0000000082f00000, 0x0000000083000000|  0%| F|  |TAMS 0x0000000082f00000, 0x0000000082f00000| Untracked 
|  32|0x0000000083000000, 0x0000000083000000, 0x0000000083100000|  0%| F|  |TAMS 0x0000000083000000, 0x0000000083000000| Untracked 
|  33|0x0000000083100000, 0x0000000083100000, 0x0000000083200000|  0%| F|  |TAMS 0x0000000083100000, 0x0000000083100000| Untracked 
|  34|0x0000000083200000, 0x0000000083200000, 0x0000000083300000|  0%| F|  |TAMS 0x0000000083200000, 0x0000000083200000| Untracked 
|  35|0x0000000083300000, 0x0000000083300000, 0x0000000083400000|  0%| F|  |TAMS 0x0000000083300000, 0x0000000083300000| Untracked 
|  36|0x0000000083400000, 0x0000000083400000, 0x0000000083500000|  0%| F|  |TAMS 0x0000000083400000, 0x0000000083400000| Untracked 
|  37|0x0000000083500000, 0x0000000083500000, 0x0000000083600000|  0%| F|  |TAMS 0x0000000083500000, 0x0000000083500000| Untracked 
|  38|0x0000000083600000, 0x0000000083600000, 0x0000000083700000|  0%| F|  |TAMS 0x0000000083600000, 0x0000000083600000| Untracked 
|  39|0x0000000083700000, 0x0000000083700000, 0x0000000083800000|  0%| F|  |TAMS 0x0000000083700000, 0x0000000083700000| Untracked 
|  40|0x0000000083800000, 0x0000000083800000, 0x0000000083900000|  0%| F|  |TAMS 0x0000000083800000, 0x0000000083800000| Untracked 
|  41|0x0000000083900000, 0x0000000083900000, 0x0000000083a00000|  0%| F|  |TAMS 0x0000000083900000, 0x0000000083900000| Untracked 
|  42|0x0000000083a00000, 0x0000000083a00000, 0x0000000083b00000|  0%| F|  |TAMS 0x0000000083a00000, 0x0000000083a00000| Untracked 
|  43|0x0000000083b00000, 0x0000000083b00000, 0x0000000083c00000|  0%| F|  |TAMS 0x0000000083b00000, 0x0000000083b00000| Untracked 
|  44|0x0000000083c00000, 0x0000000083c00000, 0x0000000083d00000|  0%| F|  |TAMS 0x0000000083c00000, 0x0000000083c00000| Untracked 
|  45|0x0000000083d00000, 0x0000000083d00000, 0x0000000083e00000|  0%| F|  |TAMS 0x0000000083d00000, 0x0000000083d00000| Untracked 
|  46|0x0000000083e00000, 0x0000000083e00000, 0x0000000083f00000|  0%| F|  |TAMS 0x0000000083e00000, 0x0000000083e00000| Untracked 
|  47|0x0000000083f00000, 0x0000000083f00000, 0x0000000084000000|  0%| F|  |TAMS 0x0000000083f00000, 0x0000000083f00000| Untracked 
|  48|0x0000000084000000, 0x0000000084000000, 0x0000000084100000|  0%| F|  |TAMS 0x0000000084000000, 0x0000000084000000| Untracked 
|  49|0x0000000084100000, 0x0000000084100000, 0x0000000084200000|  0%| F|  |TAMS 0x0000000084100000, 0x0000000084100000| Untracked 
|  50|0x0000000084200000, 0x0000000084200000, 0x0000000084300000|  0%| F|  |TAMS 0x0000000084200000, 0x0000000084200000| Untracked 
|  51|0x0000000084300000, 0x0000000084300000, 0x0000000084400000|  0%| F|  |TAMS 0x0000000084300000, 0x0000000084300000| Untracked 
|  52|0x0000000084400000, 0x0000000084400000, 0x0000000084500000|  0%| F|  |TAMS 0x0000000084400000, 0x0000000084400000| Untracked 
|  53|0x0000000084500000, 0x0000000084500000, 0x0000000084600000|  0%| F|  |TAMS 0x0000000084500000, 0x0000000084500000| Untracked 
|  54|0x0000000084600000, 0x0000000084600000, 0x0000000084700000|  0%| F|  |TAMS 0x0000000084600000, 0x0000000084600000| Untracked 
|  55|0x0000000084700000, 0x0000000084700000, 0x0000000084800000|  0%| F|  |TAMS 0x0000000084700000, 0x0000000084700000| Untracked 
|  56|0x0000000084800000, 0x0000000084800000, 0x0000000084900000|  0%| F|  |TAMS 0x0000000084800000, 0x0000000084800000| Untracked 
|  57|0x0000000084900000, 0x0000000084900000, 0x0000000084a00000|  0%| F|  |TAMS 0x0000000084900000, 0x0000000084900000| Untracked 
|  58|0x0000000084a00000, 0x0000000084a00000, 0x0000000084b00000|  0%| F|  |TAMS 0x0000000084a00000, 0x0000000084a00000| Untracked 
|  59|0x0000000084b00000, 0x0000000084b00000, 0x0000000084c00000|  0%| F|  |TAMS 0x0000000084b00000, 0x0000000084b00000| Untracked 
|  60|0x0000000084c00000, 0x0000000084c00000, 0x0000000084d00000|  0%| F|  |TAMS 0x0000000084c00000, 0x0000000084c00000| Untracked 
|  61|0x0000000084d00000, 0x0000000084d00000, 0x0000000084e00000|  0%| F|  |TAMS 0x0000000084d00000, 0x0000000084d00000| Untracked 
|  62|0x0000000084e00000, 0x0000000084e00000, 0x0000000084f00000|  0%| F|  |TAMS 0x0000000084e00000, 0x0000000084e00000| Untracked 
|  63|0x0000000084f00000, 0x0000000084f00000, 0x0000000085000000|  0%| F|  |TAMS 0x0000000084f00000, 0x0000000084f00000| Untracked 
|  64|0x0000000085000000, 0x0000000085000000, 0x0000000085100000|  0%| F|  |TAMS 0x0000000085000000, 0x0000000085000000| Untracked 
|  65|0x0000000085100000, 0x0000000085100000, 0x0000000085200000|  0%| F|  |TAMS 0x0000000085100000, 0x0000000085100000| Untracked 
|  66|0x0000000085200000, 0x0000000085200000, 0x0000000085300000|  0%| F|  |TAMS 0x0000000085200000, 0x0000000085200000| Untracked 
|  67|0x0000000085300000, 0x0000000085300000, 0x0000000085400000|  0%| F|  |TAMS 0x0000000085300000, 0x0000000085300000| Untracked 
|  68|0x0000000085400000, 0x0000000085400000, 0x0000000085500000|  0%| F|  |TAMS 0x0000000085400000, 0x0000000085400000| Untracked 
|  69|0x0000000085500000, 0x0000000085500000, 0x0000000085600000|  0%| F|  |TAMS 0x0000000085500000, 0x0000000085500000| Untracked 
|  70|0x0000000085600000, 0x0000000085600000, 0x0000000085700000|  0%| F|  |TAMS 0x0000000085600000, 0x0000000085600000| Untracked 
|  71|0x0000000085700000, 0x0000000085700000, 0x0000000085800000|  0%| F|  |TAMS 0x0000000085700000, 0x0000000085700000| Untracked 
|  72|0x0000000085800000, 0x0000000085800000, 0x0000000085900000|  0%| F|  |TAMS 0x0000000085800000, 0x0000000085800000| Untracked 
|  73|0x0000000085900000, 0x0000000085900000, 0x0000000085a00000|  0%| F|  |TAMS 0x0000000085900000, 0x0000000085900000| Untracked 
|  74|0x0000000085a00000, 0x0000000085a00000, 0x0000000085b00000|  0%| F|  |TAMS 0x0000000085a00000, 0x0000000085a00000| Untracked 
|  75|0x0000000085b00000, 0x0000000085b00000, 0x0000000085c00000|  0%| F|  |TAMS 0x0000000085b00000, 0x0000000085b00000| Untracked 
|  76|0x0000000085c00000, 0x0000000085c00000, 0x0000000085d00000|  0%| F|  |TAMS 0x0000000085c00000, 0x0000000085c00000| Untracked 
|  77|0x0000000085d00000, 0x0000000085d00000, 0x0000000085e00000|  0%| F|  |TAMS 0x0000000085d00000, 0x0000000085d00000| Untracked 
|  78|0x0000000085e00000, 0x0000000085e00000, 0x0000000085f00000|  0%| F|  |TAMS 0x0000000085e00000, 0x0000000085e00000| Untracked 
|  79|0x0000000085f00000, 0x0000000085f00000, 0x0000000086000000|  0%| F|  |TAMS 0x0000000085f00000, 0x0000000085f00000| Untracked 
|  80|0x0000000086000000, 0x0000000086000000, 0x0000000086100000|  0%| F|  |TAMS 0x0000000086000000, 0x0000000086000000| Untracked 
|  81|0x0000000086100000, 0x0000000086100000, 0x0000000086200000|  0%| F|  |TAMS 0x0000000086100000, 0x0000000086100000| Untracked 
|  82|0x0000000086200000, 0x0000000086200000, 0x0000000086300000|  0%| F|  |TAMS 0x0000000086200000, 0x0000000086200000| Untracked 
|  83|0x0000000086300000, 0x0000000086300000, 0x0000000086400000|  0%| F|  |TAMS 0x0000000086300000, 0x0000000086300000| Untracked 
|  84|0x0000000086400000, 0x0000000086400000, 0x0000000086500000|  0%| F|  |TAMS 0x0000000086400000, 0x0000000086400000| Untracked 
|  85|0x0000000086500000, 0x0000000086500000, 0x0000000086600000|  0%| F|  |TAMS 0x0000000086500000, 0x0000000086500000| Untracked 
|  86|0x0000000086600000, 0x0000000086600000, 0x0000000086700000|  0%| F|  |TAMS 0x0000000086600000, 0x0000000086600000| Untracked 
|  87|0x0000000086700000, 0x0000000086700000, 0x0000000086800000|  0%| F|  |TAMS 0x0000000086700000, 0x0000000086700000| Untracked 
|  88|0x0000000086800000, 0x0000000086800000, 0x0000000086900000|  0%| F|  |TAMS 0x0000000086800000, 0x0000000086800000| Untracked 
|  89|0x0000000086900000, 0x0000000086900000, 0x0000000086a00000|  0%| F|  |TAMS 0x0000000086900000, 0x0000000086900000| Untracked 
|  90|0x0000000086a00000, 0x0000000086a00000, 0x0000000086b00000|  0%| F|  |TAMS 0x0000000086a00000, 0x0000000086a00000| Untracked 
|  91|0x0000000086b00000, 0x0000000086b00000, 0x0000000086c00000|  0%| F|  |TAMS 0x0000000086b00000, 0x0000000086b00000| Untracked 
|  92|0x0000000086c00000, 0x0000000086c00000, 0x0000000086d00000|  0%| F|  |TAMS 0x0000000086c00000, 0x0000000086c00000| Untracked 
|  93|0x0000000086d00000, 0x0000000086d00000, 0x0000000086e00000|  0%| F|  |TAMS 0x0000000086d00000, 0x0000000086d00000| Untracked 
|  94|0x0000000086e00000, 0x0000000086e00000, 0x0000000086f00000|  0%| F|  |TAMS 0x0000000086e00000, 0x0000000086e00000| Untracked 
|  95|0x0000000086f00000, 0x0000000086f00000, 0x0000000087000000|  0%| F|  |TAMS 0x0000000086f00000, 0x0000000086f00000| Untracked 
|  96|0x0000000087000000, 0x0000000087000000, 0x0000000087100000|  0%| F|  |TAMS 0x0000000087000000, 0x0000000087000000| Untracked 
|  97|0x0000000087100000, 0x0000000087100000, 0x0000000087200000|  0%| F|  |TAMS 0x0000000087100000, 0x0000000087100000| Untracked 
|  98|0x0000000087200000, 0x0000000087200000, 0x0000000087300000|  0%| F|  |TAMS 0x0000000087200000, 0x0000000087200000| Untracked 
|  99|0x0000000087300000, 0x0000000087300000, 0x0000000087400000|  0%| F|  |TAMS 0x0000000087300000, 0x0000000087300000| Untracked 
| 100|0x0000000087400000, 0x0000000087400000, 0x0000000087500000|  0%| F|  |TAMS 0x0000000087400000, 0x0000000087400000| Untracked 
| 101|0x0000000087500000, 0x0000000087500000, 0x0000000087600000|  0%| F|  |TAMS 0x0000000087500000, 0x0000000087500000| Untracked 
| 102|0x0000000087600000, 0x0000000087600000, 0x0000000087700000|  0%| F|  |TAMS 0x0000000087600000, 0x0000000087600000| Untracked 
| 103|0x0000000087700000, 0x0000000087800000, 0x0000000087800000|100%| S|CS|TAMS 0x0000000087700000, 0x0000000087700000| Complete 
| 104|0x0000000087800000, 0x0000000087900000, 0x0000000087900000|100%| S|CS|TAMS 0x0000000087800000, 0x0000000087800000| Complete 
| 105|0x0000000087900000, 0x0000000087a00000, 0x0000000087a00000|100%| S|CS|TAMS 0x0000000087900000, 0x0000000087900000| Complete 
| 106|0x0000000087a00000, 0x0000000087a00000, 0x0000000087b00000|  0%| F|  |TAMS 0x0000000087a00000, 0x0000000087a00000| Untracked 
| 107|0x0000000087b00000, 0x0000000087c00000, 0x0000000087c00000|100%| E|  |TAMS 0x0000000087b00000, 0x0000000087b00000| Complete 
| 108|0x0000000087c00000, 0x0000000087d00000, 0x0000000087d00000|100%| E|CS|TAMS 0x0000000087c00000, 0x0000000087c00000| Complete 
| 109|0x0000000087d00000, 0x0000000087e00000, 0x0000000087e00000|100%| E|CS|TAMS 0x0000000087d00000, 0x0000000087d00000| Complete 
| 110|0x0000000087e00000, 0x0000000087f00000, 0x0000000087f00000|100%| E|CS|TAMS 0x0000000087e00000, 0x0000000087e00000| Complete 
| 111|0x0000000087f00000, 0x0000000088000000, 0x0000000088000000|100%| E|CS|TAMS 0x0000000087f00000, 0x0000000087f00000| Complete 
| 112|0x0000000088000000, 0x0000000088100000, 0x0000000088100000|100%| E|CS|TAMS 0x0000000088000000, 0x0000000088000000| Complete 
| 113|0x0000000088100000, 0x0000000088200000, 0x0000000088200000|100%| E|CS|TAMS 0x0000000088100000, 0x0000000088100000| Complete 
| 114|0x0000000088200000, 0x0000000088300000, 0x0000000088300000|100%| E|CS|TAMS 0x0000000088200000, 0x0000000088200000| Complete 
| 115|0x0000000088300000, 0x0000000088400000, 0x0000000088400000|100%| E|CS|TAMS 0x0000000088300000, 0x0000000088300000| Complete 
| 116|0x0000000088400000, 0x0000000088500000, 0x0000000088500000|100%| E|CS|TAMS 0x0000000088400000, 0x0000000088400000| Complete 
| 117|0x0000000088500000, 0x0000000088600000, 0x0000000088600000|100%| E|CS|TAMS 0x0000000088500000, 0x0000000088500000| Complete 
| 118|0x0000000088600000, 0x0000000088700000, 0x0000000088700000|100%| E|CS|TAMS 0x0000000088600000, 0x0000000088600000| Complete 
| 119|0x0000000088700000, 0x0000000088800000, 0x0000000088800000|100%| E|CS|TAMS 0x0000000088700000, 0x0000000088700000| Complete 
| 120|0x0000000088800000, 0x0000000088900000, 0x0000000088900000|100%| E|CS|TAMS 0x0000000088800000, 0x0000000088800000| Complete 
| 121|0x0000000088900000, 0x0000000088a00000, 0x0000000088a00000|100%| E|CS|TAMS 0x0000000088900000, 0x0000000088900000| Complete 
| 122|0x0000000088a00000, 0x0000000088b00000, 0x0000000088b00000|100%| E|CS|TAMS 0x0000000088a00000, 0x0000000088a00000| Complete 
| 123|0x0000000088b00000, 0x0000000088c00000, 0x0000000088c00000|100%| E|CS|TAMS 0x0000000088b00000, 0x0000000088b00000| Complete 
| 124|0x0000000088c00000, 0x0000000088d00000, 0x0000000088d00000|100%| E|CS|TAMS 0x0000000088c00000, 0x0000000088c00000| Complete 
| 125|0x0000000088d00000, 0x0000000088e00000, 0x0000000088e00000|100%| E|CS|TAMS 0x0000000088d00000, 0x0000000088d00000| Complete 
| 126|0x0000000088e00000, 0x0000000088f00000, 0x0000000088f00000|100%| E|CS|TAMS 0x0000000088e00000, 0x0000000088e00000| Complete 
| 127|0x0000000088f00000, 0x0000000089000000, 0x0000000089000000|100%| E|CS|TAMS 0x0000000088f00000, 0x0000000088f00000| Complete 

Card table byte_map: [0x0000029be6890000,0x0000029be6c90000] _byte_map_base: 0x0000029be6488000

Marking Bits (Prev, Next): (CMBitMap*) 0x0000029bcedb6ab8, (CMBitMap*) 0x0000029bcedb6af8
 Prev Bits: [0x0000029be7090000, 0x0000029be9050000)
 Next Bits: [0x0000029be9050000, 0x0000029beb010000)

Polling page: 0x0000029bccb40000

Metaspace:

Usage:
  Non-class:     12.52 MB capacity,    12.20 MB ( 97%) used,   282.30 KB (  2%) free+waste,    50.00 KB ( <1%) overhead. 
      Class:      1.89 MB capacity,     1.68 MB ( 89%) used,   183.80 KB ( 10%) free+waste,    26.38 KB (  1%) overhead. 
       Both:     14.41 MB capacity,    13.88 MB ( 96%) used,   466.10 KB (  3%) free+waste,    76.38 KB ( <1%) overhead. 

Virtual space:
  Non-class space:       18.00 MB reserved,      12.75 MB ( 71%) committed 
      Class space:        1.00 GB reserved,       2.00 MB ( <1%) committed 
             Both:        1.02 GB reserved,      14.75 MB (  1%) committed 

Chunk freelists:
   Non-Class:  43.00 KB
       Class:  19.00 KB
        Both:  62.00 KB

MaxMetaspaceSize: 17179869184.00 GB
CompressedClassSpaceSize: 1.00 GB

CodeHeap 'non-profiled nmethods': size=120000Kb used=534Kb max_used=534Kb free=119465Kb
 bounds [0x0000029bded40000, 0x0000029bdefb0000, 0x0000029be6270000]
CodeHeap 'profiled nmethods': size=120000Kb used=3394Kb max_used=3394Kb free=116605Kb
 bounds [0x0000029bd7810000, 0x0000029bd7b70000, 0x0000029bded40000]
CodeHeap 'non-nmethods': size=5760Kb used=1243Kb max_used=1251Kb free=4516Kb
 bounds [0x0000029bd7270000, 0x0000029bd74e0000, 0x0000029bd7810000]
 total_blobs=2838 nmethods=1682 adapters=412
 compilation: enabled
              stopped_count=0, restarted_count=0
 full_count=0

Compilation events (20 events):
Event: 9.413 Thread 0x0000029bed848800 nmethod 1632 0x0000029bd7b43b10 code [0x0000029bd7b43d40, 0x0000029bd7b445e0]
Event: 9.414 Thread 0x0000029bed848800 1633       3       java.lang.Float::isNaN (12 bytes)
Event: 9.414 Thread 0x0000029bed848800 nmethod 1633 0x0000029bd7b44890 code [0x0000029bd7b44a40, 0x0000029bd7b44bf8]
Event: 9.428 Thread 0x0000029bed848800 1634       3       java.util.Spliterators$ArraySpliterator::tryAdvance (58 bytes)
Event: 9.428 Thread 0x0000029bed83e800 1636   !   4       org.openqa.selenium.json.Input::init (71 bytes)
Event: 9.428 Thread 0x0000029bed848800 nmethod 1634 0x0000029bd7b44c90 code [0x0000029bd7b44e60, 0x0000029bd7b45280]
Event: 9.428 Thread 0x0000029bed848800 1635       1       java.util.stream.Collectors$CollectorImpl::characteristics (5 bytes)
Event: 9.428 Thread 0x0000029bed848800 nmethod 1635 0x0000029bdedc5290 code [0x0000029bdedc5420, 0x0000029bdedc5558]
Event: 9.429 Thread 0x0000029bed848800 1637       3       org.openqa.selenium.json.JsonInput::peek (288 bytes)
Event: 9.430 Thread 0x0000029bed848800 nmethod 1637 0x0000029bd7b45410 code [0x0000029bd7b457e0, 0x0000029bd7b46fb0]
Event: 9.430 Thread 0x0000029bed848800 1638   !   3       java.io.StringReader::read (133 bytes)
Event: 9.430 Thread 0x0000029bed848800 nmethod 1638 0x0000029bd7b47790 code [0x0000029bd7b479c0, 0x0000029bd7b48330]
Event: 9.430 Thread 0x0000029bed848800 1639       3       java.io.StringReader::ensureOpen (18 bytes)
Event: 9.430 Thread 0x0000029bed848800 nmethod 1639 0x0000029bd7b48710 code [0x0000029bd7b488c0, 0x0000029bd7b48b50]
Event: 9.430 Thread 0x0000029bed848800 1640       3       java.util.ArrayDeque::peekFirst (12 bytes)
Event: 9.430 Thread 0x0000029bed848800 nmethod 1640 0x0000029bd7b48c10 code [0x0000029bd7b48dc0, 0x0000029bd7b48fb8]
Event: 9.430 Thread 0x0000029bed848800 1642       3       java.util.stream.ReferencePipeline$3$1::accept (23 bytes)
Event: 9.430 Thread 0x0000029bed848800 nmethod 1642 0x0000029bd7b49110 code [0x0000029bd7b492e0, 0x0000029bd7b49620]
Event: 9.456 Thread 0x0000029bed848800 1643       3       java.math.BigInteger::<init> (77 bytes)
Event: 9.456 Thread 0x0000029bed848800 nmethod 1643 0x0000029bd7b49710 code [0x0000029bd7b498e0, 0x0000029bd7b49e18]

GC Heap History (2 events):
Event: 0.648 GC heap before
{Heap before GC invocations=0 (full 0):
 garbage-first heap   total 131072K, used 22528K [0x0000000081000000, 0x0000000100000000)
  region size 1024K, 22 young (22528K), 0 survivors (0K)
 Metaspace       used 9207K, capacity 9473K, committed 9600K, reserved 1058816K
  class space    used 1049K, capacity 1139K, committed 1152K, reserved 1048576K
}
Event: 0.651 GC heap after
{Heap after GC invocations=1 (full 0):
 garbage-first heap   total 131072K, used 3966K [0x0000000081000000, 0x0000000100000000)
  region size 1024K, 3 young (3072K), 3 survivors (3072K)
 Metaspace       used 9207K, capacity 9473K, committed 9600K, reserved 1058816K
  class space    used 1049K, capacity 1139K, committed 1152K, reserved 1048576K
}

Deoptimization events (20 events):
Event: 0.756 Thread 0x0000029bced72800 DEOPT PACKING pc=0x0000029bd7ac647b sp=0x000000b7f88f7f70
Event: 0.756 Thread 0x0000029bced72800 DEOPT UNPACKING pc=0x0000029bd72b964e sp=0x000000b7f88f73e0 mode 0
Event: 0.760 Thread 0x0000029beec82800 Uncommon trap: trap_request=0xffffff45 fr.pc=0x0000029bded9aaf0 relative=0x00000000000000d0
Event: 0.760 Thread 0x0000029beec82800 Uncommon trap: reason=unstable_if action=reinterpret pc=0x0000029bded9aaf0 method=java.lang.CharacterDataLatin1.digit(II)I @ 12 c2
Event: 0.760 Thread 0x0000029beec82800 DEOPT PACKING pc=0x0000029bded9aaf0 sp=0x000000b7f9ffeca0
Event: 0.760 Thread 0x0000029beec82800 DEOPT UNPACKING pc=0x0000029bd72b912f sp=0x000000b7f9ffeb58 mode 2
Event: 1.272 Thread 0x0000029beec82800 Uncommon trap: trap_request=0xffffff45 fr.pc=0x0000029bded9aed4 relative=0x00000000000000b4
Event: 1.272 Thread 0x0000029beec82800 Uncommon trap: reason=unstable_if action=reinterpret pc=0x0000029bded9aed4 method=java.lang.CharacterDataLatin1.digit(II)I @ 12 c2
Event: 1.272 Thread 0x0000029beec82800 DEOPT PACKING pc=0x0000029bded9aed4 sp=0x000000b7f9ffebf0
Event: 1.272 Thread 0x0000029beec82800 DEOPT UNPACKING pc=0x0000029bd72b912f sp=0x000000b7f9ffeb68 mode 2
Event: 1.319 Thread 0x0000029bced72800 DEOPT PACKING pc=0x0000029bd7ac647b sp=0x000000b7f88f8f20
Event: 1.319 Thread 0x0000029bced72800 DEOPT UNPACKING pc=0x0000029bd72b964e sp=0x000000b7f88f8390 mode 0
Event: 1.345 Thread 0x0000029bced72800 DEOPT PACKING pc=0x0000029bd7ac647b sp=0x000000b7f88f98c0
Event: 1.345 Thread 0x0000029bced72800 DEOPT UNPACKING pc=0x0000029bd72b964e sp=0x000000b7f88f8d30 mode 0
Event: 1.358 Thread 0x0000029bced72800 Uncommon trap: trap_request=0xffffff45 fr.pc=0x0000029bdeda7cb8 relative=0x0000000000000398
Event: 1.358 Thread 0x0000029bced72800 Uncommon trap: reason=unstable_if action=reinterpret pc=0x0000029bdeda7cb8 method=java.io.ByteArrayInputStream.read([BII)I @ 35 c2
Event: 1.358 Thread 0x0000029bced72800 DEOPT PACKING pc=0x0000029bdeda7cb8 sp=0x000000b7f88fc940
Event: 1.358 Thread 0x0000029bced72800 DEOPT UNPACKING pc=0x0000029bd72b912f sp=0x000000b7f88fc900 mode 2
Event: 1.360 Thread 0x0000029bced72800 DEOPT PACKING pc=0x0000029bd7ac647b sp=0x000000b7f88fb1a0
Event: 1.360 Thread 0x0000029bced72800 DEOPT UNPACKING pc=0x0000029bd72b964e sp=0x000000b7f88fa610 mode 0

Classes unloaded (0 events):
No events

Classes redefined (0 events):
No events

Internal exceptions (20 events):
Event: 0.484 Thread 0x0000029bced72800 Exception <a 'java/net/SocketException'{0x0000000087e07288}: Socket is not connected: shutdown> (0x0000000087e07288) 
thrown [t:/workspace/open/src/hotspot/share/prims/jni.cpp, line 619]
Event: 0.673 Thread 0x0000029bced72800 Exception <a 'sun/nio/fs/WindowsException'{0x0000000088de8850}> (0x0000000088de8850) 
thrown [t:/workspace/open/src/hotspot/share/prims/jni.cpp, line 598]
Event: 0.673 Thread 0x0000029bced72800 Exception <a 'java/lang/NoSuchMethodError'{0x0000000088dea1a0}: 'int java.lang.invoke.DirectMethodHandle$Holder.invokeSpecialIFC(java.lang.Object, java.lang.Object, int)'> (0x0000000088dea1a0) 
thrown [t:/workspace/open/src/hotspot/share/interpreter/linkResolver.cpp, line 767]
Event: 0.698 Thread 0x0000029bced72800 Exception <a 'java/lang/NoSuchMethodError'{0x0000000088c0ec60}: 'int java.lang.invoke.DirectMethodHandle$Holder.invokeStaticInit(java.lang.Object, java.lang.Object, java.lang.Object, java.lang.Object)'> (0x0000000088c0ec60) 
thrown [t:/workspace/open/src/hotspot/share/interpreter/linkResolver.cpp, line 767]
Event: 0.699 Thread 0x0000029bced72800 Exception <a 'java/lang/IncompatibleClassChangeError'{0x0000000088c178f8}: Found class java.lang.Object, but interface was expected> (0x0000000088c178f8) 
thrown [t:/workspace/open/src/hotspot/share/interpreter/linkResolver.cpp, line 833]
Event: 0.700 Thread 0x0000029bced72800 Exception <a 'java/lang/NoSuchMethodError'{0x0000000088c1aac0}: 'void java.lang.invoke.DirectMethodHandle$Holder.invokeStaticInit(java.lang.Object, java.lang.Object)'> (0x0000000088c1aac0) 
thrown [t:/workspace/open/src/hotspot/share/interpreter/linkResolver.cpp, line 767]
Event: 0.789 Thread 0x0000029beec8c800 Exception <a 'java/lang/NoSuchMethodError'{0x000000008880fd00}: 'void java.lang.invoke.DirectMethodHandle$Holder.invokeStatic(java.lang.Object, long)'> (0x000000008880fd00) 
thrown [t:/workspace/open/src/hotspot/share/interpreter/linkResolver.cpp, line 767]
Event: 0.792 Thread 0x0000029beec8c800 Exception <a 'java/lang/NoSuchMethodError'{0x0000000088819dd0}: 'java.lang.Object java.lang.invoke.DirectMethodHandle$Holder.invokeStaticInit(java.lang.Object, java.lang.Object, long, java.lang.Object)'> (0x0000000088819dd0) 
thrown [t:/workspace/open/src/hotspot/share/interpreter/linkResolver.cpp, line 767]
Event: 0.792 Thread 0x0000029beec8c800 Exception <a 'java/lang/NoSuchMethodError'{0x000000008881f228}: 'java.lang.Object java.lang.invoke.Invokers$Holder.linkToTargetMethod(java.lang.Object, long, java.lang.Object)'> (0x000000008881f228) 
thrown [t:/workspace/open/src/hotspot/share/interpreter/linkResolver.cpp, line 767]
Event: 1.261 Thread 0x0000029beec82800 Exception <a 'java/net/SocketException'{0x000000008888a770}: Socket is not connected: shutdown> (0x000000008888a770) 
thrown [t:/workspace/open/src/hotspot/share/prims/jni.cpp, line 619]
Event: 1.307 Thread 0x0000029bced72800 Exception <a 'java/lang/NoSuchMethodError'{0x00000000887c2dc8}: 'java.lang.Object java.lang.invoke.DirectMethodHandle$Holder.invokeInterface(java.lang.Object, java.lang.Object, java.lang.Object)'> (0x00000000887c2dc8) 
thrown [t:/workspace/open/src/hotspot/share/interpreter/linkResolver.cpp, line 767]
Event: 1.307 Thread 0x0000029bced72800 Exception <a 'java/lang/IncompatibleClassChangeError'{0x00000000887c5e38}: Found class java.lang.Object, but interface was expected> (0x00000000887c5e38) 
thrown [t:/workspace/open/src/hotspot/share/interpreter/linkResolver.cpp, line 833]
Event: 1.309 Thread 0x0000029bced72800 Exception <a 'java/lang/NoSuchMethodError'{0x00000000887ce068}: 'int java.lang.invoke.DirectMethodHandle$Holder.invokeSpecialIFC(java.lang.Object, java.lang.Object, java.lang.Object, java.lang.Object)'> (0x00000000887ce068) 
thrown [t:/workspace/open/src/hotspot/share/interpreter/linkResolver.cpp, line 767]
Event: 1.310 Thread 0x0000029bced72800 Exception <a 'java/lang/NoSuchMethodError'{0x00000000887d5d40}: 'java.lang.Object java.lang.invoke.DirectMethodHandle$Holder.invokeInterface(java.lang.Object, java.lang.Object, java.lang.Object, java.lang.Object)'> (0x00000000887d5d40) 
thrown [t:/workspace/open/src/hotspot/share/interpreter/linkResolver.cpp, line 767]
Event: 1.314 Thread 0x0000029bced72800 Exception <a 'java/lang/NoSuchMethodError'{0x00000000887fc7e8}: 'java.lang.Object java.lang.invoke.DirectMethodHandle$Holder.invokeVirtual(java.lang.Object, java.lang.Object, java.lang.Object)'> (0x00000000887fc7e8) 
thrown [t:/workspace/open/src/hotspot/share/interpreter/linkResolver.cpp, line 767]
Event: 1.326 Thread 0x0000029bced72800 Exception <a 'java/lang/NoSuchMethodError'{0x00000000886da9d8}: 'double java.lang.invoke.DirectMethodHandle$Holder.invokeVirtual(java.lang.Object, java.lang.Object)'> (0x00000000886da9d8) 
thrown [t:/workspace/open/src/hotspot/share/interpreter/linkResolver.cpp, line 767]
Event: 1.326 Thread 0x0000029bced72800 Exception <a 'java/lang/NoSuchMethodError'{0x00000000886e0518}: 'float java.lang.invoke.DirectMethodHandle$Holder.invokeVirtual(java.lang.Object, java.lang.Object)'> (0x00000000886e0518) 
thrown [t:/workspace/open/src/hotspot/share/interpreter/linkResolver.cpp, line 767]
Event: 1.327 Thread 0x0000029bced72800 Exception <a 'java/lang/NoSuchMethodError'{0x00000000886e8188}: 'long java.lang.invoke.DirectMethodHandle$Holder.invokeVirtual(java.lang.Object, java.lang.Object)'> (0x00000000886e8188) 
thrown [t:/workspace/open/src/hotspot/share/interpreter/linkResolver.cpp, line 767]
Event: 1.338 Thread 0x0000029bced72800 Exception <a 'java/lang/NoSuchMethodError'{0x0000000088587e48}: 'void java.lang.invoke.DirectMethodHandle$Holder.invokeSpecial(java.lang.Object, java.lang.Object, java.lang.Object, java.lang.Object)'> (0x0000000088587e48) 
thrown [t:/workspace/open/src/hotspot/share/interpreter/linkResolver.cpp, line 767]
Event: 1.348 Thread 0x0000029bced72800 Exception <a 'java/lang/NoSuchMethodError'{0x000000008843c050}: 'void java.lang.invoke.DirectMethodHandle$Holder.invokeSpecial(java.lang.Object, java.lang.Object, java.lang.Object, java.lang.Object, java.lang.Object)'> (0x000000008843c050) 
thrown [t:/workspace/open/src/hotspot/share/interpreter/linkResolver.cpp, line 767]

Events (20 events):
Event: 9.413 loading class org/openqa/selenium/remote/http/HttpResponse done
Event: 9.413 loading class com/google/common/net/MediaType$Tokenizer
Event: 9.413 loading class com/google/common/net/MediaType$Tokenizer done
Event: 9.414 loading class com/google/common/collect/ImmutableSet$Indexed$1
Event: 9.414 loading class com/google/common/collect/ImmutableSet$Indexed$1 done
Event: 9.427 loading class com/google/common/base/MoreObjects
Event: 9.427 loading class com/google/common/base/MoreObjects done
Event: 9.428 loading class org/openqa/selenium/json/JsonInput
Event: 9.428 loading class org/openqa/selenium/json/JsonInput done
Event: 9.428 loading class org/openqa/selenium/json/JsonInput
Event: 9.428 loading class org/openqa/selenium/json/JsonInput done
Event: 9.429 loading class org/openqa/selenium/json/NumberCoercer
Event: 9.429 loading class org/openqa/selenium/json/NumberCoercer done
Event: 9.429 loading class org/openqa/selenium/json/JsonInput
Event: 9.429 loading class org/openqa/selenium/json/JsonInput done
Event: 9.429 loading class org/openqa/selenium/json/JsonInput
Event: 9.429 loading class org/openqa/selenium/json/JsonInput done
Event: 9.429 loading class org/openqa/selenium/json/NumberCoercer$1
Event: 9.429 loading class org/openqa/selenium/json/NumberCoercer$1 done
Event: 9.456 loading class java/math/MathContext


Dynamic libraries:
0x00007ff6c4810000 - 0x00007ff6c481f000 	C:\Program Files\Java\jdk-13.0.2\bin\javaw.exe
0x00007ffe1c0c0000 - 0x00007ffe1c2b0000 	C:\Windows\SYSTEM32\ntdll.dll
0x00007ffe1a980000 - 0x00007ffe1aa32000 	C:\Windows\System32\KERNEL32.DLL
0x00007ffe19ec0000 - 0x00007ffe1a163000 	C:\Windows\System32\KERNELBASE.dll
0x00007ffe19370000 - 0x00007ffe1946a000 	C:\Windows\System32\ucrtbase.dll
0x00007ffdfbb70000 - 0x00007ffdfbb88000 	C:\Program Files\Java\jdk-13.0.2\bin\jli.dll
0x00007ffdfb880000 - 0x00007ffdfb895000 	C:\Program Files\Java\jdk-13.0.2\bin\VCRUNTIME140.dll
0x00007ffe1bb00000 - 0x00007ffe1bba3000 	C:\Windows\System32\ADVAPI32.dll
0x00007ffe1a240000 - 0x00007ffe1a2de000 	C:\Windows\System32\msvcrt.dll
0x00007ffe1beb0000 - 0x00007ffe1bf47000 	C:\Windows\System32\sechost.dll
0x00007ffe1aea0000 - 0x00007ffe1afc0000 	C:\Windows\System32\RPCRT4.dll
0x00007ffe1acf0000 - 0x00007ffe1ae84000 	C:\Windows\System32\USER32.dll
0x00007ffe10db0000 - 0x00007ffe11035000 	C:\Windows\WinSxS\amd64_microsoft.windows.common-controls_6595b64144ccf1df_6.0.18362.720_none_e6beb5c51314836b\COMCTL32.dll
0x00007ffe191f0000 - 0x00007ffe19211000 	C:\Windows\System32\win32u.dll
0x00007ffe1b780000 - 0x00007ffe1bab6000 	C:\Windows\System32\combase.dll
0x00007ffe1a460000 - 0x00007ffe1a486000 	C:\Windows\System32\GDI32.dll
0x00007ffe19470000 - 0x00007ffe19604000 	C:\Windows\System32\gdi32full.dll
0x00007ffe19660000 - 0x00007ffe196e0000 	C:\Windows\System32\bcryptPrimitives.dll
0x00007ffe19150000 - 0x00007ffe191ee000 	C:\Windows\System32\msvcp_win.dll
0x00007ffe141c0000 - 0x00007ffe141ca000 	C:\Windows\SYSTEM32\VERSION.dll
0x00007ffe1bad0000 - 0x00007ffe1bafe000 	C:\Windows\System32\IMM32.DLL
0x00007ffde7c40000 - 0x00007ffde7cdb000 	C:\Program Files\Java\jdk-13.0.2\bin\msvcp140.dll
0x00007ffde3bb0000 - 0x00007ffde470d000 	C:\Program Files\Java\jdk-13.0.2\bin\server\jvm.dll
0x00007ffe1c070000 - 0x00007ffe1c078000 	C:\Windows\System32\PSAPI.DLL
0x00007ffdfcfe0000 - 0x00007ffdfcfe9000 	C:\Windows\SYSTEM32\WSOCK32.dll
0x00007ffe16c30000 - 0x00007ffe16c54000 	C:\Windows\SYSTEM32\WINMM.dll
0x00007ffe1a170000 - 0x00007ffe1a1df000 	C:\Windows\System32\WS2_32.dll
0x00007ffe16c00000 - 0x00007ffe16c2d000 	C:\Windows\SYSTEM32\winmmbase.dll
0x00007ffe19100000 - 0x00007ffe1914a000 	C:\Windows\System32\cfgmgr32.dll
0x00007ffe19030000 - 0x00007ffe19041000 	C:\Windows\System32\kernel.appcore.dll
0x00007ffdf6640000 - 0x00007ffdf6650000 	C:\Program Files\Java\jdk-13.0.2\bin\verify.dll
0x00007ffe01150000 - 0x00007ffe01344000 	C:\Windows\SYSTEM32\DBGHELP.DLL
0x00007ffe01120000 - 0x00007ffe0114a000 	C:\Windows\SYSTEM32\dbgcore.DLL
0x00007ffde7d80000 - 0x00007ffde7da6000 	C:\Program Files\Java\jdk-13.0.2\bin\java.dll
0x00007ffdf36e0000 - 0x00007ffdf36f7000 	C:\Program Files\Java\jdk-13.0.2\bin\zip.dll
0x00007ffdf3fe0000 - 0x00007ffdf3fea000 	C:\Program Files\Java\jdk-13.0.2\bin\jimage.dll
0x00007ffe1b090000 - 0x00007ffe1b775000 	C:\Windows\System32\SHELL32.dll
0x00007ffe1bfc0000 - 0x00007ffe1c069000 	C:\Windows\System32\shcore.dll
0x00007ffe196e0000 - 0x00007ffe19e60000 	C:\Windows\System32\windows.storage.dll
0x00007ffe18f90000 - 0x00007ffe18fb3000 	C:\Windows\System32\profapi.dll
0x00007ffe18fc0000 - 0x00007ffe1900a000 	C:\Windows\System32\powrprof.dll
0x00007ffe18f80000 - 0x00007ffe18f90000 	C:\Windows\System32\UMPDC.dll
0x00007ffe1aa40000 - 0x00007ffe1aa92000 	C:\Windows\System32\shlwapi.dll
0x00007ffe19610000 - 0x00007ffe19627000 	C:\Windows\System32\cryptsp.dll
0x00007ffde7d20000 - 0x00007ffde7d39000 	C:\Program Files\Java\jdk-13.0.2\bin\net.dll
0x00007ffe0fc40000 - 0x00007ffe0fd31000 	C:\Windows\SYSTEM32\WINHTTP.dll
0x00007ffe187f0000 - 0x00007ffe18857000 	C:\Windows\system32\mswsock.dll
0x00007ffde7d00000 - 0x00007ffde7d13000 	C:\Program Files\Java\jdk-13.0.2\bin\nio.dll
0x00007ffe18550000 - 0x00007ffe1861a000 	C:\Windows\SYSTEM32\DNSAPI.dll
0x00007ffe1ae90000 - 0x00007ffe1ae98000 	C:\Windows\System32\NSI.dll
0x00007ffe18500000 - 0x00007ffe1853a000 	C:\Windows\SYSTEM32\IPHLPAPI.DLL
0x00007ffe0fc30000 - 0x00007ffe0fc3a000 	C:\Windows\System32\rasadhlp.dll
0x00007ffe10d30000 - 0x00007ffe10da7000 	C:\Windows\System32\fwpuclnt.dll
0x00007ffe19630000 - 0x00007ffe19656000 	C:\Windows\System32\bcrypt.dll
0x00007ffe18360000 - 0x00007ffe18393000 	C:\Windows\system32\rsaenh.dll
0x00007ffe18ea0000 - 0x00007ffe18ec5000 	C:\Windows\SYSTEM32\USERENV.dll
0x00007ffe189c0000 - 0x00007ffe189cc000 	C:\Windows\SYSTEM32\CRYPTBASE.dll
0x00007ffe11950000 - 0x00007ffe11966000 	C:\Windows\SYSTEM32\dhcpcsvc6.DLL
0x00007ffe11910000 - 0x00007ffe1192c000 	C:\Windows\SYSTEM32\dhcpcsvc.DLL
0x00007ffe14350000 - 0x00007ffe1435e000 	C:\Program Files\Java\jdk-13.0.2\bin\sunmscapi.dll
0x00007ffe19220000 - 0x00007ffe19369000 	C:\Windows\System32\CRYPT32.dll
0x00007ffe19010000 - 0x00007ffe19022000 	C:\Windows\System32\MSASN1.dll
0x00007ffe18ac0000 - 0x00007ffe18ae6000 	C:\Windows\SYSTEM32\ncrypt.dll
0x00007ffe18a80000 - 0x00007ffe18abb000 	C:\Windows\SYSTEM32\NTASN1.dll
0x00007ffde4a10000 - 0x00007ffde4a35000 	C:\Program Files\Java\jdk-13.0.2\bin\sunec.dll

dbghelp: loaded successfully - version: 4.0.5 - missing functions: none
symbol engine: initialized successfully - sym options: 0x614 - pdb path: .;C:\Program Files\Java\jdk-13.0.2\bin;C:\Windows\SYSTEM32;C:\Windows\WinSxS\amd64_microsoft.windows.common-controls_6595b64144ccf1df_6.0.18362.720_none_e6beb5c51314836b;C:\Program Files\Java\jdk-13.0.2\bin\server

VM Arguments:
jvm_args: -ea -Dfile.encoding=Cp1252 
java_command: org.testng.remote.RemoteTestNG -serport 53173 -protocol json -d C:\Users\ADMIN\Desktop\Codebase\Finsys\test-output C:\Users\ADMIN\AppData\Local\Temp\testng-eclipse-1685439086\testng-customsuite.xml
java_class_path (initial): C:\Users\ADMIN\eclipse\java-2019-12\eclipse\configuration\org.eclipse.osgi\523\0\.cp\lib\testng-remote.jar;C:\Users\ADMIN\Desktop\Codebase\Finsys\target\test-classes;C:\Users\ADMIN\Desktop\Codebase\Finsys\target\classes;C:\Users\ADMIN\.m2\repository\org\seleniumhq\selenium\selenium-java\3.141.59\selenium-java-3.141.59.jar;C:\Users\ADMIN\.m2\repository\org\seleniumhq\selenium\selenium-api\3.141.59\selenium-api-3.141.59.jar;C:\Users\ADMIN\.m2\repository\org\seleniumhq\selenium\selenium-chrome-driver\3.141.59\selenium-chrome-driver-3.141.59.jar;C:\Users\ADMIN\.m2\repository\org\seleniumhq\selenium\selenium-edge-driver\3.141.59\selenium-edge-driver-3.141.59.jar;C:\Users\ADMIN\.m2\repository\org\seleniumhq\selenium\selenium-firefox-driver\3.141.59\selenium-firefox-driver-3.141.59.jar;C:\Users\ADMIN\.m2\repository\org\seleniumhq\selenium\selenium-ie-driver\3.141.59\selenium-ie-driver-3.141.59.jar;C:\Users\ADMIN\.m2\repository\org\seleniumhq\selenium\selenium-opera-driver\3.141.59\selenium-opera-driver-3.141.59.jar;C:\Users\ADMIN\.m2\repository\org\seleniumhq\selenium\selenium-remote-driver\3.141.59\selenium-remote-driver-3.141.59.jar;C:\Users\ADMIN\.m2\repository\org\seleniumhq\selenium\selenium-safari-driver\3.141.59\selenium-safari-driver-3.141.59.jar;C:\Users\ADMIN\.m2\repository\org\seleniumhq\selenium\selenium-support\3.141.59\selenium-support-3.141.59.jar;C:\Users\ADMIN\.m2\repository\net\bytebuddy\byte-buddy\1.8.15\byte-buddy-1.8.15.jar;C:\Users\ADMIN\.m2\repository\org\apache\commons\commons-exec\1.3\commons-exec-1.3.jar;C:\Users\ADMIN\.m2\repository\com\google\guava\guava\25.0-jre\guava-25.0-jre.jar;C:\Users\ADMIN\.m2\repository\com\google\code\findbugs\jsr305\1.3.9\jsr305-1.3.9.jar;C:\Users\ADMIN\.m2\repository\org\checkerframework\checker-compat-qual\2.0.0\checker-compat-qual-2.0.0.jar;C:\Users\ADMIN\.m2\repository\com\google\errorprone\error_prone_annotations\2.1.3\error_prone_annotations-2.1.3.jar;C:\Users\ADMIN\.m2\repository\com
Launcher Type: SUN_STANDARD

[Global flags]
     intx CICompilerCount                          = 3                                         {product} {ergonomic}
     uint ConcGCThreads                            = 2                                         {product} {ergonomic}
     uint G1ConcRefinementThreads                  = 6                                         {product} {ergonomic}
   size_t G1HeapRegionSize                         = 1048576                                   {product} {ergonomic}
    uintx GCDrainStackTargetSize                   = 64                                        {product} {ergonomic}
   size_t InitialHeapSize                          = 134217728                                 {product} {ergonomic}
   size_t MarkStackSize                            = 4194304                                   {product} {ergonomic}
   size_t MaxHeapSize                              = 2130706432                                {product} {ergonomic}
   size_t MaxNewSize                               = 1278214144                                {product} {ergonomic}
   size_t MinHeapDeltaBytes                        = 1048576                                   {product} {ergonomic}
   size_t MinHeapSize                              = 8388608                                   {product} {ergonomic}
    uintx NonNMethodCodeHeapSize                   = 5832780                                {pd product} {ergonomic}
    uintx NonProfiledCodeHeapSize                  = 122912730                              {pd product} {ergonomic}
    uintx ProfiledCodeHeapSize                     = 122912730                              {pd product} {ergonomic}
    uintx ReservedCodeCacheSize                    = 251658240                              {pd product} {ergonomic}
     bool SegmentedCodeCache                       = true                                      {product} {ergonomic}
   size_t SoftMaxHeapSize                          = 2130706432                             {manageable} {ergonomic}
     bool UseCompressedClassPointers               = true                                 {lp64_product} {ergonomic}
     bool UseCompressedOops                        = true                                 {lp64_product} {ergonomic}
     bool UseG1GC                                  = true                                      {product} {ergonomic}
     bool UseLargePagesIndividualAllocation        = false                                  {pd product} {ergonomic}

Logging:
Log output configuration:
 #0: stdout all=warning uptime,level,tags
 #1: stderr all=off uptime,level,tags

Environment Variables:
PATH=C:/Program Files/Java/jdk-13.0.2/bin/server;C:/Program Files/Java/jdk-13.0.2/bin;C:\Windows\system32;C:\Windows;C:\Windows\System32\Wbem;C:\Windows\System32\WindowsPowerShell\v1.0\;C:\Windows\System32\OpenSSH\;C:\Program Files (x86)\NVIDIA Corporation\PhysX\Common;C:\Program Files\NVIDIA Corporation\NVIDIA NvDLISR;C:\Program Files\Microsoft SQL Server\130\Tools\Binn\;C:\Program Files\Microsoft SQL Server\Client SDK\ODBC\170\Tools\Binn\;C:\Program Files (x86)\Microsoft SQL Server\150\DTS\Binn\;C:\Program Files\Microsoft SQL Server\Client SDK\ODBC\130\Tools\Binn\;C:\Program Files (x86)\Microsoft SQL Server\140\Tools\Binn\;C:\Program Files\Microsoft SQL Server\140\Tools\Binn\;C:\Program Files\Microsoft SQL Server\140\DTS\Binn\;C:\Program Files\Git\cmd;C:\Program Files\dotnet\;C:\Program Files\Java\jdk-13.0.2\bin;C:\Users\ADMIN\AppData\Local\Microsoft\WindowsApps;C:\AppServ\Apache2.2\bin;C:\AppServ\php5;C:\AppServ\MySQL\bin;C:\Users\ADMIN\Desktop;
USERNAME=ADMIN
OS=Windows_NT
PROCESSOR_IDENTIFIER=Intel64 Family 6 Model 158 Stepping 10, GenuineIntel



---------------  S Y S T E M  ---------------

OS: Windows 10 , 64 bit Build 18362 (10.0.18362.329)

CPU:total 6 (initial active 6) (6 cores per cpu, 1 threads per core) family 6 model 158 stepping 10, cmov, cx8, fxsr, mmx, sse, sse2, sse3, ssse3, sse4.1, sse4.2, popcnt, avx, avx2, aes, clmul, erms, 3dnowpref, lzcnt, tsc, tscinvbit, bmi1, bmi2, adx, fma

Memory: 4k page, system-wide physical 8127M (252M free)
TotalPageFile size 32703M (AvailPageFile size 0M)
current process WorkingSet (physical memory assigned to process): 87M, peak: 90M
current process commit charge ("private bytes"): 230M, peak: 233M

vm_info: Java HotSpot(TM) 64-Bit Server VM (13.0.2+8) for windows-amd64 JRE (13.0.2+8), built on Dec 11 2019 09:20:33 by "mach5one" with unknown MS VC++:1916

END.
