#
# There is insufficient memory for the Java Runtime Environment to continue.
# Native memory allocation (malloc) failed to allocate 32744 bytes for ChunkPool::allocate
# Possible reasons:
#   The system is out of physical RAM or swap space
#   The process is running with CompressedOops enabled, and the Java Heap may be blocking the growth of the native heap
# Possible solutions:
#   Reduce memory load on the system
#   Increase physical memory or swap space
#   Check if swap backing store is full
#   Decrease Java heap size (-Xmx/-Xms)
#   Decrease number of Java threads
#   Decrease Java thread stack sizes (-Xss)
#   Set larger code cache with -XX:ReservedCodeCacheSize=
#   JVM is running with Unscaled Compressed Oops mode in which the Java heap is
#     placed in the first 4GB address space. The Java Heap base address is the
#     maximum limit for the native heap growth. Please use -XX:HeapBaseMinAddress
#     to set the Java Heap base and to place the Java Heap above 4GB virtual address.
# This output file may be truncated or incomplete.
#
#  Out of Memory Error (t:/workspace/open/src/hotspot/share/memory/arena.cpp:80), pid=14380, tid=6808
#
# JRE version: Java(TM) SE Runtime Environment (13.0.2+8) (build 13.0.2+8)
# Java VM: Java HotSpot(TM) 64-Bit Server VM (13.0.2+8, mixed mode, sharing, tiered, compressed oops, g1 gc, windows-amd64)
# No core dump will be written. Minidumps are not enabled by default on client versions of Windows
#

---------------  S U M M A R Y ------------

Command Line: -ea -Dfile.encoding=Cp1252 org.testng.remote.RemoteTestNG -serport 56342 -protocol json -d C:\Users\ADMIN\Desktop\Codebase\Finsys\test-output C:\Users\ADMIN\AppData\Local\Temp\testng-eclipse-709047854\testng-customsuite.xml

Host: Intel(R) Core(TM) i5-9400F CPU @ 2.90GHz, 6 cores, 7G,  Windows 10 , 64 bit Build 18362 (10.0.18362.329)
Time: Thu Apr  2 19:12:44 2020 India Standard Time elapsed time: 34 seconds (0d 0h 0m 34s)

---------------  T H R E A D  ---------------

Current thread (0x00000235921d0000):  JavaThread "main" [_thread_in_vm, id=6808, stack(0x000000b831400000,0x000000b831500000)]

Stack: [0x000000b831400000,0x000000b831500000]
Native frames: (J=compiled Java code, j=interpreted, Vv=VM code, C=native code)
V  [jvm.dll+0x624f9a]
V  [jvm.dll+0x770cfa]
V  [jvm.dll+0x7724af]
V  [jvm.dll+0x772ab3]
V  [jvm.dll+0x24bf08]
V  [jvm.dll+0xc2076]
V  [jvm.dll+0xc23cc]
V  [jvm.dll+0x7677d5]
V  [jvm.dll+0x767eff]
V  [jvm.dll+0x7673bb]
V  [jvm.dll+0x110a68]
V  [jvm.dll+0x111ef9]
V  [jvm.dll+0x1115b3]
V  [jvm.dll+0x6f4ad2]
V  [jvm.dll+0x3ffb9d]
C  0x00000235a21e6079

Java frames: (J=compiled Java code, j=interpreted, Vv=VM code)
J 848  java.lang.System.identityHashCode(Ljava/lang/Object;)I java.base@13.0.2 (0 bytes) @ 0x00000235a21e5fdd [0x00000235a21e5f40+0x000000000000009d]
j  java.util.IdentityHashMap.hash(Ljava/lang/Object;I)I+1 java.base@13.0.2
j  java.util.IdentityHashMap.put(Ljava/lang/Object;Ljava/lang/Object;)Ljava/lang/Object;+19 java.base@13.0.2
J 743 c1 java.util.Collections$SetFromMap.add(Ljava/lang/Object;)Z java.base@13.0.2 (22 bytes) @ 0x000002359adb877c [0x000002359adb8640+0x000000000000013c]
j  java.lang.Throwable.printStackTrace(Ljava/lang/Throwable$PrintStreamOrWriter;)V+13 java.base@13.0.2
j  java.lang.Throwable.printStackTrace(Ljava/io/PrintWriter;)V+9 java.base@13.0.2
j  org.testng.remote.strprotocol.TestResultMessage.<init>(Ljava/lang/String;Ljava/lang/String;Lorg/testng/ITestResult;)V+85
j  org.testng.remote.strprotocol.TestResultMessage.<init>(Lorg/testng/ITestContext;Lorg/testng/ITestResult;)V+22
j  org.testng.remote.strprotocol.RemoteTestListener1.onTestFailure(Lorg/testng/ITestResult;)V+55
j  org.testng.remote.strprotocol.RemoteTestListener1.onConfigurationFailure(Lorg/testng/ITestResult;)V+2
j  org.testng.internal.TestListenerHelper.runPostConfigurationListeners(Lorg/testng/ITestResult;Ljava/util/List;)V+72
j  org.testng.internal.ConfigInvoker.runConfigurationListeners(Lorg/testng/ITestResult;Z)V+30
j  org.testng.internal.ConfigInvoker.handleConfigurationFailure(Ljava/lang/Throwable;Lorg/testng/ITestNGMethod;Lorg/testng/ITestResult;Lorg/testng/annotations/IConfigurationAnnotation;Lorg/testng/ITestNGMethod;Ljava/lang/Object;Lorg/testng/xml/XmlSuite;)V+111
j  org.testng.internal.ConfigInvoker.invokeConfigurations(Lorg/testng/internal/ConfigMethodArguments;)V+621
j  org.testng.internal.TestInvoker.runConfigMethods(Lorg/testng/internal/TestMethodArguments;Lorg/testng/xml/XmlSuite;Lorg/testng/internal/TestResult;[Lorg/testng/ITestNGMethod;)V+66
j  org.testng.internal.TestInvoker.invokeMethod(Lorg/testng/internal/TestMethodArguments;Lorg/testng/xml/XmlSuite;Lorg/testng/internal/ITestInvoker$FailureContext;)Lorg/testng/ITestResult;+78
j  org.testng.internal.TestInvoker.invokeTestMethod(Lorg/testng/internal/TestMethodArguments;Lorg/testng/xml/XmlSuite;Lorg/testng/internal/ITestInvoker$FailureContext;)Lorg/testng/ITestResult;+16
j  org.testng.internal.MethodRunner.runInSequence(Lorg/testng/internal/TestMethodArguments;Lorg/testng/internal/ITestInvoker;Lorg/testng/ITestContext;Ljava/util/concurrent/atomic/AtomicInteger;Lorg/testng/internal/ITestInvoker$FailureContext;Ljava/util/Iterator;Z)Ljava/util/List;+127
j  org.testng.internal.TestInvoker$MethodInvocationAgent.invoke(I)I+313
j  org.testng.internal.TestInvoker.invokeTestMethods(Lorg/testng/ITestNGMethod;Lorg/testng/internal/ConfigurationGroupMethods;Ljava/lang/Object;Lorg/testng/ITestContext;)Ljava/util/List;+409
j  org.testng.internal.TestMethodWorker.invokeTestMethods(Lorg/testng/ITestNGMethod;Ljava/lang/Object;)V+14
j  org.testng.internal.TestMethodWorker.run()V+127
j  org.testng.TestRunner$$Lambda$80.accept(Ljava/lang/Object;)V+7
j  java.util.ArrayList.forEach(Ljava/util/function/Consumer;)V+46 java.base@13.0.2
j  org.testng.TestRunner.privateRun(Lorg/testng/xml/XmlTest;)V+356
j  org.testng.TestRunner.run()V+25
j  org.testng.SuiteRunner.runTest(Lorg/testng/TestRunner;)V+21
j  org.testng.SuiteRunner.runSequentially()V+31
j  org.testng.SuiteRunner.privateRun()V+296
j  org.testng.SuiteRunner.run()V+6
j  org.testng.SuiteRunnerWorker.runSuite(Lorg/testng/internal/SuiteRunnerMap;Lorg/testng/xml/XmlSuite;)V+87
j  org.testng.SuiteRunnerWorker.run()V+12
j  org.testng.TestNG.runSuitesSequentially(Lorg/testng/xml/XmlSuite;Lorg/testng/internal/SuiteRunnerMap;ILjava/lang/String;)V+66
j  org.testng.TestNG.runSuitesLocally()Ljava/util/List;+156
j  org.testng.TestNG.runSuites()Ljava/util/List;+1
j  org.testng.TestNG.run()V+25
j  org.testng.remote.AbstractRemoteTestNG.run()V+149
j  org.testng.remote.RemoteTestNG.initAndRun(Lorg/testng/remote/IRemoteTestNG;[Ljava/lang/String;Lorg/testng/CommandLineArgs;Lorg/testng/remote/RemoteArgs;)V+184
j  org.testng.remote.RemoteTestNG.main([Ljava/lang/String;)V+201
v  ~StubRoutines::call_stub

---------------  P R O C E S S  ---------------

Threads class SMR info:
_java_thread_list=0x00000235b20a3c40, length=14, elements={
0x00000235921d0000, 0x00000235b0c77000, 0x00000235b0c7d000, 0x00000235b0c9a800,
0x00000235b0c9c800, 0x00000235b0c9e000, 0x00000235b0ca7000, 0x00000235b0cad800,
0x00000235b16da000, 0x00000235b170a000, 0x00000235b1a73800, 0x00000235b20a6800,
0x00000235b27c0800, 0x00000235b2825800
}

Java Threads: ( => current thread )
=>0x00000235921d0000 JavaThread "main" [_thread_in_vm, id=6808, stack(0x000000b831400000,0x000000b831500000)]
  0x00000235b0c77000 JavaThread "Reference Handler" daemon [_thread_blocked, id=14008, stack(0x000000b831b00000,0x000000b831c00000)]
  0x00000235b0c7d000 JavaThread "Finalizer" daemon [_thread_blocked, id=16096, stack(0x000000b831c00000,0x000000b831d00000)]
  0x00000235b0c9a800 JavaThread "Signal Dispatcher" daemon [_thread_blocked, id=2112, stack(0x000000b831d00000,0x000000b831e00000)]
  0x00000235b0c9c800 JavaThread "Attach Listener" daemon [_thread_blocked, id=7120, stack(0x000000b831e00000,0x000000b831f00000)]
  0x00000235b0c9e000 JavaThread "C2 CompilerThread0" daemon [_thread_in_native, id=904, stack(0x000000b831f00000,0x000000b832000000)]
  0x00000235b0ca7000 JavaThread "C1 CompilerThread0" daemon [_thread_blocked, id=15924, stack(0x000000b832000000,0x000000b832100000)]
  0x00000235b0cad800 JavaThread "Sweeper thread" daemon [_thread_blocked, id=12436, stack(0x000000b832100000,0x000000b832200000)]
  0x00000235b16da000 JavaThread "Service Thread" daemon [_thread_blocked, id=11356, stack(0x000000b832200000,0x000000b832300000)]
  0x00000235b170a000 JavaThread "Common-Cleaner" daemon [_thread_blocked, id=4928, stack(0x000000b832400000,0x000000b832500000)]
  0x00000235b1a73800 JavaThread "ReaderThread" [_thread_in_native, id=13188, stack(0x000000b832700000,0x000000b832800000)]
  0x00000235b20a6800 JavaThread "UrlChecker-2" daemon [_thread_blocked, id=14888, stack(0x000000b832c00000,0x000000b832d00000)]
  0x00000235b27c0800 JavaThread "OkHttp ConnectionPool" daemon [_thread_blocked, id=16016, stack(0x000000b833000000,0x000000b833100000)]
  0x00000235b2825800 JavaThread "Okio Watchdog" daemon [_thread_blocked, id=11888, stack(0x000000b833100000,0x000000b833200000)]

Other Threads:
  0x00000235b0c75000 VMThread "VM Thread" [stack: 0x000000b831a00000,0x000000b831b00000] [id=15408]
  0x00000235b1707800 WatcherThread [stack: 0x000000b832300000,0x000000b832400000] [id=17244]
  0x0000023592214000 GCTaskThread "GC Thread#0" [stack: 0x000000b831500000,0x000000b831600000] [id=16040]
  0x00000235b21c3000 GCTaskThread "GC Thread#1" [stack: 0x000000b832800000,0x000000b832900000] [id=5104]
  0x00000235b21c3800 GCTaskThread "GC Thread#2" [stack: 0x000000b832900000,0x000000b832a00000] [id=16328]
  0x00000235b21c4800 GCTaskThread "GC Thread#3" [stack: 0x000000b832a00000,0x000000b832b00000] [id=11592]
  0x0000023592225800 ConcurrentGCThread "G1 Main Marker" [stack: 0x000000b831600000,0x000000b831700000] [id=15264]
  0x0000023592227800 ConcurrentGCThread "G1 Conc#0" [stack: 0x000000b831700000,0x000000b831800000] [id=1632]
  0x00000235b2730800 ConcurrentGCThread "G1 Conc#1" [stack: 0x000000b832f00000,0x000000b833000000] [id=16588]
  0x000002359229e000 ConcurrentGCThread "G1 Refine#0" [stack: 0x000000b831800000,0x000000b831900000] [id=15868]
  0x00000235b0af4800 ConcurrentGCThread "G1 Young RemSet Sampling" [stack: 0x000000b831900000,0x000000b831a00000] [id=17296]

Threads with active compile tasks:
C2 CompilerThread0    34582 1680       4       java.util.regex.Matcher::search (154 bytes)

VM state:not at safepoint (normal execution)

VM Mutex/Monitor currently owned by a thread: None

Heap address: 0x0000000081000000, size: 2032 MB, Compressed Oops mode: 32-bit
Narrow klass base: 0x0000000800000000, Narrow klass shift: 3
Compressed class space size: 1073741824 Address: 0x0000000800b40000

Heap:
 garbage-first heap   total 30720K, used 10690K [0x0000000081000000, 0x0000000100000000)
  region size 1024K, 11 young (11264K), 5 survivors (5120K)
 Metaspace       used 13864K, capacity 14394K, committed 14464K, reserved 1069056K
  class space    used 1666K, capacity 1874K, committed 1920K, reserved 1048576K
Heap Regions: E=young(eden), S=young(survivor), O=old, HS=humongous(starts), HC=humongous(continues), CS=collection set, F=free, A=archive, TAMS=top-at-mark-start (previous, next)
|   0|0x0000000081000000, 0x00000000810fe800, 0x0000000081100000| 99%| O|  |TAMS 0x00000000810fe800, 0x0000000081000000| Untracked 
|   1|0x0000000081100000, 0x0000000081100000, 0x0000000081200000|  0%| F|  |TAMS 0x0000000081100000, 0x0000000081100000| Untracked 
|   2|0x0000000081200000, 0x0000000081200000, 0x0000000081300000|  0%| F|  |TAMS 0x0000000081200000, 0x0000000081200000| Untracked 
|   3|0x0000000081300000, 0x0000000081300000, 0x0000000081400000|  0%| F|  |TAMS 0x0000000081300000, 0x0000000081300000| Untracked 
|   4|0x0000000081400000, 0x0000000081400000, 0x0000000081500000|  0%| F|  |TAMS 0x0000000081400000, 0x0000000081400000| Untracked 
|   5|0x0000000081500000, 0x0000000081500000, 0x0000000081600000|  0%| F|  |TAMS 0x0000000081500000, 0x0000000081500000| Untracked 
|   6|0x0000000081600000, 0x0000000081600000, 0x0000000081700000|  0%| F|  |TAMS 0x0000000081600000, 0x0000000081600000| Untracked 
|   7|0x0000000081700000, 0x0000000081700000, 0x0000000081800000|  0%| F|  |TAMS 0x0000000081700000, 0x0000000081700000| Untracked 
|   8|0x0000000081800000, 0x0000000081800000, 0x0000000081900000|  0%| F|  |TAMS 0x0000000081800000, 0x0000000081800000| Untracked 
|   9|0x0000000081900000, 0x0000000081900000, 0x0000000081a00000|  0%| F|  |TAMS 0x0000000081900000, 0x0000000081900000| Untracked 
|  10|0x0000000081a00000, 0x0000000081a00000, 0x0000000081b00000|  0%| F|  |TAMS 0x0000000081a00000, 0x0000000081a00000| Untracked 
|  11|0x0000000081b00000, 0x0000000081b00000, 0x0000000081c00000|  0%| F|  |TAMS 0x0000000081b00000, 0x0000000081b00000| Untracked 
|  12|0x0000000081c00000, 0x0000000081c00000, 0x0000000081d00000|  0%| F|  |TAMS 0x0000000081c00000, 0x0000000081c00000| Untracked 
|  13|0x0000000081d00000, 0x0000000081d00000, 0x0000000081e00000|  0%| F|  |TAMS 0x0000000081d00000, 0x0000000081d00000| Untracked 
|  14|0x0000000081e00000, 0x0000000081e00000, 0x0000000081f00000|  0%| F|  |TAMS 0x0000000081e00000, 0x0000000081e00000| Untracked 
|  15|0x0000000081f00000, 0x0000000081f00000, 0x0000000082000000|  0%| F|  |TAMS 0x0000000081f00000, 0x0000000081f00000| Untracked 
|  16|0x0000000082000000, 0x0000000082000000, 0x0000000082100000|  0%| F|  |TAMS 0x0000000082000000, 0x0000000082000000| Untracked 
|  17|0x0000000082100000, 0x0000000082100000, 0x0000000082200000|  0%| F|  |TAMS 0x0000000082100000, 0x0000000082100000| Untracked 
|  18|0x0000000082200000, 0x0000000082200000, 0x0000000082300000|  0%| F|  |TAMS 0x0000000082200000, 0x0000000082200000| Untracked 
|  19|0x0000000082300000, 0x0000000082346b40, 0x0000000082400000| 27%| E|  |TAMS 0x0000000082300000, 0x0000000082300000| Complete 
|  20|0x0000000082400000, 0x0000000082500000, 0x0000000082500000|100%| E|CS|TAMS 0x0000000082400000, 0x0000000082400000| Complete 
|  21|0x0000000082500000, 0x0000000082600000, 0x0000000082600000|100%| E|CS|TAMS 0x0000000082500000, 0x0000000082500000| Complete 
| 108|0x0000000087c00000, 0x0000000087c723f8, 0x0000000087d00000| 44%| S|CS|TAMS 0x0000000087c00000, 0x0000000087c00000| Complete 
| 109|0x0000000087d00000, 0x0000000087e00000, 0x0000000087e00000|100%| S|CS|TAMS 0x0000000087d00000, 0x0000000087d00000| Complete 
| 110|0x0000000087e00000, 0x0000000087f00000, 0x0000000087f00000|100%| S|CS|TAMS 0x0000000087e00000, 0x0000000087e00000| Complete 
| 111|0x0000000087f00000, 0x0000000088000000, 0x0000000088000000|100%| S|CS|TAMS 0x0000000087f00000, 0x0000000087f00000| Complete 
| 112|0x0000000088000000, 0x0000000088100000, 0x0000000088100000|100%| S|CS|TAMS 0x0000000088000000, 0x0000000088000000| Complete 
| 125|0x0000000088d00000, 0x0000000088e00000, 0x0000000088e00000|100%| E|CS|TAMS 0x0000000088d00000, 0x0000000088d00000| Complete 
| 126|0x0000000088e00000, 0x0000000088f00000, 0x0000000088f00000|100%| E|CS|TAMS 0x0000000088e00000, 0x0000000088e00000| Complete 
| 127|0x0000000088f00000, 0x0000000089000000, 0x0000000089000000|100%| E|CS|TAMS 0x0000000088f00000, 0x0000000088f00000| Complete 

Card table byte_map: [0x00000235a9cf0000,0x00000235aa0f0000] _byte_map_base: 0x00000235a98e8000

Marking Bits (Prev, Next): (CMBitMap*) 0x00000235922150b8, (CMBitMap*) 0x0000023592215078
 Prev Bits: [0x00000235ac4b0000, 0x00000235ae470000)
 Next Bits: [0x00000235aa4f0000, 0x00000235ac4b0000)

Polling page: 0x0000023590110000

Metaspace:

Usage:
  Non-class:     12.23 MB capacity,    11.91 MB ( 97%) used,   275.22 KB (  2%) free+waste,    46.56 KB ( <1%) overhead. 
      Class:      1.83 MB capacity,     1.63 MB ( 89%) used,   183.16 KB ( 10%) free+waste,    24.63 KB (  1%) overhead. 
       Both:     14.06 MB capacity,    13.54 MB ( 96%) used,   458.38 KB (  3%) free+waste,    71.19 KB ( <1%) overhead. 

Virtual space:
  Non-class space:       20.00 MB reserved,      12.25 MB ( 61%) committed 
      Class space:        1.00 GB reserved,       1.88 MB ( <1%) committed 
             Both:        1.02 GB reserved,      14.13 MB (  1%) committed 

Chunk freelists:
   Non-Class:  24.00 KB
       Class:  14.00 KB
        Both:  38.00 KB

MaxMetaspaceSize: 17179869184.00 GB
CompressedClassSpaceSize: 1.00 GB

CodeHeap 'non-profiled nmethods': size=120000Kb used=547Kb max_used=566Kb free=119452Kb
 bounds [0x00000235a21a0000, 0x00000235a2410000, 0x00000235a96d0000]
CodeHeap 'profiled nmethods': size=120000Kb used=3015Kb max_used=3361Kb free=116984Kb
 bounds [0x000002359ac70000, 0x000002359afc0000, 0x00000235a21a0000]
CodeHeap 'non-nmethods': size=5760Kb used=1230Kb max_used=1243Kb free=4529Kb
 bounds [0x000002359a6d0000, 0x000002359a940000, 0x000002359ac70000]
 total_blobs=2848 nmethods=1539 adapters=405
 compilation: enabled
              stopped_count=0, restarted_count=0
 full_count=0

Compilation events (20 events):
Event: 8.367 Thread 0x00000235b0ca7000 nmethod 1670 0x000002359afb6910 code [0x000002359afb6ac0, 0x000002359afb6f18]
Event: 8.367 Thread 0x00000235b0ca7000 1671   !   3       java.io.PrintStream::write (66 bytes)
Event: 8.368 Thread 0x00000235b0ca7000 nmethod 1671 0x000002359afb7010 code [0x000002359afb7220, 0x000002359afb7a80]
Event: 8.368 Thread 0x00000235b0ca7000 1672  s    3       java.io.BufferedOutputStream::write (35 bytes)
Event: 8.368 Thread 0x00000235b0ca7000 nmethod 1672 0x000002359afb7d90 code [0x000002359afb7f60, 0x000002359afb8490]
Event: 32.447 Thread 0x00000235b0c9e000 1673       4       java.util.ArrayList::get (15 bytes)
Event: 32.449 Thread 0x00000235b0c9e000 nmethod 1673 0x00000235a222d510 code [0x00000235a222d6a0, 0x00000235a222d798]
Event: 34.469 Thread 0x00000235b0c9e000 1674       4       java.util.concurrent.ConcurrentHashMap::putIfAbsent (8 bytes)
Event: 34.470 Thread 0x00000235b0c9e000 nmethod 1674 0x00000235a21a7290 code [0x00000235a21a7420, 0x00000235a21a74c8]
Event: 34.472 Thread 0x00000235b0ca7000 1675       3       java.util.stream.FindOps$FindOp::evaluateSequential (39 bytes)
Event: 34.472 Thread 0x00000235b0c9e000 1677       4       java.util.regex.Pattern$$Lambda$11/0x0000000800ba4040::is (9 bytes)
Event: 34.472 Thread 0x00000235b0ca7000 nmethod 1675 0x000002359ac83990 code [0x000002359ac83b80, 0x000002359ac84230]
Event: 34.473 Thread 0x00000235b0ca7000 1678       3       java.util.regex.Pattern$BmpCharProperty::match (55 bytes)
Event: 34.473 Thread 0x00000235b0c9e000 nmethod 1677 0x00000235a21a7c90 code [0x00000235a21a7e20, 0x00000235a21a7e98]
Event: 34.473 Thread 0x00000235b0c9e000 1680       4       java.util.regex.Matcher::search (154 bytes)
Event: 34.473 Thread 0x00000235b0ca7000 nmethod 1678 0x000002359ad27990 code [0x000002359ad27b80, 0x000002359ad280b0]
Event: 34.473 Thread 0x00000235b0ca7000 1679       3       java.util.regex.Matcher::start (22 bytes)
Event: 34.473 Thread 0x00000235b0ca7000 nmethod 1679 0x000002359ac73710 code [0x000002359ac738c0, 0x000002359ac73b70]
Event: 34.473 Thread 0x00000235b0ca7000 1676       3       java.util.stream.FindOps$FindSink::<init> (5 bytes)
Event: 34.473 Thread 0x00000235b0ca7000 nmethod 1676 0x000002359ac74c10 code [0x000002359ac74dc0, 0x000002359ac74f98]

GC Heap History (4 events):
Event: 0.540 GC heap before
{Heap before GC invocations=0 (full 0):
 garbage-first heap   total 131072K, used 22528K [0x0000000081000000, 0x0000000100000000)
  region size 1024K, 22 young (22528K), 0 survivors (0K)
 Metaspace       used 9165K, capacity 9419K, committed 9600K, reserved 1058816K
  class space    used 1035K, capacity 1141K, committed 1152K, reserved 1048576K
}
Event: 0.544 GC heap after
{Heap after GC invocations=1 (full 0):
 garbage-first heap   total 131072K, used 4090K [0x0000000081000000, 0x0000000100000000)
  region size 1024K, 3 young (3072K), 3 survivors (3072K)
 Metaspace       used 9165K, capacity 9419K, committed 9600K, reserved 1058816K
  class space    used 1035K, capacity 1141K, committed 1152K, reserved 1048576K
}
Event: 1.253 GC heap before
{Heap before GC invocations=1 (full 0):
 garbage-first heap   total 131072K, used 18426K [0x0000000081000000, 0x0000000100000000)
  region size 1024K, 18 young (18432K), 3 survivors (3072K)
 Metaspace       used 12727K, capacity 13187K, committed 13312K, reserved 1069056K
  class space    used 1522K, capacity 1707K, committed 1792K, reserved 1048576K
}
Event: 1.302 GC heap after
{Heap after GC invocations=2 (full 0):
 garbage-first heap   total 131072K, used 5570K [0x0000000081000000, 0x0000000100000000)
  region size 1024K, 5 young (5120K), 5 survivors (5120K)
 Metaspace       used 12727K, capacity 13187K, committed 13312K, reserved 1069056K
  class space    used 1522K, capacity 1707K, committed 1792K, reserved 1048576K
}

Deoptimization events (20 events):
Event: 0.620 Thread 0x00000235921d0000 DEOPT PACKING pc=0x00000235a21f9b50 sp=0x000000b8314fd390
Event: 0.620 Thread 0x00000235921d0000 DEOPT UNPACKING pc=0x000002359a71912f sp=0x000000b8314fd340 mode 2
Event: 0.629 Thread 0x00000235b20a6800 Uncommon trap: trap_request=0xffffff45 fr.pc=0x00000235a21fc678 relative=0x00000000000000d8
Event: 0.629 Thread 0x00000235b20a6800 Uncommon trap: reason=unstable_if action=reinterpret pc=0x00000235a21fc678 method=java.lang.CharacterDataLatin1.digit(II)I @ 12 c2
Event: 0.629 Thread 0x00000235b20a6800 DEOPT PACKING pc=0x00000235a21fc678 sp=0x000000b832cfe640
Event: 0.629 Thread 0x00000235b20a6800 DEOPT UNPACKING pc=0x000002359a71912f sp=0x000000b832cfe4f8 mode 2
Event: 1.147 Thread 0x00000235b20a6800 Uncommon trap: trap_request=0xffffff45 fr.pc=0x00000235a21fc2d4 relative=0x00000000000000b4
Event: 1.147 Thread 0x00000235b20a6800 Uncommon trap: reason=unstable_if action=reinterpret pc=0x00000235a21fc2d4 method=java.lang.CharacterDataLatin1.digit(II)I @ 12 c2
Event: 1.147 Thread 0x00000235b20a6800 DEOPT PACKING pc=0x00000235a21fc2d4 sp=0x000000b832cfe590
Event: 1.147 Thread 0x00000235b20a6800 DEOPT UNPACKING pc=0x000002359a71912f sp=0x000000b832cfe508 mode 2
Event: 1.221 Thread 0x00000235921d0000 Uncommon trap: trap_request=0xffffff45 fr.pc=0x00000235a220ae38 relative=0x0000000000000398
Event: 1.221 Thread 0x00000235921d0000 Uncommon trap: reason=unstable_if action=reinterpret pc=0x00000235a220ae38 method=java.io.ByteArrayInputStream.read([BII)I @ 35 c2
Event: 1.221 Thread 0x00000235921d0000 DEOPT PACKING pc=0x00000235a220ae38 sp=0x000000b8314fcb20
Event: 1.221 Thread 0x00000235921d0000 DEOPT UNPACKING pc=0x000002359a71912f sp=0x000000b8314fcae0 mode 2
Event: 1.241 Thread 0x00000235921d0000 Uncommon trap: trap_request=0xffffff45 fr.pc=0x00000235a221f2c8 relative=0x0000000000000188
Event: 1.241 Thread 0x00000235921d0000 Uncommon trap: reason=unstable_if action=reinterpret pc=0x00000235a221f2c8 method=java.util.regex.Pattern$BmpCharProperty.match(Ljava/util/regex/Matcher;ILjava/lang/CharSequence;)Z @ 5 c2
Event: 1.241 Thread 0x00000235921d0000 DEOPT PACKING pc=0x00000235a221f2c8 sp=0x000000b8314fbdb0
Event: 1.241 Thread 0x00000235921d0000 DEOPT UNPACKING pc=0x000002359a71912f sp=0x000000b8314fbd78 mode 2
Event: 1.252 Thread 0x00000235921d0000 DEOPT PACKING pc=0x000002359af3057b sp=0x000000b8314f7cc0
Event: 1.252 Thread 0x00000235921d0000 DEOPT UNPACKING pc=0x000002359a71964e sp=0x000000b8314f7130 mode 0

Classes unloaded (0 events):
No events

Classes redefined (0 events):
No events

Internal exceptions (20 events):
Event: 0.577 Thread 0x00000235921d0000 Exception <a 'java/lang/NoSuchMethodError'{0x0000000088c62af0}: 'void java.lang.invoke.DirectMethodHandle$Holder.invokeStaticInit(java.lang.Object, java.lang.Object)'> (0x0000000088c62af0) 
thrown [t:/workspace/open/src/hotspot/share/interpreter/linkResolver.cpp, line 767]
Event: 0.640 Thread 0x00000235b1ae5000 Exception <a 'java/lang/NoSuchMethodError'{0x000000008880fb58}: 'void java.lang.invoke.DirectMethodHandle$Holder.invokeStatic(java.lang.Object, long)'> (0x000000008880fb58) 
thrown [t:/workspace/open/src/hotspot/share/interpreter/linkResolver.cpp, line 767]
Event: 0.644 Thread 0x00000235b1ae5000 Exception <a 'java/lang/NoSuchMethodError'{0x0000000088819c28}: 'java.lang.Object java.lang.invoke.DirectMethodHandle$Holder.invokeStaticInit(java.lang.Object, java.lang.Object, long, java.lang.Object)'> (0x0000000088819c28) 
thrown [t:/workspace/open/src/hotspot/share/interpreter/linkResolver.cpp, line 767]
Event: 0.645 Thread 0x00000235b1ae5000 Exception <a 'java/lang/NoSuchMethodError'{0x000000008881f080}: 'java.lang.Object java.lang.invoke.Invokers$Holder.linkToTargetMethod(java.lang.Object, long, java.lang.Object)'> (0x000000008881f080) 
thrown [t:/workspace/open/src/hotspot/share/interpreter/linkResolver.cpp, line 767]
Event: 1.130 Thread 0x00000235b20a6800 Exception <a 'java/net/SocketException'{0x000000008870a208}: Socket is not connected: shutdown> (0x000000008870a208) 
thrown [t:/workspace/open/src/hotspot/share/prims/jni.cpp, line 619]
Event: 1.167 Thread 0x00000235921d0000 Exception <a 'java/lang/NoSuchMethodError'{0x0000000088607d70}: 'java.lang.Object java.lang.invoke.DirectMethodHandle$Holder.invokeInterface(java.lang.Object, java.lang.Object, java.lang.Object)'> (0x0000000088607d70) 
thrown [t:/workspace/open/src/hotspot/share/interpreter/linkResolver.cpp, line 767]
Event: 1.167 Thread 0x00000235921d0000 Exception <a 'java/lang/IncompatibleClassChangeError'{0x000000008860ade0}: Found class java.lang.Object, but interface was expected> (0x000000008860ade0) 
thrown [t:/workspace/open/src/hotspot/share/interpreter/linkResolver.cpp, line 833]
Event: 1.168 Thread 0x00000235921d0000 Exception <a 'java/lang/NoSuchMethodError'{0x0000000088613010}: 'int java.lang.invoke.DirectMethodHandle$Holder.invokeSpecialIFC(java.lang.Object, java.lang.Object, java.lang.Object, java.lang.Object)'> (0x0000000088613010) 
thrown [t:/workspace/open/src/hotspot/share/interpreter/linkResolver.cpp, line 767]
Event: 1.169 Thread 0x00000235921d0000 Exception <a 'java/lang/NoSuchMethodError'{0x000000008861ace8}: 'java.lang.Object java.lang.invoke.DirectMethodHandle$Holder.invokeInterface(java.lang.Object, java.lang.Object, java.lang.Object, java.lang.Object)'> (0x000000008861ace8) 
thrown [t:/workspace/open/src/hotspot/share/interpreter/linkResolver.cpp, line 767]
Event: 1.173 Thread 0x00000235921d0000 Exception <a 'java/lang/NoSuchMethodError'{0x00000000886416b0}: 'java.lang.Object java.lang.invoke.DirectMethodHandle$Holder.invokeVirtual(java.lang.Object, java.lang.Object, java.lang.Object)'> (0x00000000886416b0) 
thrown [t:/workspace/open/src/hotspot/share/interpreter/linkResolver.cpp, line 767]
Event: 1.187 Thread 0x00000235921d0000 Exception <a 'java/lang/NoSuchMethodError'{0x000000008851e1a8}: 'double java.lang.invoke.DirectMethodHandle$Holder.invokeVirtual(java.lang.Object, java.lang.Object)'> (0x000000008851e1a8) 
thrown [t:/workspace/open/src/hotspot/share/interpreter/linkResolver.cpp, line 767]
Event: 1.187 Thread 0x00000235921d0000 Exception <a 'java/lang/NoSuchMethodError'{0x0000000088523ce8}: 'float java.lang.invoke.DirectMethodHandle$Holder.invokeVirtual(java.lang.Object, java.lang.Object)'> (0x0000000088523ce8) 
thrown [t:/workspace/open/src/hotspot/share/interpreter/linkResolver.cpp, line 767]
Event: 1.188 Thread 0x00000235921d0000 Exception <a 'java/lang/NoSuchMethodError'{0x000000008852b958}: 'long java.lang.invoke.DirectMethodHandle$Holder.invokeVirtual(java.lang.Object, java.lang.Object)'> (0x000000008852b958) 
thrown [t:/workspace/open/src/hotspot/share/interpreter/linkResolver.cpp, line 767]
Event: 1.203 Thread 0x00000235921d0000 Exception <a 'java/lang/NoSuchMethodError'{0x00000000885ca958}: 'void java.lang.invoke.DirectMethodHandle$Holder.invokeSpecial(java.lang.Object, java.lang.Object, java.lang.Object, java.lang.Object)'> (0x00000000885ca958) 
thrown [t:/workspace/open/src/hotspot/share/interpreter/linkResolver.cpp, line 767]
Event: 1.213 Thread 0x00000235921d0000 Exception <a 'java/lang/NoSuchMethodError'{0x000000008847e320}: 'void java.lang.invoke.DirectMethodHandle$Holder.invokeSpecial(java.lang.Object, java.lang.Object, java.lang.Object, java.lang.Object, java.lang.Object)'> (0x000000008847e320) 
thrown [t:/workspace/open/src/hotspot/share/interpreter/linkResolver.cpp, line 767]
Event: 32.443 Thread 0x00000235921d0000 Exception <a 'sun/net/ConnectionResetException'{0x0000000082433bb0}: Connection reset> (0x0000000082433bb0) 
thrown [t:/workspace/open/src/hotspot/share/prims/jni.cpp, line 619]
Event: 34.448 Thread 0x00000235921d0000 Exception <a 'java/net/ConnectException'{0x000000008243dba0}: Connection refused: no further information> (0x000000008243dba0) 
thrown [t:/workspace/open/src/hotspot/share/prims/jni.cpp, line 619]
Event: 34.448 Thread 0x00000235921d0000 Exception <a 'java/net/SocketException'{0x000000008243e428}: Socket is not connected: shutdown> (0x000000008243e428) 
thrown [t:/workspace/open/src/hotspot/share/prims/jni.cpp, line 619]
Event: 34.461 Thread 0x00000235921d0000 Exception <a 'java/lang/ClassNotFoundException'{0x0000000082449138}: sun/misc/SharedSecrets> (0x0000000082449138) 
thrown [t:/workspace/open/src/hotspot/share/classfile/systemDictionary.cpp, line 232]
Event: 34.471 Thread 0x00000235921d0000 Exception <a 'java/lang/reflect/InvocationTargetException'{0x000000008244a800}> (0x000000008244a800) 
thrown [t:/workspace/open/src/hotspot/share/runtime/reflection.cpp, line 1188]

Events (20 events):
Event: 32.454 Thread 0x00000235b0cad800 flushing nmethod 0x000002359ae81c10
Event: 32.454 Thread 0x00000235b0cad800 flushing nmethod 0x000002359ae82690
Event: 32.454 Thread 0x00000235b0cad800 flushing nmethod 0x000002359ae83490
Event: 32.454 Thread 0x00000235b0cad800 flushing nmethod 0x000002359ae86a10
Event: 32.454 Thread 0x00000235b0cad800 flushing nmethod 0x000002359ae94790
Event: 32.454 Thread 0x00000235b0cad800 flushing nmethod 0x000002359ae99f10
Event: 34.449 loading class com/google/common/base/Throwables
Event: 34.449 loading class com/google/common/base/Throwables done
Event: 34.461 loading class sun/misc/SharedSecrets
Event: 34.461 loading class sun/misc/SharedSecrets done
Event: 34.470 loading class java/net/InetAddress$CachedLocalHost
Event: 34.471 loading class java/net/InetAddress$CachedLocalHost done
Event: 34.471 loading class org/testng/SkipException
Event: 34.471 loading class org/testng/SkipException done
Event: 34.473 loading class java/lang/StackTraceElement$HashedModules
Event: 34.473 loading class java/lang/StackTraceElement$HashedModules done
Event: 34.473 loading class org/testng/remote/strprotocol/TestResultMessage
Event: 34.473 loading class org/testng/remote/strprotocol/TestResultMessage done
Event: 34.475 loading class java/lang/Throwable$WrappedPrintWriter
Event: 34.475 loading class java/lang/Throwable$WrappedPrintWriter done


Dynamic libraries:
0x00007ff656b60000 - 0x00007ff656b6f000 	C:\Program Files\Java\jdk-13.0.2\bin\javaw.exe
0x00007ffd89120000 - 0x00007ffd89310000 	C:\Windows\SYSTEM32\ntdll.dll
0x00007ffd87740000 - 0x00007ffd877f2000 	C:\Windows\System32\KERNEL32.DLL
0x00007ffd86d30000 - 0x00007ffd86fd3000 	C:\Windows\System32\KERNELBASE.dll
0x00007ffd86fe0000 - 0x00007ffd870da000 	C:\Windows\System32\ucrtbase.dll
0x00007ffd82940000 - 0x00007ffd82958000 	C:\Program Files\Java\jdk-13.0.2\bin\jli.dll
0x00007ffd74600000 - 0x00007ffd74615000 	C:\Program Files\Java\jdk-13.0.2\bin\VCRUNTIME140.dll
0x00007ffd87690000 - 0x00007ffd87733000 	C:\Windows\System32\ADVAPI32.dll
0x00007ffd875f0000 - 0x00007ffd8768e000 	C:\Windows\System32\msvcrt.dll
0x00007ffd87b50000 - 0x00007ffd87be7000 	C:\Windows\System32\sechost.dll
0x00007ffd88f60000 - 0x00007ffd89080000 	C:\Windows\System32\RPCRT4.dll
0x00007ffd883b0000 - 0x00007ffd88544000 	C:\Windows\System32\USER32.dll
0x00007ffd860b0000 - 0x00007ffd860d1000 	C:\Windows\System32\win32u.dll
0x00007ffd806f0000 - 0x00007ffd80975000 	C:\Windows\WinSxS\amd64_microsoft.windows.common-controls_6595b64144ccf1df_6.0.18362.720_none_e6beb5c51314836b\COMCTL32.dll
0x00007ffd87bf0000 - 0x00007ffd87c16000 	C:\Windows\System32\GDI32.dll
0x00007ffd872b0000 - 0x00007ffd875e6000 	C:\Windows\System32\combase.dll
0x00007ffd860e0000 - 0x00007ffd86274000 	C:\Windows\System32\gdi32full.dll
0x00007ffd86c30000 - 0x00007ffd86cb0000 	C:\Windows\System32\bcryptPrimitives.dll
0x00007ffd870e0000 - 0x00007ffd8717e000 	C:\Windows\System32\msvcp_win.dll
0x00007ffd81d30000 - 0x00007ffd81d3a000 	C:\Windows\SYSTEM32\VERSION.dll
0x00007ffd885d0000 - 0x00007ffd885fe000 	C:\Windows\System32\IMM32.DLL
0x00007ffd65a80000 - 0x00007ffd65b1b000 	C:\Program Files\Java\jdk-13.0.2\bin\msvcp140.dll
0x00007ffd4d140000 - 0x00007ffd4dc9d000 	C:\Program Files\Java\jdk-13.0.2\bin\server\jvm.dll
0x00007ffd872a0000 - 0x00007ffd872a8000 	C:\Windows\System32\PSAPI.DLL
0x00007ffd6a1d0000 - 0x00007ffd6a1d9000 	C:\Windows\SYSTEM32\WSOCK32.dll
0x00007ffd83920000 - 0x00007ffd83944000 	C:\Windows\SYSTEM32\WINMM.dll
0x00007ffd87c90000 - 0x00007ffd87cff000 	C:\Windows\System32\WS2_32.dll
0x00007ffd83490000 - 0x00007ffd834bd000 	C:\Windows\SYSTEM32\winmmbase.dll
0x00007ffd87180000 - 0x00007ffd871ca000 	C:\Windows\System32\cfgmgr32.dll
0x00007ffd86090000 - 0x00007ffd860a1000 	C:\Windows\System32\kernel.appcore.dll
0x00007ffd65150000 - 0x00007ffd65160000 	C:\Program Files\Java\jdk-13.0.2\bin\verify.dll
0x00007ffd6ea60000 - 0x00007ffd6ec54000 	C:\Windows\SYSTEM32\DBGHELP.DLL
0x00007ffd6e9b0000 - 0x00007ffd6e9da000 	C:\Windows\SYSTEM32\dbgcore.DLL
0x00007ffd4d0a0000 - 0x00007ffd4d0c6000 	C:\Program Files\Java\jdk-13.0.2\bin\java.dll
0x00007ffd4d060000 - 0x00007ffd4d077000 	C:\Program Files\Java\jdk-13.0.2\bin\zip.dll
0x00007ffd64b40000 - 0x00007ffd64b4a000 	C:\Program Files\Java\jdk-13.0.2\bin\jimage.dll
0x00007ffd88870000 - 0x00007ffd88f55000 	C:\Windows\System32\SHELL32.dll
0x00007ffd87e80000 - 0x00007ffd87f29000 	C:\Windows\System32\shcore.dll
0x00007ffd862b0000 - 0x00007ffd86a30000 	C:\Windows\System32\windows.storage.dll
0x00007ffd85ff0000 - 0x00007ffd86013000 	C:\Windows\System32\profapi.dll
0x00007ffd86040000 - 0x00007ffd8608a000 	C:\Windows\System32\powrprof.dll
0x00007ffd85fe0000 - 0x00007ffd85ff0000 	C:\Windows\System32\UMPDC.dll
0x00007ffd89080000 - 0x00007ffd890d2000 	C:\Windows\System32\shlwapi.dll
0x00007ffd86d10000 - 0x00007ffd86d27000 	C:\Windows\System32\cryptsp.dll
0x00007ffd4c2e0000 - 0x00007ffd4c2f9000 	C:\Program Files\Java\jdk-13.0.2\bin\net.dll
0x00007ffd7a560000 - 0x00007ffd7a651000 	C:\Windows\SYSTEM32\WINHTTP.dll
0x00007ffd85850000 - 0x00007ffd858b7000 	C:\Windows\system32\mswsock.dll
0x00007ffd4c2c0000 - 0x00007ffd4c2d3000 	C:\Program Files\Java\jdk-13.0.2\bin\nio.dll
0x00007ffd855b0000 - 0x00007ffd8567a000 	C:\Windows\SYSTEM32\DNSAPI.dll
0x00007ffd87f30000 - 0x00007ffd87f38000 	C:\Windows\System32\NSI.dll
0x00007ffd85560000 - 0x00007ffd8559a000 	C:\Windows\SYSTEM32\IPHLPAPI.DLL
0x00007ffd7a550000 - 0x00007ffd7a55a000 	C:\Windows\System32\rasadhlp.dll
0x00007ffd7d7f0000 - 0x00007ffd7d867000 	C:\Windows\System32\fwpuclnt.dll
0x00007ffd86280000 - 0x00007ffd862a6000 	C:\Windows\System32\bcrypt.dll
0x00007ffd853c0000 - 0x00007ffd853f3000 	C:\Windows\system32\rsaenh.dll
0x00007ffd85f00000 - 0x00007ffd85f25000 	C:\Windows\SYSTEM32\USERENV.dll
0x00007ffd85a20000 - 0x00007ffd85a2c000 	C:\Windows\SYSTEM32\CRYPTBASE.dll
0x00007ffd7d8d0000 - 0x00007ffd7d8e6000 	C:\Windows\SYSTEM32\dhcpcsvc6.DLL
0x00007ffd7f000000 - 0x00007ffd7f01c000 	C:\Windows\SYSTEM32\dhcpcsvc.DLL
0x00007ffd65290000 - 0x00007ffd652b5000 	C:\Program Files\Java\jdk-13.0.2\bin\sunec.dll
0x00007ffd6a520000 - 0x00007ffd6a52e000 	C:\Program Files\Java\jdk-13.0.2\bin\sunmscapi.dll
0x00007ffd86ae0000 - 0x00007ffd86c29000 	C:\Windows\System32\CRYPT32.dll
0x00007ffd86020000 - 0x00007ffd86032000 	C:\Windows\System32\MSASN1.dll
0x00007ffd85b20000 - 0x00007ffd85b46000 	C:\Windows\SYSTEM32\ncrypt.dll
0x00007ffd85ae0000 - 0x00007ffd85b1b000 	C:\Windows\SYSTEM32\NTASN1.dll
0x00007ffd623b0000 - 0x00007ffd623c6000 	C:\Windows\system32\napinsp.dll
0x00007ffd5fdb0000 - 0x00007ffd5fdca000 	C:\Windows\system32\pnrpnsp.dll
0x00007ffd62770000 - 0x00007ffd6277e000 	C:\Windows\System32\winrnr.dll
0x00007ffd82840000 - 0x00007ffd8285c000 	C:\Windows\system32\NLAapi.dll
0x00007ffd7e370000 - 0x00007ffd7e385000 	C:\Windows\system32\wshbth.dll

dbghelp: loaded successfully - version: 4.0.5 - missing functions: none
symbol engine: initialized successfully - sym options: 0x614 - pdb path: .;C:\Program Files\Java\jdk-13.0.2\bin;C:\Windows\SYSTEM32;C:\Windows\WinSxS\amd64_microsoft.windows.common-controls_6595b64144ccf1df_6.0.18362.720_none_e6beb5c51314836b;C:\Program Files\Java\jdk-13.0.2\bin\server

VM Arguments:
jvm_args: -ea -Dfile.encoding=Cp1252 
java_command: org.testng.remote.RemoteTestNG -serport 56342 -protocol json -d C:\Users\ADMIN\Desktop\Codebase\Finsys\test-output C:\Users\ADMIN\AppData\Local\Temp\testng-eclipse-709047854\testng-customsuite.xml
java_class_path (initial): C:\Users\ADMIN\eclipse\java-2019-12\eclipse\configuration\org.eclipse.osgi\523\0\.cp\lib\testng-remote.jar;C:\Users\ADMIN\Desktop\Codebase\Finsys\target\test-classes;C:\Users\ADMIN\Desktop\Codebase\Finsys\target\classes;C:\Users\ADMIN\.m2\repository\org\seleniumhq\selenium\selenium-java\3.141.59\selenium-java-3.141.59.jar;C:\Users\ADMIN\.m2\repository\org\seleniumhq\selenium\selenium-api\3.141.59\selenium-api-3.141.59.jar;C:\Users\ADMIN\.m2\repository\org\seleniumhq\selenium\selenium-chrome-driver\3.141.59\selenium-chrome-driver-3.141.59.jar;C:\Users\ADMIN\.m2\repository\org\seleniumhq\selenium\selenium-edge-driver\3.141.59\selenium-edge-driver-3.141.59.jar;C:\Users\ADMIN\.m2\repository\org\seleniumhq\selenium\selenium-firefox-driver\3.141.59\selenium-firefox-driver-3.141.59.jar;C:\Users\ADMIN\.m2\repository\org\seleniumhq\selenium\selenium-ie-driver\3.141.59\selenium-ie-driver-3.141.59.jar;C:\Users\ADMIN\.m2\repository\org\seleniumhq\selenium\selenium-opera-driver\3.141.59\selenium-opera-driver-3.141.59.jar;C:\Users\ADMIN\.m2\repository\org\seleniumhq\selenium\selenium-remote-driver\3.141.59\selenium-remote-driver-3.141.59.jar;C:\Users\ADMIN\.m2\repository\org\seleniumhq\selenium\selenium-safari-driver\3.141.59\selenium-safari-driver-3.141.59.jar;C:\Users\ADMIN\.m2\repository\org\seleniumhq\selenium\selenium-support\3.141.59\selenium-support-3.141.59.jar;C:\Users\ADMIN\.m2\repository\net\bytebuddy\byte-buddy\1.8.15\byte-buddy-1.8.15.jar;C:\Users\ADMIN\.m2\repository\org\apache\commons\commons-exec\1.3\commons-exec-1.3.jar;C:\Users\ADMIN\.m2\repository\com\google\guava\guava\25.0-jre\guava-25.0-jre.jar;C:\Users\ADMIN\.m2\repository\com\google\code\findbugs\jsr305\1.3.9\jsr305-1.3.9.jar;C:\Users\ADMIN\.m2\repository\org\checkerframework\checker-compat-qual\2.0.0\checker-compat-qual-2.0.0.jar;C:\Users\ADMIN\.m2\repository\com\google\errorprone\error_prone_annotations\2.1.3\error_prone_annotations-2.1.3.jar;C:\Users\ADMIN\.m2\repository\com
Launcher Type: SUN_STANDARD

[Global flags]
     intx CICompilerCount                          = 3                                         {product} {ergonomic}
     uint ConcGCThreads                            = 2                                         {product} {ergonomic}
     uint G1ConcRefinementThreads                  = 6                                         {product} {ergonomic}
   size_t G1HeapRegionSize                         = 1048576                                   {product} {ergonomic}
    uintx GCDrainStackTargetSize                   = 64                                        {product} {ergonomic}
   size_t InitialHeapSize                          = 134217728                                 {product} {ergonomic}
   size_t MarkStackSize                            = 4194304                                   {product} {ergonomic}
   size_t MaxHeapSize                              = 2130706432                                {product} {ergonomic}
   size_t MaxNewSize                               = 1278214144                                {product} {ergonomic}
   size_t MinHeapDeltaBytes                        = 1048576                                   {product} {ergonomic}
   size_t MinHeapSize                              = 8388608                                   {product} {ergonomic}
    uintx NonNMethodCodeHeapSize                   = 5832780                                {pd product} {ergonomic}
    uintx NonProfiledCodeHeapSize                  = 122912730                              {pd product} {ergonomic}
    uintx ProfiledCodeHeapSize                     = 122912730                              {pd product} {ergonomic}
    uintx ReservedCodeCacheSize                    = 251658240                              {pd product} {ergonomic}
     bool SegmentedCodeCache                       = true                                      {product} {ergonomic}
   size_t SoftMaxHeapSize                          = 2130706432                             {manageable} {ergonomic}
     bool UseCompressedClassPointers               = true                                 {lp64_product} {ergonomic}
     bool UseCompressedOops                        = true                                 {lp64_product} {ergonomic}
     bool UseG1GC                                  = true                                      {product} {ergonomic}
     bool UseLargePagesIndividualAllocation        = false                                  {pd product} {ergonomic}

Logging:
Log output configuration:
 #0: stdout all=warning uptime,level,tags
 #1: stderr all=off uptime,level,tags

Environment Variables:
PATH=C:/Program Files/Java/jdk-13.0.2/bin/server;C:/Program Files/Java/jdk-13.0.2/bin;C:\Windows\system32;C:\Windows;C:\Windows\System32\Wbem;C:\Windows\System32\WindowsPowerShell\v1.0\;C:\Windows\System32\OpenSSH\;C:\Program Files (x86)\NVIDIA Corporation\PhysX\Common;C:\Program Files\NVIDIA Corporation\NVIDIA NvDLISR;C:\Program Files\Microsoft SQL Server\130\Tools\Binn\;C:\Program Files\Microsoft SQL Server\Client SDK\ODBC\170\Tools\Binn\;C:\Program Files (x86)\Microsoft SQL Server\150\DTS\Binn\;C:\Program Files\Microsoft SQL Server\Client SDK\ODBC\130\Tools\Binn\;C:\Program Files (x86)\Microsoft SQL Server\140\Tools\Binn\;C:\Program Files\Microsoft SQL Server\140\Tools\Binn\;C:\Program Files\Microsoft SQL Server\140\DTS\Binn\;C:\Program Files\Git\cmd;C:\Program Files\dotnet\;C:\Program Files\Java\jdk-13.0.2\bin;C:\Users\ADMIN\AppData\Local\Microsoft\WindowsApps;C:\AppServ\Apache2.2\bin;C:\AppServ\php5;C:\AppServ\MySQL\bin;C:\Users\ADMIN\Desktop;
USERNAME=ADMIN
OS=Windows_NT
PROCESSOR_IDENTIFIER=Intel64 Family 6 Model 158 Stepping 10, GenuineIntel



---------------  S Y S T E M  ---------------

OS: Windows 10 , 64 bit Build 18362 (10.0.18362.329)

CPU:total 6 (initial active 6) (6 cores per cpu, 1 threads per core) family 6 model 158 stepping 10, cmov, cx8, fxsr, mmx, sse, sse2, sse3, ssse3, sse4.1, sse4.2, popcnt, avx, avx2, aes, clmul, erms, 3dnowpref, lzcnt, tsc, tscinvbit, bmi1, bmi2, adx, fma

Memory: 4k page, system-wide physical 8127M (558M free)
TotalPageFile size 32703M (AvailPageFile size 0M)
current process WorkingSet (physical memory assigned to process): 70M, peak: 89M
current process commit charge ("private bytes"): 127M, peak: 232M

vm_info: Java HotSpot(TM) 64-Bit Server VM (13.0.2+8) for windows-amd64 JRE (13.0.2+8), built on Dec 11 2019 09:20:33 by "mach5one" with unknown MS VC++:1916

END.
