#
# There is insufficient memory for the Java Runtime Environment to continue.
# Native memory allocation (mmap) failed to map 134217728 bytes for Failed to commit area from 0x0000000081000000 to 0x0000000089000000 of length 134217728.
# Possible reasons:
#   The system is out of physical RAM or swap space
#   The process is running with CompressedOops enabled, and the Java Heap may be blocking the growth of the native heap
# Possible solutions:
#   Reduce memory load on the system
#   Increase physical memory or swap space
#   Check if swap backing store is full
#   Decrease Java heap size (-Xmx/-Xms)
#   Decrease number of Java threads
#   Decrease Java thread stack sizes (-Xss)
#   Set larger code cache with -XX:ReservedCodeCacheSize=
# This output file may be truncated or incomplete.
#
#  Out of Memory Error (t:/workspace/open/src/hotspot/os/windows/os_windows.cpp:3301), pid=9788, tid=5820
#
# JRE version:  (13.0.2+8) (build )
# Java VM: Java HotSpot(TM) 64-Bit Server VM (13.0.2+8, mixed mode, aot, sharing, tiered, compressed oops, g1 gc, windows-amd64)
# No core dump will be written. Minidumps are not enabled by default on client versions of Windows
#

---------------  S U M M A R Y ------------

Command Line: -ea -Dfile.encoding=Cp1252 org.testng.remote.RemoteTestNG -serport 53232 -protocol json -d C:\Users\ADMIN\Desktop\Codebase\Finsys\test-output C:\Users\ADMIN\AppData\Local\Temp\testng-eclipse-1879122669\testng-customsuite.xml

Host: Intel(R) Core(TM) i5-9400F CPU @ 2.90GHz, 6 cores, 7G,  Windows 10 , 64 bit Build 18362 (10.0.18362.329)
Time: Mon Mar 30 17:33:19 2020 India Standard Time elapsed time: 0 seconds (0d 0h 0m 0s)

---------------  T H R E A D  ---------------

Current thread (0x000001e0687b1800):  JavaThread "Unknown thread" [_thread_in_vm, id=5820, stack(0x0000006c80a00000,0x0000006c80b00000)]

Stack: [0x0000006c80a00000,0x0000006c80b00000]
Native frames: (J=compiled Java code, j=interpreted, Vv=VM code, C=native code)
V  [jvm.dll+0x624f9a]
V  [jvm.dll+0x770cfa]
V  [jvm.dll+0x7724af]
V  [jvm.dll+0x772ab3]
V  [jvm.dll+0x24bf08]
V  [jvm.dll+0x6222aa]
V  [jvm.dll+0x6170b5]
V  [jvm.dll+0x30a88c]
V  [jvm.dll+0x30a6c2]
V  [jvm.dll+0x30fe36]
V  [jvm.dll+0x353f46]
V  [jvm.dll+0x353720]
V  [jvm.dll+0x2e550a]
V  [jvm.dll+0x2e67a2]
V  [jvm.dll+0x74dd78]
V  [jvm.dll+0x361989]
V  [jvm.dll+0x730e65]
V  [jvm.dll+0x3cc53f]
V  [jvm.dll+0x3ce861]
C  [jli.dll+0x51ff]
C  [ucrtbase.dll+0x20e72]
C  [KERNEL32.DLL+0x17bd4]
C  [ntdll.dll+0x6ced1]


---------------  P R O C E S S  ---------------

Threads class SMR info:
_java_thread_list=0x00007ffde466ccb8, length=0, elements={
}

Java Threads: ( => current thread )

Other Threads:
  0x000001e0687f4800 GCTaskThread "GC Thread#0" [stack: 0x0000006c80b00000,0x0000006c80c00000] [id=15876]
  0x000001e068806000 ConcurrentGCThread "G1 Main Marker" [stack: 0x0000006c80c00000,0x0000006c80d00000] [id=8112]
  0x000001e068808000 ConcurrentGCThread "G1 Conc#0" [stack: 0x0000006c80d00000,0x0000006c80e00000] [id=11516]

[error occurred during error reporting (printing all threads), id 0xc0000005, EXCEPTION_ACCESS_VIOLATION (0xc0000005) at pc=0x00007ffde3ea51d7]

VM state:not at safepoint (not fully initialized)

VM Mutex/Monitor currently owned by a thread:  ([mutex/lock_event])
[0x000001e0687aef00] Heap_lock - owner thread: 0x000001e0687b1800

Heap address: 0x0000000081000000, size: 2032 MB, Compressed Oops mode: Non-zero based: 0x0000000081000000
Narrow klass base: 0x0000000000000000, Narrow klass shift: 0

GC Heap History (0 events):
No events

Deoptimization events (0 events):
No events

Classes unloaded (0 events):
No events

Classes redefined (0 events):
No events

Internal exceptions (0 events):
No events

Events (8 events):
Event: 0.004 Loaded shared library C:\Program Files\Java\jdk-13.0.2\bin\zip.dll
Event: 0.004 Loaded shared library C:\Program Files\Java\jdk-13.0.2\bin\jimage.dll
Event: 0.005 Loading shared library C:\Program Files\Java\jdk-13.0.2\lib\libjava.base-coop.dll failed, error code 126
Event: 0.005 Loading shared library C:\Program Files\Java\jdk-13.0.2\lib\libjava.logging-coop.dll failed, error code 126
Event: 0.005 Loading shared library C:\Program Files\Java\jdk-13.0.2\lib\libjdk.compiler-coop.dll failed, error code 126
Event: 0.005 Loading shared library C:\Program Files\Java\jdk-13.0.2\lib\libjdk.scripting.nashorn-coop.dll failed, error code 126
Event: 0.005 Loading shared library C:\Program Files\Java\jdk-13.0.2\lib\libjdk.internal.vm.ci-coop.dll failed, error code 126
Event: 0.005 Loading shared library C:\Program Files\Java\jdk-13.0.2\lib\libjdk.internal.vm.compiler-coop.dll failed, error code 126


Dynamic libraries:
0x00007ff6066f0000 - 0x00007ff6066ff000 	C:\Program Files\Java\jdk-13.0.2\bin\javaw.exe
0x00007ffe1c0c0000 - 0x00007ffe1c2b0000 	C:\Windows\SYSTEM32\ntdll.dll
0x00007ffe1a980000 - 0x00007ffe1aa32000 	C:\Windows\System32\KERNEL32.DLL
0x00007ffe19ec0000 - 0x00007ffe1a163000 	C:\Windows\System32\KERNELBASE.dll
0x00007ffe19370000 - 0x00007ffe1946a000 	C:\Windows\System32\ucrtbase.dll
0x00007ffdfd010000 - 0x00007ffdfd028000 	C:\Program Files\Java\jdk-13.0.2\bin\jli.dll
0x00007ffdfcaa0000 - 0x00007ffdfcab5000 	C:\Program Files\Java\jdk-13.0.2\bin\VCRUNTIME140.dll
0x00007ffe1bb00000 - 0x00007ffe1bba3000 	C:\Windows\System32\ADVAPI32.dll
0x00007ffe1a240000 - 0x00007ffe1a2de000 	C:\Windows\System32\msvcrt.dll
0x00007ffe1beb0000 - 0x00007ffe1bf47000 	C:\Windows\System32\sechost.dll
0x00007ffe1aea0000 - 0x00007ffe1afc0000 	C:\Windows\System32\RPCRT4.dll
0x00007ffe1acf0000 - 0x00007ffe1ae84000 	C:\Windows\System32\USER32.dll
0x00007ffe191f0000 - 0x00007ffe19211000 	C:\Windows\System32\win32u.dll
0x00007ffe10db0000 - 0x00007ffe11035000 	C:\Windows\WinSxS\amd64_microsoft.windows.common-controls_6595b64144ccf1df_6.0.18362.720_none_e6beb5c51314836b\COMCTL32.dll
0x00007ffe1a460000 - 0x00007ffe1a486000 	C:\Windows\System32\GDI32.dll
0x00007ffe19470000 - 0x00007ffe19604000 	C:\Windows\System32\gdi32full.dll
0x00007ffe1b780000 - 0x00007ffe1bab6000 	C:\Windows\System32\combase.dll
0x00007ffe19150000 - 0x00007ffe191ee000 	C:\Windows\System32\msvcp_win.dll
0x00007ffe19660000 - 0x00007ffe196e0000 	C:\Windows\System32\bcryptPrimitives.dll
0x00007ffe141c0000 - 0x00007ffe141ca000 	C:\Windows\SYSTEM32\VERSION.dll
0x00007ffe1bad0000 - 0x00007ffe1bafe000 	C:\Windows\System32\IMM32.DLL
0x00007ffde7f00000 - 0x00007ffde7f9b000 	C:\Program Files\Java\jdk-13.0.2\bin\msvcp140.dll
0x00007ffde3bb0000 - 0x00007ffde470d000 	C:\Program Files\Java\jdk-13.0.2\bin\server\jvm.dll
0x00007ffe1c070000 - 0x00007ffe1c078000 	C:\Windows\System32\PSAPI.DLL
0x00007ffdfcfe0000 - 0x00007ffdfcfe9000 	C:\Windows\SYSTEM32\WSOCK32.dll
0x00007ffe16c30000 - 0x00007ffe16c54000 	C:\Windows\SYSTEM32\WINMM.dll
0x00007ffe1a170000 - 0x00007ffe1a1df000 	C:\Windows\System32\WS2_32.dll
0x00007ffe16c00000 - 0x00007ffe16c2d000 	C:\Windows\SYSTEM32\winmmbase.dll
0x00007ffe19100000 - 0x00007ffe1914a000 	C:\Windows\System32\cfgmgr32.dll
0x00007ffe19030000 - 0x00007ffe19041000 	C:\Windows\System32\kernel.appcore.dll
0x00007ffdf6640000 - 0x00007ffdf6650000 	C:\Program Files\Java\jdk-13.0.2\bin\verify.dll
0x00007ffe01150000 - 0x00007ffe01344000 	C:\Windows\SYSTEM32\DBGHELP.DLL
0x00007ffe01120000 - 0x00007ffe0114a000 	C:\Windows\SYSTEM32\dbgcore.DLL
0x00007ffde7d80000 - 0x00007ffde7da6000 	C:\Program Files\Java\jdk-13.0.2\bin\java.dll
0x00007ffdf36e0000 - 0x00007ffdf36f7000 	C:\Program Files\Java\jdk-13.0.2\bin\zip.dll
0x00007ffdf3fe0000 - 0x00007ffdf3fea000 	C:\Program Files\Java\jdk-13.0.2\bin\jimage.dll

dbghelp: loaded successfully - version: 4.0.5 - missing functions: none
symbol engine: initialized successfully - sym options: 0x614 - pdb path: .;C:\Program Files\Java\jdk-13.0.2\bin;C:\Windows\SYSTEM32;C:\Windows\WinSxS\amd64_microsoft.windows.common-controls_6595b64144ccf1df_6.0.18362.720_none_e6beb5c51314836b;C:\Program Files\Java\jdk-13.0.2\bin\server

VM Arguments:
jvm_args: -ea -Dfile.encoding=Cp1252 
java_command: org.testng.remote.RemoteTestNG -serport 53232 -protocol json -d C:\Users\ADMIN\Desktop\Codebase\Finsys\test-output C:\Users\ADMIN\AppData\Local\Temp\testng-eclipse-1879122669\testng-customsuite.xml
java_class_path (initial): C:\Users\ADMIN\eclipse\java-2019-12\eclipse\configuration\org.eclipse.osgi\523\0\.cp\lib\testng-remote.jar;C:\Users\ADMIN\Desktop\Codebase\Finsys\target\test-classes;C:\Users\ADMIN\Desktop\Codebase\Finsys\target\classes;C:\Users\ADMIN\.m2\repository\org\seleniumhq\selenium\selenium-java\3.141.59\selenium-java-3.141.59.jar;C:\Users\ADMIN\.m2\repository\org\seleniumhq\selenium\selenium-api\3.141.59\selenium-api-3.141.59.jar;C:\Users\ADMIN\.m2\repository\org\seleniumhq\selenium\selenium-chrome-driver\3.141.59\selenium-chrome-driver-3.141.59.jar;C:\Users\ADMIN\.m2\repository\org\seleniumhq\selenium\selenium-edge-driver\3.141.59\selenium-edge-driver-3.141.59.jar;C:\Users\ADMIN\.m2\repository\org\seleniumhq\selenium\selenium-firefox-driver\3.141.59\selenium-firefox-driver-3.141.59.jar;C:\Users\ADMIN\.m2\repository\org\seleniumhq\selenium\selenium-ie-driver\3.141.59\selenium-ie-driver-3.141.59.jar;C:\Users\ADMIN\.m2\repository\org\seleniumhq\selenium\selenium-opera-driver\3.141.59\selenium-opera-driver-3.141.59.jar;C:\Users\ADMIN\.m2\repository\org\seleniumhq\selenium\selenium-remote-driver\3.141.59\selenium-remote-driver-3.141.59.jar;C:\Users\ADMIN\.m2\repository\org\seleniumhq\selenium\selenium-safari-driver\3.141.59\selenium-safari-driver-3.141.59.jar;C:\Users\ADMIN\.m2\repository\org\seleniumhq\selenium\selenium-support\3.141.59\selenium-support-3.141.59.jar;C:\Users\ADMIN\.m2\repository\net\bytebuddy\byte-buddy\1.8.15\byte-buddy-1.8.15.jar;C:\Users\ADMIN\.m2\repository\org\apache\commons\commons-exec\1.3\commons-exec-1.3.jar;C:\Users\ADMIN\.m2\repository\com\google\guava\guava\25.0-jre\guava-25.0-jre.jar;C:\Users\ADMIN\.m2\repository\com\google\code\findbugs\jsr305\1.3.9\jsr305-1.3.9.jar;C:\Users\ADMIN\.m2\repository\org\checkerframework\checker-compat-qual\2.0.0\checker-compat-qual-2.0.0.jar;C:\Users\ADMIN\.m2\repository\com\google\errorprone\error_prone_annotations\2.1.3\error_prone_annotations-2.1.3.jar;C:\Users\ADMIN\.m2\repository\com
Launcher Type: SUN_STANDARD

[Global flags]
     intx CICompilerCount                          = 3                                         {product} {ergonomic}
     uint ConcGCThreads                            = 2                                         {product} {ergonomic}
     uint G1ConcRefinementThreads                  = 6                                         {product} {ergonomic}
   size_t G1HeapRegionSize                         = 1048576                                   {product} {ergonomic}
    uintx GCDrainStackTargetSize                   = 64                                        {product} {ergonomic}
   size_t InitialHeapSize                          = 134217728                                 {product} {ergonomic}
   size_t MarkStackSize                            = 4194304                                   {product} {ergonomic}
   size_t MaxHeapSize                              = 2130706432                                {product} {ergonomic}
   size_t MinHeapDeltaBytes                        = 1048576                                   {product} {ergonomic}
   size_t MinHeapSize                              = 8388608                                   {product} {ergonomic}
    uintx NonNMethodCodeHeapSize                   = 5832780                                {pd product} {ergonomic}
    uintx NonProfiledCodeHeapSize                  = 122912730                              {pd product} {ergonomic}
    uintx ProfiledCodeHeapSize                     = 122912730                              {pd product} {ergonomic}
    uintx ReservedCodeCacheSize                    = 251658240                              {pd product} {ergonomic}
     bool SegmentedCodeCache                       = true                                      {product} {ergonomic}
   size_t SoftMaxHeapSize                          = 2130706432                             {manageable} {ergonomic}
     bool UseCompressedClassPointers               = true                                 {lp64_product} {ergonomic}
     bool UseCompressedOops                        = true                                 {lp64_product} {ergonomic}
     bool UseG1GC                                  = true                                      {product} {ergonomic}
     bool UseLargePagesIndividualAllocation        = false                                  {pd product} {ergonomic}

Logging:
Log output configuration:
 #0: stdout all=warning uptime,level,tags
 #1: stderr all=off uptime,level,tags

Environment Variables:
PATH=C:/Program Files/Java/jdk-13.0.2/bin/server;C:/Program Files/Java/jdk-13.0.2/bin;C:\Windows\system32;C:\Windows;C:\Windows\System32\Wbem;C:\Windows\System32\WindowsPowerShell\v1.0\;C:\Windows\System32\OpenSSH\;C:\Program Files (x86)\NVIDIA Corporation\PhysX\Common;C:\Program Files\NVIDIA Corporation\NVIDIA NvDLISR;C:\Program Files\Microsoft SQL Server\130\Tools\Binn\;C:\Program Files\Microsoft SQL Server\Client SDK\ODBC\170\Tools\Binn\;C:\Program Files (x86)\Microsoft SQL Server\150\DTS\Binn\;C:\Program Files\Microsoft SQL Server\Client SDK\ODBC\130\Tools\Binn\;C:\Program Files (x86)\Microsoft SQL Server\140\Tools\Binn\;C:\Program Files\Microsoft SQL Server\140\Tools\Binn\;C:\Program Files\Microsoft SQL Server\140\DTS\Binn\;C:\Program Files\Git\cmd;C:\Program Files\dotnet\;C:\Program Files\Java\jdk-13.0.2\bin;C:\Users\ADMIN\AppData\Local\Microsoft\WindowsApps;C:\AppServ\Apache2.2\bin;C:\AppServ\php5;C:\AppServ\MySQL\bin;C:\Users\ADMIN\Desktop;
USERNAME=ADMIN
OS=Windows_NT
PROCESSOR_IDENTIFIER=Intel64 Family 6 Model 158 Stepping 10, GenuineIntel



---------------  S Y S T E M  ---------------

OS: Windows 10 , 64 bit Build 18362 (10.0.18362.329)

CPU:total 6 (initial active 6) (6 cores per cpu, 1 threads per core) family 6 model 158 stepping 10, cmov, cx8, fxsr, mmx, sse, sse2, sse3, ssse3, sse4.1, sse4.2, popcnt, avx, avx2, aes, clmul, erms, 3dnowpref, lzcnt, tsc, tscinvbit, bmi1, bmi2, adx, fma

Memory: 4k page, system-wide physical 8127M (449M free)
TotalPageFile size 32703M (AvailPageFile size 36M)
current process WorkingSet (physical memory assigned to process): 10M, peak: 10M
current process commit charge ("private bytes"): 56M, peak: 184M

vm_info: Java HotSpot(TM) 64-Bit Server VM (13.0.2+8) for windows-amd64 JRE (13.0.2+8), built on Dec 11 2019 09:20:33 by "mach5one" with unknown MS VC++:1916

END.
