#
# There is insufficient memory for the Java Runtime Environment to continue.
# Native memory allocation (malloc) failed to allocate 32744 bytes for ChunkPool::allocate
# Possible reasons:
#   The system is out of physical RAM or swap space
#   The process is running with CompressedOops enabled, and the Java Heap may be blocking the growth of the native heap
# Possible solutions:
#   Reduce memory load on the system
#   Increase physical memory or swap space
#   Check if swap backing store is full
#   Decrease Java heap size (-Xmx/-Xms)
#   Decrease number of Java threads
#   Decrease Java thread stack sizes (-Xss)
#   Set larger code cache with -XX:ReservedCodeCacheSize=
#   JVM is running with Unscaled Compressed Oops mode in which the Java heap is
#     placed in the first 4GB address space. The Java Heap base address is the
#     maximum limit for the native heap growth. Please use -XX:HeapBaseMinAddress
#     to set the Java Heap base and to place the Java Heap above 4GB virtual address.
# This output file may be truncated or incomplete.
#
#  Out of Memory Error (t:/workspace/open/src/hotspot/share/memory/arena.cpp:80), pid=552, tid=4036
#
# JRE version: Java(TM) SE Runtime Environment (13.0.2+8) (build 13.0.2+8)
# Java VM: Java HotSpot(TM) 64-Bit Server VM (13.0.2+8, mixed mode, sharing, tiered, compressed oops, g1 gc, windows-amd64)
# No core dump will be written. Minidumps are not enabled by default on client versions of Windows
#

---------------  S U M M A R Y ------------

Command Line: -agentlib:jdwp=transport=dt_socket,suspend=y,address=localhost:50513 -ea -Dfile.encoding=Cp1252 org.testng.remote.RemoteTestNG -serport 50512 -protocol json -d C:\Users\ADMIN\Desktop\Codebase\Finsys\test-output C:\Users\ADMIN\AppData\Local\Temp\testng-eclipse-856350335\testng-customsuite.xml

Host: Intel(R) Core(TM) i5-9400F CPU @ 2.90GHz, 6 cores, 7G,  Windows 10 , 64 bit Build 18362 (10.0.18362.329)
Time: Sat Mar 28 15:50:04 2020 India Standard Time elapsed time: 82 seconds (0d 0h 1m 22s)

---------------  T H R E A D  ---------------

Current thread (0x000001d5315e0000):  JavaThread "C1 CompilerThread0" daemon [_thread_in_native, id=4036, stack(0x000000ada4b00000,0x000000ada4c00000)]


Current CompileTask:
C1:  82018 1917   !   3       java.util.concurrent.ConcurrentHashMap::transfer (849 bytes)

Stack: [0x000000ada4b00000,0x000000ada4c00000]
Native frames: (J=compiled Java code, j=interpreted, Vv=VM code, C=native code)
V  [jvm.dll+0x624f9a]
V  [jvm.dll+0x770cfa]
V  [jvm.dll+0x7724af]
V  [jvm.dll+0x772ab3]
V  [jvm.dll+0x24bf08]
V  [jvm.dll+0xc2076]
V  [jvm.dll+0xc23cc]
V  [jvm.dll+0x161470]
V  [jvm.dll+0x2da123]
V  [jvm.dll+0x5efb42]
V  [jvm.dll+0x154d9d]
V  [jvm.dll+0x15c8d1]
V  [jvm.dll+0x155ade]
V  [jvm.dll+0x141f30]
V  [jvm.dll+0x12a0d9]
V  [jvm.dll+0x1299df]
V  [jvm.dll+0x129c0f]
V  [jvm.dll+0x128ea7]
V  [jvm.dll+0x12adc7]
V  [jvm.dll+0x213e6d]
V  [jvm.dll+0x2120bb]
V  [jvm.dll+0x736bb6]
V  [jvm.dll+0x72fcaa]
V  [jvm.dll+0x623ea6]
C  [ucrtbase.dll+0x20e72]
C  [KERNEL32.DLL+0x17bd4]
C  [ntdll.dll+0x6ced1]


---------------  P R O C E S S  ---------------

Threads class SMR info:
_java_thread_list=0x000001d53301dbc0, length=17, elements={
0x000001d512c21000, 0x000001d5315b5000, 0x000001d5315b8800, 0x000001d5315d6800,
0x000001d5315d8800, 0x000001d5315da800, 0x000001d5315e0000, 0x000001d5315e2800,
0x000001d532031000, 0x000001d532046800, 0x000001d532052800, 0x000001d532abb800,
0x000001d532c00800, 0x000001d532f0d800, 0x000001d532cdf000, 0x000001d532d62800,
0x000001d532d7f800
}

Java Threads: ( => current thread )
  0x000001d512c21000 JavaThread "main" [_thread_in_vm, id=1128, stack(0x000000ada3f00000,0x000000ada4000000)]
  0x000001d5315b5000 JavaThread "Reference Handler" daemon [_thread_blocked, id=11668, stack(0x000000ada4600000,0x000000ada4700000)]
  0x000001d5315b8800 JavaThread "Finalizer" daemon [_thread_blocked, id=14036, stack(0x000000ada4700000,0x000000ada4800000)]
  0x000001d5315d6800 JavaThread "Signal Dispatcher" daemon [_thread_blocked, id=12500, stack(0x000000ada4800000,0x000000ada4900000)]
  0x000001d5315d8800 JavaThread "Attach Listener" daemon [_thread_blocked, id=8676, stack(0x000000ada4900000,0x000000ada4a00000)]
  0x000001d5315da800 JavaThread "C2 CompilerThread0" daemon [_thread_in_vm, id=8500, stack(0x000000ada4a00000,0x000000ada4b00000)]
=>0x000001d5315e0000 JavaThread "C1 CompilerThread0" daemon [_thread_in_native, id=4036, stack(0x000000ada4b00000,0x000000ada4c00000)]
  0x000001d5315e2800 JavaThread "Sweeper thread" daemon [_thread_blocked, id=13120, stack(0x000000ada4c00000,0x000000ada4d00000)]
  0x000001d532031000 JavaThread "JDWP Event Helper Thread" daemon [_thread_blocked, id=1296, stack(0x000000ada4e00000,0x000000ada4f00000)]
  0x000001d532046800 JavaThread "Service Thread" daemon [_thread_blocked, id=10392, stack(0x000000ada5000000,0x000000ada5100000)]
  0x000001d532052800 JavaThread "Common-Cleaner" daemon [_thread_blocked, id=5448, stack(0x000000ada5200000,0x000000ada5300000)]
  0x000001d532abb800 JavaThread "ReaderThread" [_thread_in_native, id=13288, stack(0x000000ada5500000,0x000000ada5600000)]
  0x000001d532c00800 JavaThread "Exec Default Executor" daemon [_thread_in_native, id=6432, stack(0x000000ada5900000,0x000000ada5a00000)]
  0x000001d532f0d800 JavaThread "Exec Stream Pumper" daemon [_thread_in_native, id=11676, stack(0x000000ada5b00000,0x000000ada5c00000)]
  0x000001d532cdf000 JavaThread "Exec Stream Pumper" daemon [_thread_in_native, id=9064, stack(0x000000ada5c00000,0x000000ada5d00000)]
  0x000001d532d62800 JavaThread "OkHttp ConnectionPool" daemon [_thread_blocked, id=2664, stack(0x000000ada5e00000,0x000000ada5f00000)]
  0x000001d532d7f800 JavaThread "Okio Watchdog" daemon [_thread_blocked, id=5992, stack(0x000000ada5f00000,0x000000ada6000000)]

Other Threads:
  0x000001d5315b3800 VMThread "VM Thread" [stack: 0x000000ada4500000,0x000000ada4600000] [id=7132]
  0x000001d53204d800 WatcherThread [stack: 0x000000ada5100000,0x000000ada5200000] [id=2124]
  0x000001d512c64800 GCTaskThread "GC Thread#0" [stack: 0x000000ada4000000,0x000000ada4100000] [id=6200]
  0x000001d532f73800 GCTaskThread "GC Thread#1" [stack: 0x000000ada5600000,0x000000ada5700000] [id=14232]
  0x000001d532f74000 GCTaskThread "GC Thread#2" [stack: 0x000000ada5700000,0x000000ada5800000] [id=11816]
  0x000001d532f74800 GCTaskThread "GC Thread#3" [stack: 0x000000ada5800000,0x000000ada5900000] [id=6492]
  0x000001d512c76000 ConcurrentGCThread "G1 Main Marker" [stack: 0x000000ada4100000,0x000000ada4200000] [id=6976]
  0x000001d512c78000 ConcurrentGCThread "G1 Conc#0" [stack: 0x000000ada4200000,0x000000ada4300000] [id=12604]
  0x000001d531430800 ConcurrentGCThread "G1 Refine#0" [stack: 0x000000ada4300000,0x000000ada4400000] [id=12012]
  0x000001d531431800 ConcurrentGCThread "G1 Young RemSet Sampling" [stack: 0x000000ada4400000,0x000000ada4500000] [id=5904]

Threads with active compile tasks:
C2 CompilerThread0    82066 1925   !   4       java.net.URL::<init> (543 bytes)
C1 CompilerThread0    82066 1917   !   3       java.util.concurrent.ConcurrentHashMap::transfer (849 bytes)

VM state:not at safepoint (normal execution)

VM Mutex/Monitor currently owned by a thread: None

Heap address: 0x0000000081000000, size: 2032 MB, Compressed Oops mode: 32-bit
Narrow klass base: 0x0000000800000000, Narrow klass shift: 3
Compressed class space size: 1073741824 Address: 0x0000000800b40000

Heap:
 garbage-first heap   total 131072K, used 27557K [0x0000000081000000, 0x0000000100000000)
  region size 1024K, 27 young (27648K), 3 survivors (3072K)
 Metaspace       used 14873K, capacity 15442K, committed 15616K, reserved 1062912K
  class space    used 1776K, capacity 1998K, committed 2048K, reserved 1048576K
Heap Regions: E=young(eden), S=young(survivor), O=old, HS=humongous(starts), HC=humongous(continues), CS=collection set, F=free, A=archive, TAMS=top-at-mark-start (previous, next)
|   0|0x0000000081000000, 0x00000000810e9600, 0x0000000081100000| 91%| O|  |TAMS 0x0000000081000000, 0x0000000081000000| Untracked 
|   1|0x0000000081100000, 0x0000000081100000, 0x0000000081200000|  0%| F|  |TAMS 0x0000000081100000, 0x0000000081100000| Untracked 
|   2|0x0000000081200000, 0x0000000081200000, 0x0000000081300000|  0%| F|  |TAMS 0x0000000081200000, 0x0000000081200000| Untracked 
|   3|0x0000000081300000, 0x0000000081300000, 0x0000000081400000|  0%| F|  |TAMS 0x0000000081300000, 0x0000000081300000| Untracked 
|   4|0x0000000081400000, 0x0000000081400000, 0x0000000081500000|  0%| F|  |TAMS 0x0000000081400000, 0x0000000081400000| Untracked 
|   5|0x0000000081500000, 0x0000000081500000, 0x0000000081600000|  0%| F|  |TAMS 0x0000000081500000, 0x0000000081500000| Untracked 
|   6|0x0000000081600000, 0x0000000081600000, 0x0000000081700000|  0%| F|  |TAMS 0x0000000081600000, 0x0000000081600000| Untracked 
|   7|0x0000000081700000, 0x0000000081700000, 0x0000000081800000|  0%| F|  |TAMS 0x0000000081700000, 0x0000000081700000| Untracked 
|   8|0x0000000081800000, 0x0000000081800000, 0x0000000081900000|  0%| F|  |TAMS 0x0000000081800000, 0x0000000081800000| Untracked 
|   9|0x0000000081900000, 0x0000000081900000, 0x0000000081a00000|  0%| F|  |TAMS 0x0000000081900000, 0x0000000081900000| Untracked 
|  10|0x0000000081a00000, 0x0000000081a00000, 0x0000000081b00000|  0%| F|  |TAMS 0x0000000081a00000, 0x0000000081a00000| Untracked 
|  11|0x0000000081b00000, 0x0000000081b00000, 0x0000000081c00000|  0%| F|  |TAMS 0x0000000081b00000, 0x0000000081b00000| Untracked 
|  12|0x0000000081c00000, 0x0000000081c00000, 0x0000000081d00000|  0%| F|  |TAMS 0x0000000081c00000, 0x0000000081c00000| Untracked 
|  13|0x0000000081d00000, 0x0000000081d00000, 0x0000000081e00000|  0%| F|  |TAMS 0x0000000081d00000, 0x0000000081d00000| Untracked 
|  14|0x0000000081e00000, 0x0000000081e00000, 0x0000000081f00000|  0%| F|  |TAMS 0x0000000081e00000, 0x0000000081e00000| Untracked 
|  15|0x0000000081f00000, 0x0000000081f00000, 0x0000000082000000|  0%| F|  |TAMS 0x0000000081f00000, 0x0000000081f00000| Untracked 
|  16|0x0000000082000000, 0x0000000082000000, 0x0000000082100000|  0%| F|  |TAMS 0x0000000082000000, 0x0000000082000000| Untracked 
|  17|0x0000000082100000, 0x0000000082100000, 0x0000000082200000|  0%| F|  |TAMS 0x0000000082100000, 0x0000000082100000| Untracked 
|  18|0x0000000082200000, 0x0000000082200000, 0x0000000082300000|  0%| F|  |TAMS 0x0000000082200000, 0x0000000082200000| Untracked 
|  19|0x0000000082300000, 0x0000000082300000, 0x0000000082400000|  0%| F|  |TAMS 0x0000000082300000, 0x0000000082300000| Untracked 
|  20|0x0000000082400000, 0x0000000082400000, 0x0000000082500000|  0%| F|  |TAMS 0x0000000082400000, 0x0000000082400000| Untracked 
|  21|0x0000000082500000, 0x0000000082500000, 0x0000000082600000|  0%| F|  |TAMS 0x0000000082500000, 0x0000000082500000| Untracked 
|  22|0x0000000082600000, 0x0000000082600000, 0x0000000082700000|  0%| F|  |TAMS 0x0000000082600000, 0x0000000082600000| Untracked 
|  23|0x0000000082700000, 0x0000000082700000, 0x0000000082800000|  0%| F|  |TAMS 0x0000000082700000, 0x0000000082700000| Untracked 
|  24|0x0000000082800000, 0x0000000082800000, 0x0000000082900000|  0%| F|  |TAMS 0x0000000082800000, 0x0000000082800000| Untracked 
|  25|0x0000000082900000, 0x0000000082900000, 0x0000000082a00000|  0%| F|  |TAMS 0x0000000082900000, 0x0000000082900000| Untracked 
|  26|0x0000000082a00000, 0x0000000082a00000, 0x0000000082b00000|  0%| F|  |TAMS 0x0000000082a00000, 0x0000000082a00000| Untracked 
|  27|0x0000000082b00000, 0x0000000082b00000, 0x0000000082c00000|  0%| F|  |TAMS 0x0000000082b00000, 0x0000000082b00000| Untracked 
|  28|0x0000000082c00000, 0x0000000082c00000, 0x0000000082d00000|  0%| F|  |TAMS 0x0000000082c00000, 0x0000000082c00000| Untracked 
|  29|0x0000000082d00000, 0x0000000082d00000, 0x0000000082e00000|  0%| F|  |TAMS 0x0000000082d00000, 0x0000000082d00000| Untracked 
|  30|0x0000000082e00000, 0x0000000082e00000, 0x0000000082f00000|  0%| F|  |TAMS 0x0000000082e00000, 0x0000000082e00000| Untracked 
|  31|0x0000000082f00000, 0x0000000082f00000, 0x0000000083000000|  0%| F|  |TAMS 0x0000000082f00000, 0x0000000082f00000| Untracked 
|  32|0x0000000083000000, 0x0000000083000000, 0x0000000083100000|  0%| F|  |TAMS 0x0000000083000000, 0x0000000083000000| Untracked 
|  33|0x0000000083100000, 0x0000000083100000, 0x0000000083200000|  0%| F|  |TAMS 0x0000000083100000, 0x0000000083100000| Untracked 
|  34|0x0000000083200000, 0x0000000083200000, 0x0000000083300000|  0%| F|  |TAMS 0x0000000083200000, 0x0000000083200000| Untracked 
|  35|0x0000000083300000, 0x0000000083300000, 0x0000000083400000|  0%| F|  |TAMS 0x0000000083300000, 0x0000000083300000| Untracked 
|  36|0x0000000083400000, 0x0000000083400000, 0x0000000083500000|  0%| F|  |TAMS 0x0000000083400000, 0x0000000083400000| Untracked 
|  37|0x0000000083500000, 0x0000000083500000, 0x0000000083600000|  0%| F|  |TAMS 0x0000000083500000, 0x0000000083500000| Untracked 
|  38|0x0000000083600000, 0x0000000083600000, 0x0000000083700000|  0%| F|  |TAMS 0x0000000083600000, 0x0000000083600000| Untracked 
|  39|0x0000000083700000, 0x0000000083700000, 0x0000000083800000|  0%| F|  |TAMS 0x0000000083700000, 0x0000000083700000| Untracked 
|  40|0x0000000083800000, 0x0000000083800000, 0x0000000083900000|  0%| F|  |TAMS 0x0000000083800000, 0x0000000083800000| Untracked 
|  41|0x0000000083900000, 0x0000000083900000, 0x0000000083a00000|  0%| F|  |TAMS 0x0000000083900000, 0x0000000083900000| Untracked 
|  42|0x0000000083a00000, 0x0000000083a00000, 0x0000000083b00000|  0%| F|  |TAMS 0x0000000083a00000, 0x0000000083a00000| Untracked 
|  43|0x0000000083b00000, 0x0000000083b00000, 0x0000000083c00000|  0%| F|  |TAMS 0x0000000083b00000, 0x0000000083b00000| Untracked 
|  44|0x0000000083c00000, 0x0000000083c00000, 0x0000000083d00000|  0%| F|  |TAMS 0x0000000083c00000, 0x0000000083c00000| Untracked 
|  45|0x0000000083d00000, 0x0000000083d00000, 0x0000000083e00000|  0%| F|  |TAMS 0x0000000083d00000, 0x0000000083d00000| Untracked 
|  46|0x0000000083e00000, 0x0000000083e00000, 0x0000000083f00000|  0%| F|  |TAMS 0x0000000083e00000, 0x0000000083e00000| Untracked 
|  47|0x0000000083f00000, 0x0000000083f00000, 0x0000000084000000|  0%| F|  |TAMS 0x0000000083f00000, 0x0000000083f00000| Untracked 
|  48|0x0000000084000000, 0x0000000084000000, 0x0000000084100000|  0%| F|  |TAMS 0x0000000084000000, 0x0000000084000000| Untracked 
|  49|0x0000000084100000, 0x0000000084100000, 0x0000000084200000|  0%| F|  |TAMS 0x0000000084100000, 0x0000000084100000| Untracked 
|  50|0x0000000084200000, 0x0000000084200000, 0x0000000084300000|  0%| F|  |TAMS 0x0000000084200000, 0x0000000084200000| Untracked 
|  51|0x0000000084300000, 0x0000000084300000, 0x0000000084400000|  0%| F|  |TAMS 0x0000000084300000, 0x0000000084300000| Untracked 
|  52|0x0000000084400000, 0x0000000084400000, 0x0000000084500000|  0%| F|  |TAMS 0x0000000084400000, 0x0000000084400000| Untracked 
|  53|0x0000000084500000, 0x0000000084500000, 0x0000000084600000|  0%| F|  |TAMS 0x0000000084500000, 0x0000000084500000| Untracked 
|  54|0x0000000084600000, 0x0000000084600000, 0x0000000084700000|  0%| F|  |TAMS 0x0000000084600000, 0x0000000084600000| Untracked 
|  55|0x0000000084700000, 0x0000000084700000, 0x0000000084800000|  0%| F|  |TAMS 0x0000000084700000, 0x0000000084700000| Untracked 
|  56|0x0000000084800000, 0x0000000084800000, 0x0000000084900000|  0%| F|  |TAMS 0x0000000084800000, 0x0000000084800000| Untracked 
|  57|0x0000000084900000, 0x0000000084900000, 0x0000000084a00000|  0%| F|  |TAMS 0x0000000084900000, 0x0000000084900000| Untracked 
|  58|0x0000000084a00000, 0x0000000084a00000, 0x0000000084b00000|  0%| F|  |TAMS 0x0000000084a00000, 0x0000000084a00000| Untracked 
|  59|0x0000000084b00000, 0x0000000084b00000, 0x0000000084c00000|  0%| F|  |TAMS 0x0000000084b00000, 0x0000000084b00000| Untracked 
|  60|0x0000000084c00000, 0x0000000084c00000, 0x0000000084d00000|  0%| F|  |TAMS 0x0000000084c00000, 0x0000000084c00000| Untracked 
|  61|0x0000000084d00000, 0x0000000084d00000, 0x0000000084e00000|  0%| F|  |TAMS 0x0000000084d00000, 0x0000000084d00000| Untracked 
|  62|0x0000000084e00000, 0x0000000084e00000, 0x0000000084f00000|  0%| F|  |TAMS 0x0000000084e00000, 0x0000000084e00000| Untracked 
|  63|0x0000000084f00000, 0x0000000084f00000, 0x0000000085000000|  0%| F|  |TAMS 0x0000000084f00000, 0x0000000084f00000| Untracked 
|  64|0x0000000085000000, 0x0000000085000000, 0x0000000085100000|  0%| F|  |TAMS 0x0000000085000000, 0x0000000085000000| Untracked 
|  65|0x0000000085100000, 0x0000000085100000, 0x0000000085200000|  0%| F|  |TAMS 0x0000000085100000, 0x0000000085100000| Untracked 
|  66|0x0000000085200000, 0x0000000085200000, 0x0000000085300000|  0%| F|  |TAMS 0x0000000085200000, 0x0000000085200000| Untracked 
|  67|0x0000000085300000, 0x0000000085300000, 0x0000000085400000|  0%| F|  |TAMS 0x0000000085300000, 0x0000000085300000| Untracked 
|  68|0x0000000085400000, 0x0000000085400000, 0x0000000085500000|  0%| F|  |TAMS 0x0000000085400000, 0x0000000085400000| Untracked 
|  69|0x0000000085500000, 0x0000000085500000, 0x0000000085600000|  0%| F|  |TAMS 0x0000000085500000, 0x0000000085500000| Untracked 
|  70|0x0000000085600000, 0x0000000085600000, 0x0000000085700000|  0%| F|  |TAMS 0x0000000085600000, 0x0000000085600000| Untracked 
|  71|0x0000000085700000, 0x0000000085700000, 0x0000000085800000|  0%| F|  |TAMS 0x0000000085700000, 0x0000000085700000| Untracked 
|  72|0x0000000085800000, 0x0000000085800000, 0x0000000085900000|  0%| F|  |TAMS 0x0000000085800000, 0x0000000085800000| Untracked 
|  73|0x0000000085900000, 0x0000000085900000, 0x0000000085a00000|  0%| F|  |TAMS 0x0000000085900000, 0x0000000085900000| Untracked 
|  74|0x0000000085a00000, 0x0000000085a00000, 0x0000000085b00000|  0%| F|  |TAMS 0x0000000085a00000, 0x0000000085a00000| Untracked 
|  75|0x0000000085b00000, 0x0000000085b00000, 0x0000000085c00000|  0%| F|  |TAMS 0x0000000085b00000, 0x0000000085b00000| Untracked 
|  76|0x0000000085c00000, 0x0000000085c00000, 0x0000000085d00000|  0%| F|  |TAMS 0x0000000085c00000, 0x0000000085c00000| Untracked 
|  77|0x0000000085d00000, 0x0000000085d00000, 0x0000000085e00000|  0%| F|  |TAMS 0x0000000085d00000, 0x0000000085d00000| Untracked 
|  78|0x0000000085e00000, 0x0000000085e00000, 0x0000000085f00000|  0%| F|  |TAMS 0x0000000085e00000, 0x0000000085e00000| Untracked 
|  79|0x0000000085f00000, 0x0000000085f00000, 0x0000000086000000|  0%| F|  |TAMS 0x0000000085f00000, 0x0000000085f00000| Untracked 
|  80|0x0000000086000000, 0x0000000086000000, 0x0000000086100000|  0%| F|  |TAMS 0x0000000086000000, 0x0000000086000000| Untracked 
|  81|0x0000000086100000, 0x0000000086100000, 0x0000000086200000|  0%| F|  |TAMS 0x0000000086100000, 0x0000000086100000| Untracked 
|  82|0x0000000086200000, 0x0000000086200000, 0x0000000086300000|  0%| F|  |TAMS 0x0000000086200000, 0x0000000086200000| Untracked 
|  83|0x0000000086300000, 0x0000000086300000, 0x0000000086400000|  0%| F|  |TAMS 0x0000000086300000, 0x0000000086300000| Untracked 
|  84|0x0000000086400000, 0x0000000086400000, 0x0000000086500000|  0%| F|  |TAMS 0x0000000086400000, 0x0000000086400000| Untracked 
|  85|0x0000000086500000, 0x0000000086500000, 0x0000000086600000|  0%| F|  |TAMS 0x0000000086500000, 0x0000000086500000| Untracked 
|  86|0x0000000086600000, 0x0000000086600000, 0x0000000086700000|  0%| F|  |TAMS 0x0000000086600000, 0x0000000086600000| Untracked 
|  87|0x0000000086700000, 0x0000000086700000, 0x0000000086800000|  0%| F|  |TAMS 0x0000000086700000, 0x0000000086700000| Untracked 
|  88|0x0000000086800000, 0x0000000086800000, 0x0000000086900000|  0%| F|  |TAMS 0x0000000086800000, 0x0000000086800000| Untracked 
|  89|0x0000000086900000, 0x0000000086900000, 0x0000000086a00000|  0%| F|  |TAMS 0x0000000086900000, 0x0000000086900000| Untracked 
|  90|0x0000000086a00000, 0x0000000086a00000, 0x0000000086b00000|  0%| F|  |TAMS 0x0000000086a00000, 0x0000000086a00000| Untracked 
|  91|0x0000000086b00000, 0x0000000086b00000, 0x0000000086c00000|  0%| F|  |TAMS 0x0000000086b00000, 0x0000000086b00000| Untracked 
|  92|0x0000000086c00000, 0x0000000086c00000, 0x0000000086d00000|  0%| F|  |TAMS 0x0000000086c00000, 0x0000000086c00000| Untracked 
|  93|0x0000000086d00000, 0x0000000086d00000, 0x0000000086e00000|  0%| F|  |TAMS 0x0000000086d00000, 0x0000000086d00000| Untracked 
|  94|0x0000000086e00000, 0x0000000086e00000, 0x0000000086f00000|  0%| F|  |TAMS 0x0000000086e00000, 0x0000000086e00000| Untracked 
|  95|0x0000000086f00000, 0x0000000086f00000, 0x0000000087000000|  0%| F|  |TAMS 0x0000000086f00000, 0x0000000086f00000| Untracked 
|  96|0x0000000087000000, 0x0000000087000000, 0x0000000087100000|  0%| F|  |TAMS 0x0000000087000000, 0x0000000087000000| Untracked 
|  97|0x0000000087100000, 0x0000000087100000, 0x0000000087200000|  0%| F|  |TAMS 0x0000000087100000, 0x0000000087100000| Untracked 
|  98|0x0000000087200000, 0x0000000087200000, 0x0000000087300000|  0%| F|  |TAMS 0x0000000087200000, 0x0000000087200000| Untracked 
|  99|0x0000000087300000, 0x0000000087300000, 0x0000000087400000|  0%| F|  |TAMS 0x0000000087300000, 0x0000000087300000| Untracked 
| 100|0x0000000087400000, 0x0000000087400000, 0x0000000087500000|  0%| F|  |TAMS 0x0000000087400000, 0x0000000087400000| Untracked 
| 101|0x0000000087500000, 0x0000000087580800, 0x0000000087600000| 50%| E|  |TAMS 0x0000000087500000, 0x0000000087500000| Complete 
| 102|0x0000000087600000, 0x0000000087700000, 0x0000000087700000|100%| E|CS|TAMS 0x0000000087600000, 0x0000000087600000| Complete 
| 103|0x0000000087700000, 0x0000000087800000, 0x0000000087800000|100%| S|CS|TAMS 0x0000000087700000, 0x0000000087700000| Complete 
| 104|0x0000000087800000, 0x0000000087900000, 0x0000000087900000|100%| S|CS|TAMS 0x0000000087800000, 0x0000000087800000| Complete 
| 105|0x0000000087900000, 0x0000000087a00000, 0x0000000087a00000|100%| S|CS|TAMS 0x0000000087900000, 0x0000000087900000| Complete 
| 106|0x0000000087a00000, 0x0000000087b00000, 0x0000000087b00000|100%| E|CS|TAMS 0x0000000087a00000, 0x0000000087a00000| Complete 
| 107|0x0000000087b00000, 0x0000000087c00000, 0x0000000087c00000|100%| E|CS|TAMS 0x0000000087b00000, 0x0000000087b00000| Complete 
| 108|0x0000000087c00000, 0x0000000087d00000, 0x0000000087d00000|100%| E|CS|TAMS 0x0000000087c00000, 0x0000000087c00000| Complete 
| 109|0x0000000087d00000, 0x0000000087e00000, 0x0000000087e00000|100%| E|CS|TAMS 0x0000000087d00000, 0x0000000087d00000| Complete 
| 110|0x0000000087e00000, 0x0000000087f00000, 0x0000000087f00000|100%| E|CS|TAMS 0x0000000087e00000, 0x0000000087e00000| Complete 
| 111|0x0000000087f00000, 0x0000000088000000, 0x0000000088000000|100%| E|CS|TAMS 0x0000000087f00000, 0x0000000087f00000| Complete 
| 112|0x0000000088000000, 0x0000000088100000, 0x0000000088100000|100%| E|CS|TAMS 0x0000000088000000, 0x0000000088000000| Complete 
| 113|0x0000000088100000, 0x0000000088200000, 0x0000000088200000|100%| E|CS|TAMS 0x0000000088100000, 0x0000000088100000| Complete 
| 114|0x0000000088200000, 0x0000000088300000, 0x0000000088300000|100%| E|CS|TAMS 0x0000000088200000, 0x0000000088200000| Complete 
| 115|0x0000000088300000, 0x0000000088400000, 0x0000000088400000|100%| E|CS|TAMS 0x0000000088300000, 0x0000000088300000| Complete 
| 116|0x0000000088400000, 0x0000000088500000, 0x0000000088500000|100%| E|CS|TAMS 0x0000000088400000, 0x0000000088400000| Complete 
| 117|0x0000000088500000, 0x0000000088600000, 0x0000000088600000|100%| E|CS|TAMS 0x0000000088500000, 0x0000000088500000| Complete 
| 118|0x0000000088600000, 0x0000000088700000, 0x0000000088700000|100%| E|CS|TAMS 0x0000000088600000, 0x0000000088600000| Complete 
| 119|0x0000000088700000, 0x0000000088800000, 0x0000000088800000|100%| E|CS|TAMS 0x0000000088700000, 0x0000000088700000| Complete 
| 120|0x0000000088800000, 0x0000000088900000, 0x0000000088900000|100%| E|CS|TAMS 0x0000000088800000, 0x0000000088800000| Complete 
| 121|0x0000000088900000, 0x0000000088a00000, 0x0000000088a00000|100%| E|CS|TAMS 0x0000000088900000, 0x0000000088900000| Complete 
| 122|0x0000000088a00000, 0x0000000088b00000, 0x0000000088b00000|100%| E|CS|TAMS 0x0000000088a00000, 0x0000000088a00000| Complete 
| 123|0x0000000088b00000, 0x0000000088c00000, 0x0000000088c00000|100%| E|CS|TAMS 0x0000000088b00000, 0x0000000088b00000| Complete 
| 124|0x0000000088c00000, 0x0000000088d00000, 0x0000000088d00000|100%| E|CS|TAMS 0x0000000088c00000, 0x0000000088c00000| Complete 
| 125|0x0000000088d00000, 0x0000000088e00000, 0x0000000088e00000|100%| E|CS|TAMS 0x0000000088d00000, 0x0000000088d00000| Complete 
| 126|0x0000000088e00000, 0x0000000088f00000, 0x0000000088f00000|100%| E|CS|TAMS 0x0000000088e00000, 0x0000000088e00000| Complete 
| 127|0x0000000088f00000, 0x0000000089000000, 0x0000000089000000|100%| E|CS|TAMS 0x0000000088f00000, 0x0000000088f00000| Complete 

Card table byte_map: [0x000001d52a630000,0x000001d52aa30000] _byte_map_base: 0x000001d52a228000

Marking Bits (Prev, Next): (CMBitMap*) 0x000001d512c655f8, (CMBitMap*) 0x000001d512c65638
 Prev Bits: [0x000001d52ae30000, 0x000001d52cdf0000)
 Next Bits: [0x000001d52cdf0000, 0x000001d52edb0000)

Polling page: 0x000001d510b00000

Metaspace:

Usage:
  Non-class:     13.13 MB capacity,    12.79 MB ( 97%) used,   290.39 KB (  2%) free+waste,    57.25 KB ( <1%) overhead. 
      Class:      1.95 MB capacity,     1.74 MB ( 89%) used,   192.84 KB ( 10%) free+waste,    28.50 KB (  1%) overhead. 
       Both:     15.08 MB capacity,    14.52 MB ( 96%) used,   483.23 KB (  3%) free+waste,    85.75 KB ( <1%) overhead. 

Virtual space:
  Non-class space:       14.00 MB reserved,      13.25 MB ( 95%) committed 
      Class space:        1.00 GB reserved,       2.00 MB ( <1%) committed 
             Both:        1.01 GB reserved,      15.25 MB (  1%) committed 

Chunk freelists:
   Non-Class:  0 bytes
       Class:  0 bytes
        Both:  0 bytes

MaxMetaspaceSize: 17179869184.00 GB
CompressedClassSpaceSize: 1.00 GB

CodeHeap 'non-profiled nmethods': size=120000Kb used=656Kb max_used=672Kb free=119343Kb
 bounds [0x000001d522bf0000, 0x000001d522e60000, 0x000001d52a120000]
CodeHeap 'profiled nmethods': size=120000Kb used=3546Kb max_used=3911Kb free=116453Kb
 bounds [0x000001d51b6c0000, 0x000001d51baa0000, 0x000001d522bf0000]
CodeHeap 'non-nmethods': size=5760Kb used=1326Kb max_used=1342Kb free=4433Kb
 bounds [0x000001d51b120000, 0x000001d51b390000, 0x000001d51b6c0000]
 total_blobs=3123 nmethods=1778 adapters=418
 compilation: enabled
              stopped_count=0, restarted_count=0
 full_count=0

Compilation events (20 events):
Event: 21.881 Thread 0x000001d5315e0000 nmethod 1906 0x000001d51ba91590 code [0x000001d51ba91780, 0x000001d51ba91d60]
Event: 81.944 Thread 0x000001d5315da800 1908       4       java.util.ArrayList$Itr::next (66 bytes)
Event: 81.945 Thread 0x000001d5315e0000 1909       3       java.io.Writer::write (11 bytes)
Event: 81.945 Thread 0x000001d5315e0000 nmethod 1909 0x000001d51b6d6c90 code [0x000001d51b6d6e60, 0x000001d51b6d71d0]
Event: 81.945 Thread 0x000001d5315e0000 1910   !   3       java.io.BufferedWriter::write (117 bytes)
Event: 81.947 Thread 0x000001d5315e0000 nmethod 1910 0x000001d51b7eee10 code [0x000001d51b7ef020, 0x000001d51b7ef7b0]
Event: 81.947 Thread 0x000001d5315e0000 1911       3       java.io.BufferedWriter::min (9 bytes)
Event: 81.947 Thread 0x000001d5315e0000 nmethod 1911 0x000001d51b6d4810 code [0x000001d51b6d49c0, 0x000001d51b6d4b98]
Event: 81.947 Thread 0x000001d5315e0000 1912       1       org.testng.shaded.com.google.gson.reflect.TypeToken::getType (5 bytes)
Event: 81.947 Thread 0x000001d5315e0000 nmethod 1912 0x000001d522bf7d10 code [0x000001d522bf7ea0, 0x000001d522bf7fd8]
Event: 81.947 Thread 0x000001d5315da800 nmethod 1908 0x000001d522c04b90 code [0x000001d522c04d20, 0x000001d522c04eb8]
Event: 81.948 Thread 0x000001d5315e0000 1913       1       okhttp3.Request::method (5 bytes)
Event: 81.948 Thread 0x000001d5315e0000 nmethod 1913 0x000001d522c32190 code [0x000001d522c32320, 0x000001d522c32458]
Event: 81.950 Thread 0x000001d5315e0000 1914       1       okhttp3.Response::code (5 bytes)
Event: 81.950 Thread 0x000001d5315e0000 nmethod 1914 0x000001d522c31e10 code [0x000001d522c31fa0, 0x000001d522c320d8]
Event: 81.950 Thread 0x000001d5315e0000 1915       3       java.util.Objects::hashCode (13 bytes)
Event: 81.951 Thread 0x000001d5315e0000 nmethod 1915 0x000001d51b6c4d10 code [0x000001d51b6c4ec0, 0x000001d51b6c5130]
Event: 81.951 Thread 0x000001d5315e0000 1916       3       java.lang.invoke.LambdaFormEditor$Transform::inRange (36 bytes)
Event: 81.951 Thread 0x000001d5315e0000 nmethod 1916 0x000001d51b6e5090 code [0x000001d51b6e5240, 0x000001d51b6e53f8]
Event: 81.952 Thread 0x000001d5315e0000 1917   !   3       java.util.concurrent.ConcurrentHashMap::transfer (849 bytes)

GC Heap History (2 events):
Event: 0.896 GC heap before
{Heap before GC invocations=0 (full 0):
 garbage-first heap   total 131072K, used 22528K [0x0000000081000000, 0x0000000100000000)
  region size 1024K, 22 young (22528K), 0 survivors (0K)
 Metaspace       used 9212K, capacity 9554K, committed 9600K, reserved 1058816K
  class space    used 1035K, capacity 1140K, committed 1152K, reserved 1048576K
}
Event: 0.900 GC heap after
{Heap after GC invocations=1 (full 0):
 garbage-first heap   total 131072K, used 4005K [0x0000000081000000, 0x0000000100000000)
  region size 1024K, 3 young (3072K), 3 survivors (3072K)
 Metaspace       used 9212K, capacity 9554K, committed 9600K, reserved 1058816K
  class space    used 1035K, capacity 1140K, committed 1152K, reserved 1048576K
}

Deoptimization events (20 events):
Event: 21.799 Thread 0x000001d512c21000 DEOPT PACKING pc=0x000001d51ba7aa74 sp=0x000000ada3ffcb10
Event: 21.799 Thread 0x000001d512c21000 DEOPT UNPACKING pc=0x000001d51b16964e sp=0x000000ada3ffc060 mode 1
Event: 21.799 Thread 0x000001d512c21000 DEOPT PACKING pc=0x000001d51ba8291c sp=0x000000ada3ffcc20
Event: 21.799 Thread 0x000001d512c21000 DEOPT UNPACKING pc=0x000001d51b16964e sp=0x000000ada3ffc190 mode 1
Event: 21.799 Thread 0x000001d512c21000 DEOPT PACKING pc=0x000001d51ba7aa74 sp=0x000000ada3ffcc90
Event: 21.799 Thread 0x000001d512c21000 DEOPT UNPACKING pc=0x000001d51b16964e sp=0x000000ada3ffc1e0 mode 1
Event: 21.799 Thread 0x000001d512c21000 DEOPT PACKING pc=0x000001d51ba8291c sp=0x000000ada3ffcda0
Event: 21.799 Thread 0x000001d512c21000 DEOPT UNPACKING pc=0x000001d51b16964e sp=0x000000ada3ffc310 mode 1
Event: 21.799 Thread 0x000001d512c21000 DEOPT PACKING pc=0x000001d51ba7aa74 sp=0x000000ada3ffcc10
Event: 21.799 Thread 0x000001d512c21000 DEOPT UNPACKING pc=0x000001d51b16964e sp=0x000000ada3ffc160 mode 1
Event: 21.799 Thread 0x000001d512c21000 DEOPT PACKING pc=0x000001d51ba8291c sp=0x000000ada3ffcd20
Event: 21.799 Thread 0x000001d512c21000 DEOPT UNPACKING pc=0x000001d51b16964e sp=0x000000ada3ffc290 mode 1
Event: 21.799 Thread 0x000001d512c21000 DEOPT PACKING pc=0x000001d51ba7aa74 sp=0x000000ada3ffcb90
Event: 21.799 Thread 0x000001d512c21000 DEOPT UNPACKING pc=0x000001d51b16964e sp=0x000000ada3ffc0e0 mode 1
Event: 21.799 Thread 0x000001d512c21000 DEOPT PACKING pc=0x000001d51ba8291c sp=0x000000ada3ffcca0
Event: 21.799 Thread 0x000001d512c21000 DEOPT UNPACKING pc=0x000001d51b16964e sp=0x000000ada3ffc210 mode 1
Event: 21.799 Thread 0x000001d512c21000 DEOPT PACKING pc=0x000001d51ba7aa74 sp=0x000000ada3ffcb10
Event: 21.799 Thread 0x000001d512c21000 DEOPT UNPACKING pc=0x000001d51b16964e sp=0x000000ada3ffc060 mode 1
Event: 21.799 Thread 0x000001d512c21000 DEOPT PACKING pc=0x000001d51ba8291c sp=0x000000ada3ffcc20
Event: 21.799 Thread 0x000001d512c21000 DEOPT UNPACKING pc=0x000001d51b16964e sp=0x000000ada3ffc190 mode 1

Classes unloaded (0 events):
No events

Classes redefined (0 events):
No events

Internal exceptions (20 events):
Event: 0.924 Thread 0x000001d512c21000 Exception <a 'sun/nio/fs/WindowsException'{0x0000000088d8bbb8}> (0x0000000088d8bbb8) 
thrown [t:/workspace/open/src/hotspot/share/prims/jni.cpp, line 598]
Event: 0.925 Thread 0x000001d512c21000 Exception <a 'java/lang/NoSuchMethodError'{0x0000000088d8d508}: 'int java.lang.invoke.DirectMethodHandle$Holder.invokeSpecialIFC(java.lang.Object, java.lang.Object, int)'> (0x0000000088d8d508) 
thrown [t:/workspace/open/src/hotspot/share/interpreter/linkResolver.cpp, line 767]
Event: 0.929 Thread 0x000001d512c21000 Exception <a 'java/lang/NoSuchMethodError'{0x0000000088db0660}: 'int java.lang.invoke.DirectMethodHandle$Holder.invokeStaticInit(java.lang.Object, java.lang.Object, java.lang.Object, java.lang.Object)'> (0x0000000088db0660) 
thrown [t:/workspace/open/src/hotspot/share/interpreter/linkResolver.cpp, line 767]
Event: 0.930 Thread 0x000001d512c21000 Exception <a 'java/lang/IncompatibleClassChangeError'{0x0000000088db92f8}: Found class java.lang.Object, but interface was expected> (0x0000000088db92f8) 
thrown [t:/workspace/open/src/hotspot/share/interpreter/linkResolver.cpp, line 833]
Event: 0.930 Thread 0x000001d512c21000 Exception <a 'java/lang/NoSuchMethodError'{0x0000000088dbc4c0}: 'void java.lang.invoke.DirectMethodHandle$Holder.invokeStaticInit(java.lang.Object, java.lang.Object)'> (0x0000000088dbc4c0) 
thrown [t:/workspace/open/src/hotspot/share/interpreter/linkResolver.cpp, line 767]
Event: 0.981 Thread 0x000001d532c00800 Exception <a 'java/lang/NoSuchMethodError'{0x0000000088991ee0}: 'void java.lang.invoke.DirectMethodHandle$Holder.invokeStatic(java.lang.Object, long)'> (0x0000000088991ee0) 
thrown [t:/workspace/open/src/hotspot/share/interpreter/linkResolver.cpp, line 767]
Event: 0.983 Thread 0x000001d532c00800 Exception <a 'java/lang/NoSuchMethodError'{0x000000008899bfb0}: 'java.lang.Object java.lang.invoke.DirectMethodHandle$Holder.invokeStaticInit(java.lang.Object, java.lang.Object, long, java.lang.Object)'> (0x000000008899bfb0) 
thrown [t:/workspace/open/src/hotspot/share/interpreter/linkResolver.cpp, line 767]
Event: 0.983 Thread 0x000001d532c00800 Exception <a 'java/lang/NoSuchMethodError'{0x00000000889a1408}: 'java.lang.Object java.lang.invoke.Invokers$Holder.linkToTargetMethod(java.lang.Object, long, java.lang.Object)'> (0x00000000889a1408) 
thrown [t:/workspace/open/src/hotspot/share/interpreter/linkResolver.cpp, line 767]
Event: 1.533 Thread 0x000001d512c21000 Exception <a 'java/lang/NoSuchMethodError'{0x0000000088762e18}: 'java.lang.Object java.lang.invoke.DirectMethodHandle$Holder.invokeInterface(java.lang.Object, java.lang.Object, java.lang.Object)'> (0x0000000088762e18) 
thrown [t:/workspace/open/src/hotspot/share/interpreter/linkResolver.cpp, line 767]
Event: 1.533 Thread 0x000001d512c21000 Exception <a 'java/lang/IncompatibleClassChangeError'{0x0000000088765e88}: Found class java.lang.Object, but interface was expected> (0x0000000088765e88) 
thrown [t:/workspace/open/src/hotspot/share/interpreter/linkResolver.cpp, line 833]
Event: 1.535 Thread 0x000001d512c21000 Exception <a 'java/lang/NoSuchMethodError'{0x000000008876dcc8}: 'int java.lang.invoke.DirectMethodHandle$Holder.invokeSpecialIFC(java.lang.Object, java.lang.Object, java.lang.Object, java.lang.Object)'> (0x000000008876dcc8) 
thrown [t:/workspace/open/src/hotspot/share/interpreter/linkResolver.cpp, line 767]
Event: 1.536 Thread 0x000001d512c21000 Exception <a 'java/lang/NoSuchMethodError'{0x00000000887759a0}: 'java.lang.Object java.lang.invoke.DirectMethodHandle$Holder.invokeInterface(java.lang.Object, java.lang.Object, java.lang.Object, java.lang.Object)'> (0x00000000887759a0) 
thrown [t:/workspace/open/src/hotspot/share/interpreter/linkResolver.cpp, line 767]
Event: 1.541 Thread 0x000001d512c21000 Exception <a 'java/lang/NoSuchMethodError'{0x000000008879c688}: 'java.lang.Object java.lang.invoke.DirectMethodHandle$Holder.invokeVirtual(java.lang.Object, java.lang.Object, java.lang.Object)'> (0x000000008879c688) 
thrown [t:/workspace/open/src/hotspot/share/interpreter/linkResolver.cpp, line 767]
Event: 1.557 Thread 0x000001d512c21000 Exception <a 'java/lang/NoSuchMethodError'{0x000000008867af98}: 'double java.lang.invoke.DirectMethodHandle$Holder.invokeVirtual(java.lang.Object, java.lang.Object)'> (0x000000008867af98) 
thrown [t:/workspace/open/src/hotspot/share/interpreter/linkResolver.cpp, line 767]
Event: 1.557 Thread 0x000001d512c21000 Exception <a 'java/lang/NoSuchMethodError'{0x0000000088680ad8}: 'float java.lang.invoke.DirectMethodHandle$Holder.invokeVirtual(java.lang.Object, java.lang.Object)'> (0x0000000088680ad8) 
thrown [t:/workspace/open/src/hotspot/share/interpreter/linkResolver.cpp, line 767]
Event: 1.558 Thread 0x000001d512c21000 Exception <a 'java/lang/NoSuchMethodError'{0x0000000088688990}: 'long java.lang.invoke.DirectMethodHandle$Holder.invokeVirtual(java.lang.Object, java.lang.Object)'> (0x0000000088688990) 
thrown [t:/workspace/open/src/hotspot/share/interpreter/linkResolver.cpp, line 767]
Event: 1.569 Thread 0x000001d512c21000 Exception <a 'java/lang/NoSuchMethodError'{0x0000000088527d00}: 'void java.lang.invoke.DirectMethodHandle$Holder.invokeSpecial(java.lang.Object, java.lang.Object, java.lang.Object, java.lang.Object)'> (0x0000000088527d00) 
thrown [t:/workspace/open/src/hotspot/share/interpreter/linkResolver.cpp, line 767]
Event: 1.578 Thread 0x000001d512c21000 Exception <a 'java/lang/NoSuchMethodError'{0x00000000885dba60}: 'void java.lang.invoke.DirectMethodHandle$Holder.invokeSpecial(java.lang.Object, java.lang.Object, java.lang.Object, java.lang.Object, java.lang.Object)'> (0x00000000885dba60) 
thrown [t:/workspace/open/src/hotspot/share/interpreter/linkResolver.cpp, line 767]
Event: 6.438 Thread 0x000001d512c21000 Exception <a 'java/lang/NoSuchMethodError'{0x0000000087d5c320}: 'java.lang.Object java.lang.invoke.DirectMethodHandle$Holder.invokeSpecialIFC(java.lang.Object, java.lang.Object, java.lang.Object)'> (0x0000000087d5c320) 
thrown [t:/workspace/open/src/hotspot/share/interpreter/linkResolver.cpp, line 767]
Event: 6.452 Thread 0x000001d512c21000 Exception <a 'java/lang/ClassNotFoundException'{0x0000000087dfe4c8}: sun/util/logging/resources/spi/loggingProvider> (0x0000000087dfe4c8) 
thrown [t:/workspace/open/src/hotspot/share/classfile/systemDictionary.cpp, line 232]

Events (20 events):
Event: 81.952 Executing VM operation: RevokeBias
Event: 81.952 Executing VM operation: RevokeBias done
Event: 81.952 Executing VM operation: RevokeBias
Event: 81.952 Executing VM operation: RevokeBias done
Event: 81.952 Executing VM operation: RevokeBias
Event: 81.952 Executing VM operation: RevokeBias done
Event: 81.952 Executing VM operation: RevokeBias
Event: 81.952 Executing VM operation: RevokeBias done
Event: 81.953 Executing VM operation: RevokeBias
Event: 81.953 Executing VM operation: RevokeBias done
Event: 81.953 Executing VM operation: RevokeBias
Event: 81.953 Executing VM operation: RevokeBias done
Event: 81.953 Executing VM operation: RevokeBias
Event: 81.953 Executing VM operation: RevokeBias done
Event: 81.953 Executing VM operation: RevokeBias
Event: 81.953 Executing VM operation: RevokeBias done
Event: 81.953 Executing VM operation: RevokeBias
Event: 81.953 Executing VM operation: RevokeBias done
Event: 81.953 Executing VM operation: RevokeBias
Event: 81.954 Executing VM operation: RevokeBias done


Dynamic libraries:
0x00007ff6553d0000 - 0x00007ff6553df000 	C:\Program Files\Java\jdk-13.0.2\bin\javaw.exe
0x00007ffec5e60000 - 0x00007ffec6050000 	C:\Windows\SYSTEM32\ntdll.dll
0x00007ffec4a70000 - 0x00007ffec4b22000 	C:\Windows\System32\KERNEL32.DLL
0x00007ffec30f0000 - 0x00007ffec3393000 	C:\Windows\System32\KERNELBASE.dll
0x00007ffec2df0000 - 0x00007ffec2eea000 	C:\Windows\System32\ucrtbase.dll
0x00007ffea8880000 - 0x00007ffea8898000 	C:\Program Files\Java\jdk-13.0.2\bin\jli.dll
0x00007ffea8820000 - 0x00007ffea8835000 	C:\Program Files\Java\jdk-13.0.2\bin\VCRUNTIME140.dll
0x00007ffec5c90000 - 0x00007ffec5d33000 	C:\Windows\System32\ADVAPI32.dll
0x00007ffec5b40000 - 0x00007ffec5bde000 	C:\Windows\System32\msvcrt.dll
0x00007ffec4020000 - 0x00007ffec40b7000 	C:\Windows\System32\sechost.dll
0x00007ffec40c0000 - 0x00007ffec41e0000 	C:\Windows\System32\RPCRT4.dll
0x00007ffec41e0000 - 0x00007ffec4374000 	C:\Windows\System32\USER32.dll
0x00007ffec33c0000 - 0x00007ffec33e1000 	C:\Windows\System32\win32u.dll
0x00007ffebb7d0000 - 0x00007ffebba55000 	C:\Windows\WinSxS\amd64_microsoft.windows.common-controls_6595b64144ccf1df_6.0.18362.720_none_e6beb5c51314836b\COMCTL32.dll
0x00007ffec5d40000 - 0x00007ffec5d66000 	C:\Windows\System32\GDI32.dll
0x00007ffec3500000 - 0x00007ffec3694000 	C:\Windows\System32\gdi32full.dll
0x00007ffec4f30000 - 0x00007ffec5266000 	C:\Windows\System32\combase.dll
0x00007ffec3e70000 - 0x00007ffec3f0e000 	C:\Windows\System32\msvcp_win.dll
0x00007ffec3450000 - 0x00007ffec34d0000 	C:\Windows\System32\bcryptPrimitives.dll
0x00007ffec1040000 - 0x00007ffec104a000 	C:\Windows\SYSTEM32\VERSION.dll
0x00007ffec4e30000 - 0x00007ffec4e5e000 	C:\Windows\System32\IMM32.DLL
0x00007ffe9ac50000 - 0x00007ffe9aceb000 	C:\Program Files\Java\jdk-13.0.2\bin\msvcp140.dll
0x00007ffe8b880000 - 0x00007ffe8c3dd000 	C:\Program Files\Java\jdk-13.0.2\bin\server\jvm.dll
0x00007ffec3ff0000 - 0x00007ffec3ff8000 	C:\Windows\System32\PSAPI.DLL
0x00007ffebd020000 - 0x00007ffebd029000 	C:\Windows\SYSTEM32\WSOCK32.dll
0x00007ffec04b0000 - 0x00007ffec04d4000 	C:\Windows\SYSTEM32\WINMM.dll
0x00007ffec53d0000 - 0x00007ffec543f000 	C:\Windows\System32\WS2_32.dll
0x00007ffec0020000 - 0x00007ffec004d000 	C:\Windows\SYSTEM32\winmmbase.dll
0x00007ffec36a0000 - 0x00007ffec36ea000 	C:\Windows\System32\cfgmgr32.dll
0x00007ffec2dd0000 - 0x00007ffec2de1000 	C:\Windows\System32\kernel.appcore.dll
0x00007ffebd010000 - 0x00007ffebd020000 	C:\Program Files\Java\jdk-13.0.2\bin\verify.dll
0x00007ffeb4030000 - 0x00007ffeb4224000 	C:\Windows\SYSTEM32\DBGHELP.DLL
0x00007ffeb3f70000 - 0x00007ffeb3f9a000 	C:\Windows\SYSTEM32\dbgcore.DLL
0x00007ffe95c80000 - 0x00007ffe95ca6000 	C:\Program Files\Java\jdk-13.0.2\bin\java.dll
0x00007ffea5420000 - 0x00007ffea5458000 	C:\Program Files\Java\jdk-13.0.2\bin\jdwp.dll
0x00007ffebcf50000 - 0x00007ffebcf67000 	C:\Program Files\Java\jdk-13.0.2\bin\zip.dll
0x00007ffe95c70000 - 0x00007ffe95c7a000 	C:\Program Files\Java\jdk-13.0.2\bin\jimage.dll
0x00007ffec4380000 - 0x00007ffec4a65000 	C:\Windows\System32\SHELL32.dll
0x00007ffec5d70000 - 0x00007ffec5e19000 	C:\Windows\System32\shcore.dll
0x00007ffec36f0000 - 0x00007ffec3e70000 	C:\Windows\System32\windows.storage.dll
0x00007ffec2da0000 - 0x00007ffec2dc3000 	C:\Windows\System32\profapi.dll
0x00007ffec2d50000 - 0x00007ffec2d9a000 	C:\Windows\System32\powrprof.dll
0x00007ffec2d20000 - 0x00007ffec2d30000 	C:\Windows\System32\UMPDC.dll
0x00007ffec3f90000 - 0x00007ffec3fe2000 	C:\Windows\System32\shlwapi.dll
0x00007ffec33a0000 - 0x00007ffec33b7000 	C:\Windows\System32\cryptsp.dll
0x00007ffebf420000 - 0x00007ffebf42b000 	C:\Program Files\Java\jdk-13.0.2\bin\dt_socket.dll
0x00007ffec2590000 - 0x00007ffec25f7000 	C:\Windows\system32\mswsock.dll
0x00007ffec22f0000 - 0x00007ffec23ba000 	C:\Windows\SYSTEM32\DNSAPI.dll
0x00007ffec5b30000 - 0x00007ffec5b38000 	C:\Windows\System32\NSI.dll
0x00007ffec22a0000 - 0x00007ffec22da000 	C:\Windows\SYSTEM32\IPHLPAPI.DLL
0x00007ffeba6e0000 - 0x00007ffeba6ea000 	C:\Windows\System32\rasadhlp.dll
0x00007ffebaa20000 - 0x00007ffebaa97000 	C:\Windows\System32\fwpuclnt.dll
0x00007ffec34d0000 - 0x00007ffec34f6000 	C:\Windows\System32\bcrypt.dll
0x00007ffe95c50000 - 0x00007ffe95c69000 	C:\Program Files\Java\jdk-13.0.2\bin\net.dll
0x00007ffeb9de0000 - 0x00007ffeb9ed1000 	C:\Windows\SYSTEM32\WINHTTP.dll
0x00007ffe95c30000 - 0x00007ffe95c43000 	C:\Program Files\Java\jdk-13.0.2\bin\nio.dll
0x00007ffec2100000 - 0x00007ffec2133000 	C:\Windows\system32\rsaenh.dll
0x00007ffec2c10000 - 0x00007ffec2c35000 	C:\Windows\SYSTEM32\USERENV.dll
0x00007ffec2760000 - 0x00007ffec276c000 	C:\Windows\SYSTEM32\CRYPTBASE.dll
0x00007ffeb8270000 - 0x00007ffeb8286000 	C:\Windows\SYSTEM32\dhcpcsvc6.DLL
0x00007ffeb83e0000 - 0x00007ffeb83fc000 	C:\Windows\SYSTEM32\dhcpcsvc.DLL
0x00007ffe9f2d0000 - 0x00007ffe9f2f5000 	C:\Program Files\Java\jdk-13.0.2\bin\sunec.dll
0x00007ffec06c0000 - 0x00007ffec06ce000 	C:\Program Files\Java\jdk-13.0.2\bin\sunmscapi.dll
0x00007ffec2ef0000 - 0x00007ffec3039000 	C:\Windows\System32\CRYPT32.dll
0x00007ffec2d30000 - 0x00007ffec2d42000 	C:\Windows\System32\MSASN1.dll
0x00007ffec2860000 - 0x00007ffec2886000 	C:\Windows\SYSTEM32\ncrypt.dll
0x00007ffec2820000 - 0x00007ffec285b000 	C:\Windows\SYSTEM32\NTASN1.dll
0x00007ffe9ea40000 - 0x00007ffe9ea56000 	C:\Windows\system32\napinsp.dll
0x00007ffe9ea20000 - 0x00007ffe9ea3a000 	C:\Windows\system32\pnrpnsp.dll
0x00007ffe9f500000 - 0x00007ffe9f50e000 	C:\Windows\System32\winrnr.dll

dbghelp: loaded successfully - version: 4.0.5 - missing functions: none
symbol engine: initialized successfully - sym options: 0x614 - pdb path: .;C:\Program Files\Java\jdk-13.0.2\bin;C:\Windows\SYSTEM32;C:\Windows\WinSxS\amd64_microsoft.windows.common-controls_6595b64144ccf1df_6.0.18362.720_none_e6beb5c51314836b;C:\Program Files\Java\jdk-13.0.2\bin\server

VM Arguments:
jvm_args: -agentlib:jdwp=transport=dt_socket,suspend=y,address=localhost:50513 -ea -Dfile.encoding=Cp1252 
java_command: org.testng.remote.RemoteTestNG -serport 50512 -protocol json -d C:\Users\ADMIN\Desktop\Codebase\Finsys\test-output C:\Users\ADMIN\AppData\Local\Temp\testng-eclipse-856350335\testng-customsuite.xml
java_class_path (initial): C:\Users\ADMIN\eclipse\java-2019-12\eclipse\configuration\org.eclipse.osgi\523\0\.cp\lib\testng-remote.jar;C:\Users\ADMIN\Desktop\Codebase\Finsys\target\test-classes;C:\Users\ADMIN\Desktop\Codebase\Finsys\target\classes;C:\Users\ADMIN\.m2\repository\org\seleniumhq\selenium\selenium-java\3.141.59\selenium-java-3.141.59.jar;C:\Users\ADMIN\.m2\repository\org\seleniumhq\selenium\selenium-api\3.141.59\selenium-api-3.141.59.jar;C:\Users\ADMIN\.m2\repository\org\seleniumhq\selenium\selenium-chrome-driver\3.141.59\selenium-chrome-driver-3.141.59.jar;C:\Users\ADMIN\.m2\repository\org\seleniumhq\selenium\selenium-edge-driver\3.141.59\selenium-edge-driver-3.141.59.jar;C:\Users\ADMIN\.m2\repository\org\seleniumhq\selenium\selenium-firefox-driver\3.141.59\selenium-firefox-driver-3.141.59.jar;C:\Users\ADMIN\.m2\repository\org\seleniumhq\selenium\selenium-ie-driver\3.141.59\selenium-ie-driver-3.141.59.jar;C:\Users\ADMIN\.m2\repository\org\seleniumhq\selenium\selenium-opera-driver\3.141.59\selenium-opera-driver-3.141.59.jar;C:\Users\ADMIN\.m2\repository\org\seleniumhq\selenium\selenium-remote-driver\3.141.59\selenium-remote-driver-3.141.59.jar;C:\Users\ADMIN\.m2\repository\org\seleniumhq\selenium\selenium-safari-driver\3.141.59\selenium-safari-driver-3.141.59.jar;C:\Users\ADMIN\.m2\repository\org\seleniumhq\selenium\selenium-support\3.141.59\selenium-support-3.141.59.jar;C:\Users\ADMIN\.m2\repository\net\bytebuddy\byte-buddy\1.8.15\byte-buddy-1.8.15.jar;C:\Users\ADMIN\.m2\repository\org\apache\commons\commons-exec\1.3\commons-exec-1.3.jar;C:\Users\ADMIN\.m2\repository\com\google\guava\guava\25.0-jre\guava-25.0-jre.jar;C:\Users\ADMIN\.m2\repository\com\google\code\findbugs\jsr305\1.3.9\jsr305-1.3.9.jar;C:\Users\ADMIN\.m2\repository\org\checkerframework\checker-compat-qual\2.0.0\checker-compat-qual-2.0.0.jar;C:\Users\ADMIN\.m2\repository\com\google\errorprone\error_prone_annotations\2.1.3\error_prone_annotations-2.1.3.jar;C:\Users\ADMIN\.m2\repository\com
Launcher Type: SUN_STANDARD

[Global flags]
     intx CICompilerCount                          = 3                                         {product} {ergonomic}
     uint ConcGCThreads                            = 2                                         {product} {ergonomic}
     uint G1ConcRefinementThreads                  = 6                                         {product} {ergonomic}
   size_t G1HeapRegionSize                         = 1048576                                   {product} {ergonomic}
    uintx GCDrainStackTargetSize                   = 64                                        {product} {ergonomic}
   size_t InitialHeapSize                          = 134217728                                 {product} {ergonomic}
   size_t MarkStackSize                            = 4194304                                   {product} {ergonomic}
   size_t MaxHeapSize                              = 2130706432                                {product} {ergonomic}
   size_t MaxNewSize                               = 1278214144                                {product} {ergonomic}
   size_t MinHeapDeltaBytes                        = 1048576                                   {product} {ergonomic}
   size_t MinHeapSize                              = 8388608                                   {product} {ergonomic}
    uintx NonNMethodCodeHeapSize                   = 5832780                                {pd product} {ergonomic}
    uintx NonProfiledCodeHeapSize                  = 122912730                              {pd product} {ergonomic}
    uintx ProfiledCodeHeapSize                     = 122912730                              {pd product} {ergonomic}
    uintx ReservedCodeCacheSize                    = 251658240                              {pd product} {ergonomic}
     bool SegmentedCodeCache                       = true                                      {product} {ergonomic}
   size_t SoftMaxHeapSize                          = 2130706432                             {manageable} {ergonomic}
     bool UseCompressedClassPointers               = true                                 {lp64_product} {ergonomic}
     bool UseCompressedOops                        = true                                 {lp64_product} {ergonomic}
     bool UseG1GC                                  = true                                      {product} {ergonomic}
     bool UseLargePagesIndividualAllocation        = false                                  {pd product} {ergonomic}

Logging:
Log output configuration:
 #0: stdout all=warning uptime,level,tags
 #1: stderr all=off uptime,level,tags

Environment Variables:
PATH=C:/Program Files/Java/jdk-13.0.2/bin/server;C:/Program Files/Java/jdk-13.0.2/bin;C:\Windows\system32;C:\Windows;C:\Windows\System32\Wbem;C:\Windows\System32\WindowsPowerShell\v1.0\;C:\Windows\System32\OpenSSH\;C:\Program Files (x86)\NVIDIA Corporation\PhysX\Common;C:\Program Files\NVIDIA Corporation\NVIDIA NvDLISR;C:\Program Files\Microsoft SQL Server\130\Tools\Binn\;C:\Program Files\Microsoft SQL Server\Client SDK\ODBC\170\Tools\Binn\;C:\Program Files (x86)\Microsoft SQL Server\150\DTS\Binn\;C:\Program Files\Microsoft SQL Server\Client SDK\ODBC\130\Tools\Binn\;C:\Program Files (x86)\Microsoft SQL Server\140\Tools\Binn\;C:\Program Files\Microsoft SQL Server\140\Tools\Binn\;C:\Program Files\Microsoft SQL Server\140\DTS\Binn\;C:\Program Files\Git\cmd;C:\Program Files\dotnet\;C:\Program Files\Java\jdk-13.0.2\bin;C:\Users\ADMIN\AppData\Local\Microsoft\WindowsApps;C:\AppServ\Apache2.2\bin;C:\AppServ\php5;C:\AppServ\MySQL\bin;C:\Users\ADMIN\Desktop;
USERNAME=ADMIN
OS=Windows_NT
PROCESSOR_IDENTIFIER=Intel64 Family 6 Model 158 Stepping 10, GenuineIntel



---------------  S Y S T E M  ---------------

OS: Windows 10 , 64 bit Build 18362 (10.0.18362.329)

CPU:total 6 (initial active 6) (6 cores per cpu, 1 threads per core) family 6 model 158 stepping 10, cmov, cx8, fxsr, mmx, sse, sse2, sse3, ssse3, sse4.1, sse4.2, popcnt, avx, avx2, aes, clmul, erms, 3dnowpref, lzcnt, tsc, tscinvbit, bmi1, bmi2, adx, fma

Memory: 4k page, system-wide physical 8127M (1699M free)
TotalPageFile size 32703M (AvailPageFile size 320M)
current process WorkingSet (physical memory assigned to process): 91M, peak: 91M
current process commit charge ("private bytes"): 231M, peak: 234M

vm_info: Java HotSpot(TM) 64-Bit Server VM (13.0.2+8) for windows-amd64 JRE (13.0.2+8), built on Dec 11 2019 09:20:33 by "mach5one" with unknown MS VC++:1916

END.
